[2018-11-15 17:16:04] -- [WARN ]: [com.example.jwt.security.JwtAuthorizationTokenFilter] -- couldn't find bearer string, will ignore the header
[2018-11-15 17:16:11] -- [WARN ]: [com.example.jwt.security.JwtAuthorizationTokenFilter] -- couldn't find bearer string, will ignore the header
[2018-11-15 17:16:13] -- [WARN ]: [com.example.jwt.security.JwtAuthorizationTokenFilter] -- couldn't find bearer string, will ignore the header
[2018-11-15 17:18:29] -- [WARN ]: [com.example.jwt.security.JwtAuthorizationTokenFilter] -- couldn't find bearer string, will ignore the header
[2018-11-15 17:18:29] -- [WARN ]: [com.example.jwt.security.JwtAuthorizationTokenFilter] -- couldn't find bearer string, will ignore the header
[2018-11-15 17:41:03] -- [WARN ]: [com.example.jwt.security.JwtAuthorizationTokenFilter] -- couldn't find bearer string, will ignore the header
[2018-11-15 17:41:15] -- [WARN ]: [org.hibernate.engine.jdbc.spi.SqlExceptionHelper] -- SQL Error: 1452, SQLState: 23000
[2018-11-15 17:43:33] -- [WARN ]: [com.zaxxer.hikari.pool.HikariPool] -- HikariPool-1 - Thread starvation or clock leap detected (housekeeper delta=2m18s970ms919µs756ns).
[2018-11-15 18:22:49] -- [WARN ]: [com.zaxxer.hikari.pool.HikariPool] -- HikariPool-1 - Thread starvation or clock leap detected (housekeeper delta=39m16s91ms924µs627ns).
[2018-11-15 18:24:07] -- [WARN ]: [com.example.jwt.security.JwtAuthorizationTokenFilter] -- couldn't find bearer string, will ignore the header
[2018-11-15 18:24:41] -- [WARN ]: [org.hibernate.engine.jdbc.spi.SqlExceptionHelper] -- SQL Error: 1452, SQLState: 23000
[2018-11-15 18:26:12] -- [WARN ]: [com.zaxxer.hikari.pool.HikariPool] -- HikariPool-1 - Thread starvation or clock leap detected (housekeeper delta=1m22s942ms945µs421ns).
[2018-11-15 18:27:07] -- [WARN ]: [org.apache.catalina.loader.WebappClassLoaderBase] -- The web application [ROOT] appears to have started a thread named [__DEFAULT__] but has failed to stop it. This is very likely to create a memory leak. Stack trace of thread:
 java.lang.Object.wait(Native Method)
 java.lang.Object.wait(Object.java:502)
 java.util.TimerThread.mainLoop(Timer.java:526)
 java.util.TimerThread.run(Timer.java:505)
[2018-11-15 18:27:07] -- [WARN ]: [org.apache.catalina.loader.WebappClassLoaderBase] -- The web application [ROOT] appears to have started a thread named [Statistics Thread-__DEFAULT__-1] but has failed to stop it. This is very likely to create a memory leak. Stack trace of thread:
 sun.misc.Unsafe.park(Native Method)
 java.util.concurrent.locks.LockSupport.parkNanos(LockSupport.java:215)
 java.util.concurrent.locks.AbstractQueuedSynchronizer$ConditionObject.awaitNanos(AbstractQueuedSynchronizer.java:2078)
 java.util.concurrent.ScheduledThreadPoolExecutor$DelayedWorkQueue.take(ScheduledThreadPoolExecutor.java:1093)
 java.util.concurrent.ScheduledThreadPoolExecutor$DelayedWorkQueue.take(ScheduledThreadPoolExecutor.java:809)
 java.util.concurrent.ThreadPoolExecutor.getTask(ThreadPoolExecutor.java:1067)
 java.util.concurrent.ThreadPoolExecutor.runWorker(ThreadPoolExecutor.java:1127)
 java.util.concurrent.ThreadPoolExecutor$Worker.run(ThreadPoolExecutor.java:617)
 java.lang.Thread.run(Thread.java:745)
[2018-11-15 18:27:07] -- [WARN ]: [org.apache.catalina.loader.WebappClassLoaderBase] -- The web application [ROOT] appears to have started a thread named [HikariPool-1 housekeeper] but has failed to stop it. This is very likely to create a memory leak. Stack trace of thread:
 sun.misc.Unsafe.park(Native Method)
 java.util.concurrent.locks.LockSupport.parkNanos(LockSupport.java:215)
 java.util.concurrent.locks.AbstractQueuedSynchronizer$ConditionObject.awaitNanos(AbstractQueuedSynchronizer.java:2078)
 java.util.concurrent.ScheduledThreadPoolExecutor$DelayedWorkQueue.take(ScheduledThreadPoolExecutor.java:1093)
 java.util.concurrent.ScheduledThreadPoolExecutor$DelayedWorkQueue.take(ScheduledThreadPoolExecutor.java:809)
 java.util.concurrent.ThreadPoolExecutor.getTask(ThreadPoolExecutor.java:1067)
 java.util.concurrent.ThreadPoolExecutor.runWorker(ThreadPoolExecutor.java:1127)
 java.util.concurrent.ThreadPoolExecutor$Worker.run(ThreadPoolExecutor.java:617)
 java.lang.Thread.run(Thread.java:745)
[2018-11-15 18:34:02] -- [WARN ]: [com.example.jwt.security.JwtAuthorizationTokenFilter] -- couldn't find bearer string, will ignore the header
[2018-11-15 18:34:47] -- [WARN ]: [com.zaxxer.hikari.pool.HikariPool] -- HikariPool-1 - Thread starvation or clock leap detected (housekeeper delta=47s541ms197µs960ns).
