[2018-11-14 09:03:22] -- [WARN ]: [com.zaxxer.hikari.pool.HikariPool] -- HikariPool-1 - Thread starvation or clock leap detected (housekeeper delta=6h2m5s207ms926µs697ns).
[2018-11-14 11:14:19] -- [WARN ]: [com.example.jwt.security.JwtAuthorizationTokenFilter] -- couldn't find bearer string, will ignore the header
[2018-11-14 11:15:02] -- [WARN ]: [com.example.jwt.security.JwtAuthorizationTokenFilter] -- couldn't find bearer string, will ignore the header
[2018-11-14 11:30:18] -- [WARN ]: [com.example.jwt.security.JwtAuthorizationTokenFilter] -- couldn't find bearer string, will ignore the header
[2018-11-14 11:30:22] -- [WARN ]: [com.example.jwt.security.JwtAuthorizationTokenFilter] -- couldn't find bearer string, will ignore the header
[2018-11-14 11:30:23] -- [WARN ]: [com.example.jwt.security.JwtAuthorizationTokenFilter] -- couldn't find bearer string, will ignore the header
[2018-11-14 20:16:51] -- [WARN ]: [org.apache.catalina.loader.WebappClassLoaderBase] -- The web application [ROOT] appears to have started a thread named [__DEFAULT__] but has failed to stop it. This is very likely to create a memory leak. Stack trace of thread:
 java.lang.Object.wait(Native Method)
 java.lang.Object.wait(Object.java:502)
 java.util.TimerThread.mainLoop(Timer.java:526)
 java.util.TimerThread.run(Timer.java:505)
[2018-11-14 20:16:51] -- [WARN ]: [org.apache.catalina.loader.WebappClassLoaderBase] -- The web application [ROOT] appears to have started a thread named [Statistics Thread-__DEFAULT__-1] but has failed to stop it. This is very likely to create a memory leak. Stack trace of thread:
 sun.misc.Unsafe.park(Native Method)
 java.util.concurrent.locks.LockSupport.parkNanos(LockSupport.java:215)
 java.util.concurrent.locks.AbstractQueuedSynchronizer$ConditionObject.awaitNanos(AbstractQueuedSynchronizer.java:2078)
 java.util.concurrent.ScheduledThreadPoolExecutor$DelayedWorkQueue.take(ScheduledThreadPoolExecutor.java:1093)
 java.util.concurrent.ScheduledThreadPoolExecutor$DelayedWorkQueue.take(ScheduledThreadPoolExecutor.java:809)
 java.util.concurrent.ThreadPoolExecutor.getTask(ThreadPoolExecutor.java:1067)
 java.util.concurrent.ThreadPoolExecutor.runWorker(ThreadPoolExecutor.java:1127)
 java.util.concurrent.ThreadPoolExecutor$Worker.run(ThreadPoolExecutor.java:617)
 java.lang.Thread.run(Thread.java:745)
[2018-11-14 20:16:51] -- [WARN ]: [org.apache.catalina.loader.WebappClassLoaderBase] -- The web application [ROOT] appears to have started a thread named [HikariPool-1 housekeeper] but has failed to stop it. This is very likely to create a memory leak. Stack trace of thread:
 sun.misc.Unsafe.park(Native Method)
 java.util.concurrent.locks.LockSupport.parkNanos(LockSupport.java:215)
 java.util.concurrent.locks.AbstractQueuedSynchronizer$ConditionObject.awaitNanos(AbstractQueuedSynchronizer.java:2078)
 java.util.concurrent.ScheduledThreadPoolExecutor$DelayedWorkQueue.take(ScheduledThreadPoolExecutor.java:1093)
 java.util.concurrent.ScheduledThreadPoolExecutor$DelayedWorkQueue.take(ScheduledThreadPoolExecutor.java:809)
 java.util.concurrent.ThreadPoolExecutor.getTask(ThreadPoolExecutor.java:1067)
 java.util.concurrent.ThreadPoolExecutor.runWorker(ThreadPoolExecutor.java:1127)
 java.util.concurrent.ThreadPoolExecutor$Worker.run(ThreadPoolExecutor.java:617)
 java.lang.Thread.run(Thread.java:745)
[2018-11-14 23:01:08] -- [WARN ]: [com.example.jwt.security.JwtAuthorizationTokenFilter] -- couldn't find bearer string, will ignore the header
[2018-11-14 23:01:21] -- [WARN ]: [com.example.jwt.security.JwtAuthorizationTokenFilter] -- couldn't find bearer string, will ignore the header
[2018-11-14 23:01:30] -- [WARN ]: [com.example.jwt.security.JwtAuthorizationTokenFilter] -- couldn't find bearer string, will ignore the header
[2018-11-14 23:15:58] -- [WARN ]: [com.example.jwt.security.JwtAuthorizationTokenFilter] -- couldn't find bearer string, will ignore the header
[2018-11-14 23:18:10] -- [WARN ]: [com.example.jwt.security.JwtAuthorizationTokenFilter] -- couldn't find bearer string, will ignore the header
