[2018-11-20 12:08:46] -- [INFO ]: [com.example.jwt.JwtApplication] -- Starting JwtApplication on DESKTOP-A1D8L3V with PID 12624 (started by 14241 in F:\Java_projects\jwt\2018年10月16日\jwt_ecache_aop_logback)
[2018-11-20 12:08:46] -- [INFO ]: [com.example.jwt.JwtApplication] -- The following profiles are active: dev
[2018-11-20 12:08:56] -- [INFO ]: [org.apache.coyote.http11.Http11NioProtocol] -- Initializing ProtocolHandler ["http-nio-8080"]
[2018-11-20 12:08:56] -- [INFO ]: [org.apache.catalina.core.StandardService] -- Starting service [Tomcat]
[2018-11-20 12:08:56] -- [INFO ]: [org.apache.catalina.core.StandardEngine] -- Starting Servlet Engine: Apache Tomcat/8.5.34
[2018-11-20 12:08:56] -- [INFO ]: [org.apache.catalina.core.AprLifecycleListener] -- The APR based Apache Tomcat Native library which allows optimal performance in production environments was not found on the java.library.path: [F:\Java\jdk 1.8\bin;C:\Windows\Sun\Java\bin;C:\Windows\system32;C:\Windows;C:\Program Files\NVIDIA GPU Computing Toolkit\CUDA\v8.0\lib\x64;C:\Program Files\NVIDIA GPU Computing Toolkit\CUDA\v8.0;C:\Program Files\NVIDIA GPU Computing Toolkit\CUDA\v8.0\bin;C:\Program Files\NVIDIA GPU Computing Toolkit\CUDA\v8.0\libnvvp;F:\node.js\node_global;C:\Program Files\MySQL\MySQL Server 5.7\bin;F:\Java\spring-2.1.0.BUILD-SNAPSHOT\bin;%F:\Java\gradle-4.9\bin;C:\ProgramData\Oracle\Java\javapath;F:\Java\jdk 1.8\bin;F:\Java\jdk 1.8\jre\bin;F:\Java\apache-maven-3.5.4\bin;G:\Python3.5\;G:\Python3.5\Scripts;F:\Python\;F:\Python\Scripts;C:\Windows\system32;C:\Windows;C:\Windows\System32\Wbem;C:\Windows\System32\WindowsPowerShell\v1.0\;C:\Program Files\Microsoft SQL Server\110\Tools\Binn\;C:\Program Files\Microsoft SQL Server\120\Tools\Binn\;c:\Program Files (x86)\Microsoft SQL Server\100\Tools\Binn\;c:\Program Files\Microsoft SQL Server\100\Tools\Binn\;c:\Program Files\Microsoft SQL Server\100\DTS\Binn\;F:\Matlab2015b\runtime\win64;F:\Matlab2015b\bin;F:\Matlab2015b\polyspace\bin;F:\TortoiseSVN\bin;C:\Program Files (x86)\Windows Kits\8.1\Windows Performance Toolkit\;F:\mysql\bin;C:\Program Files (x86)\MySQL\MySQL Utilities 1.6\;F:\git for windows\Git\cmd;F:\node.js\;C:\Program Files\Intel\WiFi\bin\;C:\Program Files\Common Files\Intel\WirelessCommon\;C:\Program Files (x86)\NVIDIA Corporation\PhysX\Common;F:\Java_projects\redis\;G:\python3.5\Scripts\;G:\python3.5\;F:\anaconda 3.5.1;F:\anaconda 3.5.1\Library\mingw-w64\bin;F:\anaconda 3.5.1\Library\usr\bin;F:\anaconda 3.5.1\Library\bin;F:\anaconda 3.5.1\Scripts;C:\Users\14241\AppData\Local\Microsoft\WindowsApps;C:\Users\14241\AppData\Roaming\npm;C:\Program Files\Intel\WiFi\bin\;C:\Program Files\Common Files\Intel\WirelessCommon\;F:\Visual studio code\Microsoft VS Code\bin;.]
[2018-11-20 12:08:56] -- [INFO ]: [org.apache.catalina.core.ContainerBase.[Tomcat].[localhost].[/]] -- Initializing Spring embedded WebApplicationContext
[2018-11-20 12:08:58] -- [INFO ]: [com.zaxxer.hikari.HikariDataSource] -- HikariPool-1 - Starting...
[2018-11-20 12:09:00] -- [INFO ]: [org.hibernate.jpa.internal.util.LogHelper] -- HHH000204: Processing PersistenceUnitInfo [
	name: default
	...]
[2018-11-20 12:09:00] -- [INFO ]: [org.hibernate.Version] -- HHH000412: Hibernate Core {5.2.8.Final}
[2018-11-20 12:09:00] -- [INFO ]: [org.hibernate.cfg.Environment] -- HHH000206: hibernate.properties not found
[2018-11-20 12:09:00] -- [INFO ]: [org.hibernate.annotations.common.Version] -- HCANN000001: Hibernate Commons Annotations {5.0.1.Final}
[2018-11-20 12:09:01] -- [INFO ]: [com.zaxxer.hikari.HikariDataSource] -- HikariPool-1 - Starting...
[2018-11-20 12:09:02] -- [INFO ]: [org.apache.catalina.core.StandardService] -- Stopping service [Tomcat]
[2018-11-20 12:22:35] -- [INFO ]: [com.example.jwt.JwtApplication] -- Starting JwtApplication on DESKTOP-A1D8L3V with PID 17788 (started by 14241 in F:\Java_projects\jwt\2018年10月16日\jwt_ecache_aop_logback)
[2018-11-20 12:22:35] -- [INFO ]: [com.example.jwt.JwtApplication] -- The following profiles are active: dev
[2018-11-20 12:22:45] -- [INFO ]: [org.apache.coyote.http11.Http11NioProtocol] -- Initializing ProtocolHandler ["http-nio-8080"]
[2018-11-20 12:22:45] -- [INFO ]: [org.apache.catalina.core.StandardService] -- Starting service [Tomcat]
[2018-11-20 12:22:45] -- [INFO ]: [org.apache.catalina.core.StandardEngine] -- Starting Servlet Engine: Apache Tomcat/8.5.34
[2018-11-20 12:22:45] -- [INFO ]: [org.apache.catalina.core.AprLifecycleListener] -- The APR based Apache Tomcat Native library which allows optimal performance in production environments was not found on the java.library.path: [F:\Java\jdk 1.8\bin;C:\Windows\Sun\Java\bin;C:\Windows\system32;C:\Windows;C:\Program Files\NVIDIA GPU Computing Toolkit\CUDA\v8.0\lib\x64;C:\Program Files\NVIDIA GPU Computing Toolkit\CUDA\v8.0;C:\Program Files\NVIDIA GPU Computing Toolkit\CUDA\v8.0\bin;C:\Program Files\NVIDIA GPU Computing Toolkit\CUDA\v8.0\libnvvp;F:\node.js\node_global;C:\Program Files\MySQL\MySQL Server 5.7\bin;F:\Java\spring-2.1.0.BUILD-SNAPSHOT\bin;%F:\Java\gradle-4.9\bin;C:\ProgramData\Oracle\Java\javapath;F:\Java\jdk 1.8\bin;F:\Java\jdk 1.8\jre\bin;F:\Java\apache-maven-3.5.4\bin;G:\Python3.5\;G:\Python3.5\Scripts;F:\Python\;F:\Python\Scripts;C:\Windows\system32;C:\Windows;C:\Windows\System32\Wbem;C:\Windows\System32\WindowsPowerShell\v1.0\;C:\Program Files\Microsoft SQL Server\110\Tools\Binn\;C:\Program Files\Microsoft SQL Server\120\Tools\Binn\;c:\Program Files (x86)\Microsoft SQL Server\100\Tools\Binn\;c:\Program Files\Microsoft SQL Server\100\Tools\Binn\;c:\Program Files\Microsoft SQL Server\100\DTS\Binn\;F:\Matlab2015b\runtime\win64;F:\Matlab2015b\bin;F:\Matlab2015b\polyspace\bin;F:\TortoiseSVN\bin;C:\Program Files (x86)\Windows Kits\8.1\Windows Performance Toolkit\;F:\mysql\bin;C:\Program Files (x86)\MySQL\MySQL Utilities 1.6\;F:\git for windows\Git\cmd;F:\node.js\;C:\Program Files\Intel\WiFi\bin\;C:\Program Files\Common Files\Intel\WirelessCommon\;C:\Program Files (x86)\NVIDIA Corporation\PhysX\Common;F:\Java_projects\redis\;G:\python3.5\Scripts\;G:\python3.5\;F:\anaconda 3.5.1;F:\anaconda 3.5.1\Library\mingw-w64\bin;F:\anaconda 3.5.1\Library\usr\bin;F:\anaconda 3.5.1\Library\bin;F:\anaconda 3.5.1\Scripts;C:\Users\14241\AppData\Local\Microsoft\WindowsApps;C:\Users\14241\AppData\Roaming\npm;C:\Program Files\Intel\WiFi\bin\;C:\Program Files\Common Files\Intel\WirelessCommon\;F:\Visual studio code\Microsoft VS Code\bin;.]
[2018-11-20 12:22:45] -- [INFO ]: [org.apache.catalina.core.ContainerBase.[Tomcat].[localhost].[/]] -- Initializing Spring embedded WebApplicationContext
[2018-11-20 12:22:46] -- [INFO ]: [com.zaxxer.hikari.HikariDataSource] -- HikariPool-1 - Starting...
[2018-11-20 12:22:47] -- [INFO ]: [com.zaxxer.hikari.HikariDataSource] -- HikariPool-1 - Start completed.
[2018-11-20 12:22:47] -- [INFO ]: [org.hibernate.jpa.internal.util.LogHelper] -- HHH000204: Processing PersistenceUnitInfo [
	name: default
	...]
[2018-11-20 12:22:48] -- [INFO ]: [org.hibernate.Version] -- HHH000412: Hibernate Core {5.2.8.Final}
[2018-11-20 12:22:48] -- [INFO ]: [org.hibernate.cfg.Environment] -- HHH000206: hibernate.properties not found
[2018-11-20 12:22:48] -- [INFO ]: [org.hibernate.annotations.common.Version] -- HCANN000001: Hibernate Commons Annotations {5.0.1.Final}
[2018-11-20 12:22:48] -- [INFO ]: [org.hibernate.dialect.Dialect] -- HHH000400: Using dialect: org.hibernate.dialect.MySQL5Dialect
[2018-11-20 12:22:48] -- [INFO ]: [org.hibernate.envers.boot.internal.EnversServiceImpl] -- Envers integration enabled? : true
[2018-11-20 12:23:00] -- [INFO ]: [springfox.documentation.spring.web.PropertySourcedRequestMappingHandlerMapping] -- Mapped URL path [/api-docs] onto method [public org.springframework.http.ResponseEntity<springfox.documentation.spring.web.json.Json> springfox.documentation.swagger2.web.Swagger2Controller.getDocumentation(java.lang.String,javax.servlet.http.HttpServletRequest)]
[2018-11-20 12:23:02] -- [INFO ]: [springfox.documentation.spring.web.plugins.DocumentationPluginsBootstrapper] -- Context refreshed
[2018-11-20 12:23:02] -- [INFO ]: [springfox.documentation.spring.web.plugins.DocumentationPluginsBootstrapper] -- Found 1 custom documentation plugin(s)
[2018-11-20 12:23:02] -- [INFO ]: [springfox.documentation.spring.web.scanners.ApiListingReferenceScanner] -- Scanning for api listing references
[2018-11-20 12:23:03] -- [INFO ]: [org.apache.coyote.http11.Http11NioProtocol] -- Starting ProtocolHandler ["http-nio-8080"]
[2018-11-20 12:23:04] -- [INFO ]: [org.apache.coyote.http11.Http11NioProtocol] -- Pausing ProtocolHandler ["http-nio-8080"]
[2018-11-20 12:23:04] -- [INFO ]: [org.apache.catalina.core.StandardService] -- Stopping service [Tomcat]
[2018-11-20 12:23:04] -- [INFO ]: [org.apache.catalina.util.LifecycleBase] -- The stop() method was called on component [StandardServer[-1]] after stop() had already been called. The second call will be ignored.
[2018-11-20 12:23:04] -- [INFO ]: [org.apache.coyote.http11.Http11NioProtocol] -- Stopping ProtocolHandler ["http-nio-8080"]
[2018-11-20 12:23:04] -- [INFO ]: [org.apache.coyote.http11.Http11NioProtocol] -- Destroying ProtocolHandler ["http-nio-8080"]
[2018-11-20 12:23:04] -- [INFO ]: [com.zaxxer.hikari.HikariDataSource] -- HikariPool-1 - Shutdown initiated...
[2018-11-20 12:23:04] -- [INFO ]: [com.zaxxer.hikari.HikariDataSource] -- HikariPool-1 - Shutdown completed.
[2018-11-20 12:23:36] -- [INFO ]: [com.example.jwt.JwtApplication] -- Starting JwtApplication on DESKTOP-A1D8L3V with PID 12724 (started by 14241 in F:\Java_projects\jwt\2018年10月16日\jwt_ecache_aop_logback)
[2018-11-20 12:23:36] -- [INFO ]: [com.example.jwt.JwtApplication] -- The following profiles are active: dev
[2018-11-20 12:23:46] -- [INFO ]: [org.apache.coyote.http11.Http11NioProtocol] -- Initializing ProtocolHandler ["http-nio-8081"]
[2018-11-20 12:23:46] -- [INFO ]: [org.apache.catalina.core.StandardService] -- Starting service [Tomcat]
[2018-11-20 12:23:46] -- [INFO ]: [org.apache.catalina.core.StandardEngine] -- Starting Servlet Engine: Apache Tomcat/8.5.34
[2018-11-20 12:23:46] -- [INFO ]: [org.apache.catalina.core.AprLifecycleListener] -- The APR based Apache Tomcat Native library which allows optimal performance in production environments was not found on the java.library.path: [F:\Java\jdk 1.8\bin;C:\Windows\Sun\Java\bin;C:\Windows\system32;C:\Windows;C:\Program Files\NVIDIA GPU Computing Toolkit\CUDA\v8.0\lib\x64;C:\Program Files\NVIDIA GPU Computing Toolkit\CUDA\v8.0;C:\Program Files\NVIDIA GPU Computing Toolkit\CUDA\v8.0\bin;C:\Program Files\NVIDIA GPU Computing Toolkit\CUDA\v8.0\libnvvp;F:\node.js\node_global;C:\Program Files\MySQL\MySQL Server 5.7\bin;F:\Java\spring-2.1.0.BUILD-SNAPSHOT\bin;%F:\Java\gradle-4.9\bin;C:\ProgramData\Oracle\Java\javapath;F:\Java\jdk 1.8\bin;F:\Java\jdk 1.8\jre\bin;F:\Java\apache-maven-3.5.4\bin;G:\Python3.5\;G:\Python3.5\Scripts;F:\Python\;F:\Python\Scripts;C:\Windows\system32;C:\Windows;C:\Windows\System32\Wbem;C:\Windows\System32\WindowsPowerShell\v1.0\;C:\Program Files\Microsoft SQL Server\110\Tools\Binn\;C:\Program Files\Microsoft SQL Server\120\Tools\Binn\;c:\Program Files (x86)\Microsoft SQL Server\100\Tools\Binn\;c:\Program Files\Microsoft SQL Server\100\Tools\Binn\;c:\Program Files\Microsoft SQL Server\100\DTS\Binn\;F:\Matlab2015b\runtime\win64;F:\Matlab2015b\bin;F:\Matlab2015b\polyspace\bin;F:\TortoiseSVN\bin;C:\Program Files (x86)\Windows Kits\8.1\Windows Performance Toolkit\;F:\mysql\bin;C:\Program Files (x86)\MySQL\MySQL Utilities 1.6\;F:\git for windows\Git\cmd;F:\node.js\;C:\Program Files\Intel\WiFi\bin\;C:\Program Files\Common Files\Intel\WirelessCommon\;C:\Program Files (x86)\NVIDIA Corporation\PhysX\Common;F:\Java_projects\redis\;G:\python3.5\Scripts\;G:\python3.5\;F:\anaconda 3.5.1;F:\anaconda 3.5.1\Library\mingw-w64\bin;F:\anaconda 3.5.1\Library\usr\bin;F:\anaconda 3.5.1\Library\bin;F:\anaconda 3.5.1\Scripts;C:\Users\14241\AppData\Local\Microsoft\WindowsApps;C:\Users\14241\AppData\Roaming\npm;C:\Program Files\Intel\WiFi\bin\;C:\Program Files\Common Files\Intel\WirelessCommon\;F:\Visual studio code\Microsoft VS Code\bin;.]
[2018-11-20 12:23:46] -- [INFO ]: [org.apache.catalina.core.ContainerBase.[Tomcat].[localhost].[/]] -- Initializing Spring embedded WebApplicationContext
[2018-11-20 12:23:48] -- [INFO ]: [com.zaxxer.hikari.HikariDataSource] -- HikariPool-1 - Starting...
[2018-11-20 12:23:49] -- [INFO ]: [com.zaxxer.hikari.HikariDataSource] -- HikariPool-1 - Start completed.
[2018-11-20 12:23:49] -- [INFO ]: [org.hibernate.jpa.internal.util.LogHelper] -- HHH000204: Processing PersistenceUnitInfo [
	name: default
	...]
[2018-11-20 12:23:49] -- [INFO ]: [org.hibernate.Version] -- HHH000412: Hibernate Core {5.2.8.Final}
[2018-11-20 12:23:49] -- [INFO ]: [org.hibernate.cfg.Environment] -- HHH000206: hibernate.properties not found
[2018-11-20 12:23:49] -- [INFO ]: [org.hibernate.annotations.common.Version] -- HCANN000001: Hibernate Commons Annotations {5.0.1.Final}
[2018-11-20 12:23:50] -- [INFO ]: [org.hibernate.dialect.Dialect] -- HHH000400: Using dialect: org.hibernate.dialect.MySQL5Dialect
[2018-11-20 12:23:50] -- [INFO ]: [org.hibernate.envers.boot.internal.EnversServiceImpl] -- Envers integration enabled? : true
[2018-11-20 12:24:02] -- [INFO ]: [springfox.documentation.spring.web.PropertySourcedRequestMappingHandlerMapping] -- Mapped URL path [/api-docs] onto method [public org.springframework.http.ResponseEntity<springfox.documentation.spring.web.json.Json> springfox.documentation.swagger2.web.Swagger2Controller.getDocumentation(java.lang.String,javax.servlet.http.HttpServletRequest)]
[2018-11-20 12:24:05] -- [INFO ]: [springfox.documentation.spring.web.plugins.DocumentationPluginsBootstrapper] -- Context refreshed
[2018-11-20 12:24:05] -- [INFO ]: [springfox.documentation.spring.web.plugins.DocumentationPluginsBootstrapper] -- Found 1 custom documentation plugin(s)
[2018-11-20 12:24:05] -- [INFO ]: [springfox.documentation.spring.web.scanners.ApiListingReferenceScanner] -- Scanning for api listing references
[2018-11-20 12:24:06] -- [INFO ]: [org.apache.coyote.http11.Http11NioProtocol] -- Starting ProtocolHandler ["http-nio-8081"]
[2018-11-20 12:24:06] -- [INFO ]: [com.example.jwt.JwtApplication] -- Started JwtApplication in 31.171 seconds (JVM running for 32.529)
