[2018-11-14 11:12:50] -- [INFO ]: [com.example.jwt.JwtApplication] -- Starting JwtApplication on DESKTOP-A1D8L3V with PID 22600 (started by 14241 in F:\Java_projects\jwt\2018年10月16日\jwt_ecache)
[2018-11-14 11:12:51] -- [INFO ]: [com.example.jwt.JwtApplication] -- The following profiles are active: dev
[2018-11-14 11:12:56] -- [INFO ]: [org.apache.coyote.http11.Http11NioProtocol] -- Initializing ProtocolHandler ["http-nio-8080"]
[2018-11-14 11:12:56] -- [INFO ]: [org.apache.catalina.core.StandardService] -- Starting service [Tomcat]
[2018-11-14 11:12:56] -- [INFO ]: [org.apache.catalina.core.StandardEngine] -- Starting Servlet Engine: Apache Tomcat/8.5.34
[2018-11-14 11:12:56] -- [INFO ]: [org.apache.catalina.core.AprLifecycleListener] -- The APR based Apache Tomcat Native library which allows optimal performance in production environments was not found on the java.library.path: [F:\Java\jdk 1.8\bin;C:\Windows\Sun\Java\bin;C:\Windows\system32;C:\Windows;C:\Program Files\NVIDIA GPU Computing Toolkit\CUDA\v8.0\lib\x64;C:\Program Files\NVIDIA GPU Computing Toolkit\CUDA\v8.0;C:\Program Files\NVIDIA GPU Computing Toolkit\CUDA\v8.0\bin;C:\Program Files\NVIDIA GPU Computing Toolkit\CUDA\v8.0\libnvvp;F:\node.js\node_global;C:\Program Files\MySQL\MySQL Server 5.7\bin;F:\Java\spring-2.1.0.BUILD-SNAPSHOT\bin;%F:\Java\gradle-4.9\bin;C:\ProgramData\Oracle\Java\javapath;F:\Java\jdk 1.8\bin;F:\Java\jdk 1.8\jre\bin;F:\Java\apache-maven-3.5.4\bin;G:\Python3.5\;G:\Python3.5\Scripts;F:\Python\;F:\Python\Scripts;C:\Windows\system32;C:\Windows;C:\Windows\System32\Wbem;C:\Windows\System32\WindowsPowerShell\v1.0\;C:\Program Files\Microsoft SQL Server\110\Tools\Binn\;C:\Program Files\Microsoft SQL Server\120\Tools\Binn\;c:\Program Files (x86)\Microsoft SQL Server\100\Tools\Binn\;c:\Program Files\Microsoft SQL Server\100\Tools\Binn\;c:\Program Files\Microsoft SQL Server\100\DTS\Binn\;F:\Matlab2015b\runtime\win64;F:\Matlab2015b\bin;F:\Matlab2015b\polyspace\bin;F:\TortoiseSVN\bin;C:\Program Files (x86)\Windows Kits\8.1\Windows Performance Toolkit\;F:\mysql\bin;C:\Program Files (x86)\MySQL\MySQL Utilities 1.6\;F:\git for windows\Git\cmd;F:\node.js\;C:\Program Files\Intel\WiFi\bin\;C:\Program Files\Common Files\Intel\WirelessCommon\;C:\Program Files (x86)\NVIDIA Corporation\PhysX\Common;F:\Java_projects\redis\;G:\python3.5\Scripts\;G:\python3.5\;F:\anaconda 3.5.1;F:\anaconda 3.5.1\Library\mingw-w64\bin;F:\anaconda 3.5.1\Library\usr\bin;F:\anaconda 3.5.1\Library\bin;F:\anaconda 3.5.1\Scripts;C:\Users\14241\AppData\Local\Microsoft\WindowsApps;C:\Users\14241\AppData\Roaming\npm;C:\Program Files\Intel\WiFi\bin\;C:\Program Files\Common Files\Intel\WirelessCommon\;F:\Visual studio code\Microsoft VS Code\bin;.]
[2018-11-14 11:12:56] -- [INFO ]: [org.apache.catalina.core.ContainerBase.[Tomcat].[localhost].[/]] -- Initializing Spring embedded WebApplicationContext
[2018-11-14 11:12:57] -- [INFO ]: [com.zaxxer.hikari.HikariDataSource] -- HikariPool-1 - Starting...
[2018-11-14 11:12:57] -- [INFO ]: [com.zaxxer.hikari.HikariDataSource] -- HikariPool-1 - Start completed.
[2018-11-14 11:12:57] -- [INFO ]: [org.hibernate.jpa.internal.util.LogHelper] -- HHH000204: Processing PersistenceUnitInfo [
	name: default
	...]
[2018-11-14 11:12:58] -- [INFO ]: [org.hibernate.Version] -- HHH000412: Hibernate Core {5.2.8.Final}
[2018-11-14 11:12:58] -- [INFO ]: [org.hibernate.cfg.Environment] -- HHH000206: hibernate.properties not found
[2018-11-14 11:12:58] -- [INFO ]: [org.hibernate.annotations.common.Version] -- HCANN000001: Hibernate Commons Annotations {5.0.1.Final}
[2018-11-14 11:12:58] -- [INFO ]: [org.hibernate.dialect.Dialect] -- HHH000400: Using dialect: org.hibernate.dialect.MySQL5Dialect
[2018-11-14 11:12:58] -- [INFO ]: [org.hibernate.envers.boot.internal.EnversServiceImpl] -- Envers integration enabled? : true
[2018-11-14 11:13:03] -- [INFO ]: [springfox.documentation.spring.web.PropertySourcedRequestMappingHandlerMapping] -- Mapped URL path [/api-docs] onto method [public org.springframework.http.ResponseEntity<springfox.documentation.spring.web.json.Json> springfox.documentation.swagger2.web.Swagger2Controller.getDocumentation(java.lang.String,javax.servlet.http.HttpServletRequest)]
[2018-11-14 11:13:04] -- [INFO ]: [springfox.documentation.spring.web.plugins.DocumentationPluginsBootstrapper] -- Context refreshed
[2018-11-14 11:13:04] -- [INFO ]: [springfox.documentation.spring.web.plugins.DocumentationPluginsBootstrapper] -- Found 1 custom documentation plugin(s)
[2018-11-14 11:13:04] -- [INFO ]: [springfox.documentation.spring.web.scanners.ApiListingReferenceScanner] -- Scanning for api listing references
[2018-11-14 11:13:05] -- [INFO ]: [org.apache.coyote.http11.Http11NioProtocol] -- Starting ProtocolHandler ["http-nio-8080"]
[2018-11-14 11:13:05] -- [INFO ]: [com.example.jwt.JwtApplication] -- Started JwtApplication in 15.24 seconds (JVM running for 16.058)
[2018-11-14 11:14:19] -- [INFO ]: [org.apache.catalina.core.ContainerBase.[Tomcat].[localhost].[/]] -- Initializing Spring FrameworkServlet 'dispatcherServlet'
[2018-11-14 11:29:41] -- [INFO ]: [com.example.jwt.JwtApplication] -- Starting JwtApplication on DESKTOP-A1D8L3V with PID 13104 (started by 14241 in F:\Java_projects\jwt\2018年10月16日\jwt_ecache)
[2018-11-14 11:29:41] -- [INFO ]: [com.example.jwt.JwtApplication] -- The following profiles are active: dev
[2018-11-14 11:29:47] -- [INFO ]: [org.apache.coyote.http11.Http11NioProtocol] -- Initializing ProtocolHandler ["http-nio-8080"]
[2018-11-14 11:29:47] -- [INFO ]: [org.apache.catalina.core.StandardService] -- Starting service [Tomcat]
[2018-11-14 11:29:47] -- [INFO ]: [org.apache.catalina.core.StandardEngine] -- Starting Servlet Engine: Apache Tomcat/8.5.34
[2018-11-14 11:29:47] -- [INFO ]: [org.apache.catalina.core.AprLifecycleListener] -- The APR based Apache Tomcat Native library which allows optimal performance in production environments was not found on the java.library.path: [F:\Java\jdk 1.8\bin;C:\Windows\Sun\Java\bin;C:\Windows\system32;C:\Windows;C:\Program Files\NVIDIA GPU Computing Toolkit\CUDA\v8.0\lib\x64;C:\Program Files\NVIDIA GPU Computing Toolkit\CUDA\v8.0;C:\Program Files\NVIDIA GPU Computing Toolkit\CUDA\v8.0\bin;C:\Program Files\NVIDIA GPU Computing Toolkit\CUDA\v8.0\libnvvp;F:\node.js\node_global;C:\Program Files\MySQL\MySQL Server 5.7\bin;F:\Java\spring-2.1.0.BUILD-SNAPSHOT\bin;%F:\Java\gradle-4.9\bin;C:\ProgramData\Oracle\Java\javapath;F:\Java\jdk 1.8\bin;F:\Java\jdk 1.8\jre\bin;F:\Java\apache-maven-3.5.4\bin;G:\Python3.5\;G:\Python3.5\Scripts;F:\Python\;F:\Python\Scripts;C:\Windows\system32;C:\Windows;C:\Windows\System32\Wbem;C:\Windows\System32\WindowsPowerShell\v1.0\;C:\Program Files\Microsoft SQL Server\110\Tools\Binn\;C:\Program Files\Microsoft SQL Server\120\Tools\Binn\;c:\Program Files (x86)\Microsoft SQL Server\100\Tools\Binn\;c:\Program Files\Microsoft SQL Server\100\Tools\Binn\;c:\Program Files\Microsoft SQL Server\100\DTS\Binn\;F:\Matlab2015b\runtime\win64;F:\Matlab2015b\bin;F:\Matlab2015b\polyspace\bin;F:\TortoiseSVN\bin;C:\Program Files (x86)\Windows Kits\8.1\Windows Performance Toolkit\;F:\mysql\bin;C:\Program Files (x86)\MySQL\MySQL Utilities 1.6\;F:\git for windows\Git\cmd;F:\node.js\;C:\Program Files\Intel\WiFi\bin\;C:\Program Files\Common Files\Intel\WirelessCommon\;C:\Program Files (x86)\NVIDIA Corporation\PhysX\Common;F:\Java_projects\redis\;G:\python3.5\Scripts\;G:\python3.5\;F:\anaconda 3.5.1;F:\anaconda 3.5.1\Library\mingw-w64\bin;F:\anaconda 3.5.1\Library\usr\bin;F:\anaconda 3.5.1\Library\bin;F:\anaconda 3.5.1\Scripts;C:\Users\14241\AppData\Local\Microsoft\WindowsApps;C:\Users\14241\AppData\Roaming\npm;C:\Program Files\Intel\WiFi\bin\;C:\Program Files\Common Files\Intel\WirelessCommon\;F:\Visual studio code\Microsoft VS Code\bin;.]
[2018-11-14 11:29:47] -- [INFO ]: [org.apache.catalina.core.ContainerBase.[Tomcat].[localhost].[/]] -- Initializing Spring embedded WebApplicationContext
[2018-11-14 11:29:48] -- [INFO ]: [com.zaxxer.hikari.HikariDataSource] -- HikariPool-1 - Starting...
[2018-11-14 11:29:49] -- [INFO ]: [com.zaxxer.hikari.HikariDataSource] -- HikariPool-1 - Start completed.
[2018-11-14 11:29:49] -- [INFO ]: [org.hibernate.jpa.internal.util.LogHelper] -- HHH000204: Processing PersistenceUnitInfo [
	name: default
	...]
[2018-11-14 11:29:49] -- [INFO ]: [org.hibernate.Version] -- HHH000412: Hibernate Core {5.2.8.Final}
[2018-11-14 11:29:49] -- [INFO ]: [org.hibernate.cfg.Environment] -- HHH000206: hibernate.properties not found
[2018-11-14 11:29:49] -- [INFO ]: [org.hibernate.annotations.common.Version] -- HCANN000001: Hibernate Commons Annotations {5.0.1.Final}
[2018-11-14 11:29:49] -- [INFO ]: [org.hibernate.dialect.Dialect] -- HHH000400: Using dialect: org.hibernate.dialect.MySQL5Dialect
[2018-11-14 11:29:49] -- [INFO ]: [org.hibernate.envers.boot.internal.EnversServiceImpl] -- Envers integration enabled? : true
[2018-11-14 11:29:54] -- [INFO ]: [springfox.documentation.spring.web.PropertySourcedRequestMappingHandlerMapping] -- Mapped URL path [/api-docs] onto method [public org.springframework.http.ResponseEntity<springfox.documentation.spring.web.json.Json> springfox.documentation.swagger2.web.Swagger2Controller.getDocumentation(java.lang.String,javax.servlet.http.HttpServletRequest)]
[2018-11-14 11:29:55] -- [INFO ]: [springfox.documentation.spring.web.plugins.DocumentationPluginsBootstrapper] -- Context refreshed
[2018-11-14 11:29:55] -- [INFO ]: [springfox.documentation.spring.web.plugins.DocumentationPluginsBootstrapper] -- Found 1 custom documentation plugin(s)
[2018-11-14 11:29:55] -- [INFO ]: [springfox.documentation.spring.web.scanners.ApiListingReferenceScanner] -- Scanning for api listing references
[2018-11-14 11:29:55] -- [INFO ]: [springfox.documentation.spring.web.readers.operation.CachingOperationNameGenerator] -- Generating unique operation named: indexUsingGET_1
[2018-11-14 11:29:55] -- [INFO ]: [springfox.documentation.spring.web.readers.operation.CachingOperationNameGenerator] -- Generating unique operation named: indexUsingHEAD_1
[2018-11-14 11:29:55] -- [INFO ]: [springfox.documentation.spring.web.readers.operation.CachingOperationNameGenerator] -- Generating unique operation named: indexUsingPOST_1
[2018-11-14 11:29:55] -- [INFO ]: [springfox.documentation.spring.web.readers.operation.CachingOperationNameGenerator] -- Generating unique operation named: indexUsingPUT_1
[2018-11-14 11:29:55] -- [INFO ]: [springfox.documentation.spring.web.readers.operation.CachingOperationNameGenerator] -- Generating unique operation named: indexUsingPATCH_1
[2018-11-14 11:29:55] -- [INFO ]: [springfox.documentation.spring.web.readers.operation.CachingOperationNameGenerator] -- Generating unique operation named: indexUsingDELETE_1
[2018-11-14 11:29:55] -- [INFO ]: [springfox.documentation.spring.web.readers.operation.CachingOperationNameGenerator] -- Generating unique operation named: indexUsingOPTIONS_1
[2018-11-14 11:29:55] -- [INFO ]: [springfox.documentation.spring.web.readers.operation.CachingOperationNameGenerator] -- Generating unique operation named: indexUsingTRACE_1
[2018-11-14 11:29:55] -- [INFO ]: [org.apache.coyote.http11.Http11NioProtocol] -- Starting ProtocolHandler ["http-nio-8080"]
[2018-11-14 11:29:55] -- [INFO ]: [com.example.jwt.JwtApplication] -- Started JwtApplication in 15.37 seconds (JVM running for 16.245)
[2018-11-14 11:30:18] -- [INFO ]: [org.apache.catalina.core.ContainerBase.[Tomcat].[localhost].[/]] -- Initializing Spring FrameworkServlet 'dispatcherServlet'
[2018-11-14 20:15:50] -- [INFO ]: [com.example.jwt.JwtApplication] -- Starting JwtApplication on DESKTOP-A1D8L3V with PID 21352 (started by 14241 in F:\Java_projects\jwt\2018年10月16日\jwt_ecache)
[2018-11-14 20:15:50] -- [INFO ]: [com.example.jwt.JwtApplication] -- The following profiles are active: dev
[2018-11-14 20:15:56] -- [INFO ]: [org.apache.coyote.http11.Http11NioProtocol] -- Initializing ProtocolHandler ["http-nio-8080"]
[2018-11-14 20:15:56] -- [INFO ]: [org.apache.catalina.core.StandardService] -- Starting service [Tomcat]
[2018-11-14 20:15:56] -- [INFO ]: [org.apache.catalina.core.StandardEngine] -- Starting Servlet Engine: Apache Tomcat/8.5.34
[2018-11-14 20:15:56] -- [INFO ]: [org.apache.catalina.core.AprLifecycleListener] -- The APR based Apache Tomcat Native library which allows optimal performance in production environments was not found on the java.library.path: [F:\Java\jdk 1.8\bin;C:\Windows\Sun\Java\bin;C:\Windows\system32;C:\Windows;C:\Program Files\NVIDIA GPU Computing Toolkit\CUDA\v8.0\lib\x64;C:\Program Files\NVIDIA GPU Computing Toolkit\CUDA\v8.0;C:\Program Files\NVIDIA GPU Computing Toolkit\CUDA\v8.0\bin;C:\Program Files\NVIDIA GPU Computing Toolkit\CUDA\v8.0\libnvvp;F:\node.js\node_global;C:\Program Files\MySQL\MySQL Server 5.7\bin;F:\Java\spring-2.1.0.BUILD-SNAPSHOT\bin;%F:\Java\gradle-4.9\bin;C:\ProgramData\Oracle\Java\javapath;F:\Java\jdk 1.8\bin;F:\Java\jdk 1.8\jre\bin;F:\Java\apache-maven-3.5.4\bin;G:\Python3.5\;G:\Python3.5\Scripts;F:\Python\;F:\Python\Scripts;C:\Windows\system32;C:\Windows;C:\Windows\System32\Wbem;C:\Windows\System32\WindowsPowerShell\v1.0\;C:\Program Files\Microsoft SQL Server\110\Tools\Binn\;C:\Program Files\Microsoft SQL Server\120\Tools\Binn\;c:\Program Files (x86)\Microsoft SQL Server\100\Tools\Binn\;c:\Program Files\Microsoft SQL Server\100\Tools\Binn\;c:\Program Files\Microsoft SQL Server\100\DTS\Binn\;F:\Matlab2015b\runtime\win64;F:\Matlab2015b\bin;F:\Matlab2015b\polyspace\bin;F:\TortoiseSVN\bin;C:\Program Files (x86)\Windows Kits\8.1\Windows Performance Toolkit\;F:\mysql\bin;C:\Program Files (x86)\MySQL\MySQL Utilities 1.6\;F:\git for windows\Git\cmd;F:\node.js\;C:\Program Files\Intel\WiFi\bin\;C:\Program Files\Common Files\Intel\WirelessCommon\;C:\Program Files (x86)\NVIDIA Corporation\PhysX\Common;F:\Java_projects\redis\;G:\python3.5\Scripts\;G:\python3.5\;F:\anaconda 3.5.1;F:\anaconda 3.5.1\Library\mingw-w64\bin;F:\anaconda 3.5.1\Library\usr\bin;F:\anaconda 3.5.1\Library\bin;F:\anaconda 3.5.1\Scripts;C:\Users\14241\AppData\Local\Microsoft\WindowsApps;C:\Users\14241\AppData\Roaming\npm;C:\Program Files\Intel\WiFi\bin\;C:\Program Files\Common Files\Intel\WirelessCommon\;F:\Visual studio code\Microsoft VS Code\bin;.]
[2018-11-14 20:15:56] -- [INFO ]: [org.apache.catalina.core.ContainerBase.[Tomcat].[localhost].[/]] -- Initializing Spring embedded WebApplicationContext
[2018-11-14 20:15:57] -- [INFO ]: [com.zaxxer.hikari.HikariDataSource] -- HikariPool-1 - Starting...
[2018-11-14 20:15:58] -- [INFO ]: [com.zaxxer.hikari.HikariDataSource] -- HikariPool-1 - Start completed.
[2018-11-14 20:15:58] -- [INFO ]: [org.hibernate.jpa.internal.util.LogHelper] -- HHH000204: Processing PersistenceUnitInfo [
	name: default
	...]
[2018-11-14 20:15:58] -- [INFO ]: [org.hibernate.Version] -- HHH000412: Hibernate Core {5.2.8.Final}
[2018-11-14 20:15:58] -- [INFO ]: [org.hibernate.cfg.Environment] -- HHH000206: hibernate.properties not found
[2018-11-14 20:15:58] -- [INFO ]: [org.hibernate.annotations.common.Version] -- HCANN000001: Hibernate Commons Annotations {5.0.1.Final}
[2018-11-14 20:15:58] -- [INFO ]: [org.hibernate.dialect.Dialect] -- HHH000400: Using dialect: org.hibernate.dialect.MySQL5Dialect
[2018-11-14 20:15:58] -- [INFO ]: [org.hibernate.envers.boot.internal.EnversServiceImpl] -- Envers integration enabled? : true
[2018-11-14 20:16:05] -- [INFO ]: [springfox.documentation.spring.web.PropertySourcedRequestMappingHandlerMapping] -- Mapped URL path [/api-docs] onto method [public org.springframework.http.ResponseEntity<springfox.documentation.spring.web.json.Json> springfox.documentation.swagger2.web.Swagger2Controller.getDocumentation(java.lang.String,javax.servlet.http.HttpServletRequest)]
[2018-11-14 20:16:06] -- [INFO ]: [springfox.documentation.spring.web.plugins.DocumentationPluginsBootstrapper] -- Context refreshed
[2018-11-14 20:16:07] -- [INFO ]: [springfox.documentation.spring.web.plugins.DocumentationPluginsBootstrapper] -- Found 1 custom documentation plugin(s)
[2018-11-14 20:16:07] -- [INFO ]: [springfox.documentation.spring.web.scanners.ApiListingReferenceScanner] -- Scanning for api listing references
[2018-11-14 20:16:08] -- [INFO ]: [org.apache.coyote.http11.Http11NioProtocol] -- Starting ProtocolHandler ["http-nio-8080"]
[2018-11-14 20:16:08] -- [INFO ]: [com.example.jwt.JwtApplication] -- Started JwtApplication in 18.848 seconds (JVM running for 19.812)
[2018-11-14 20:16:31] -- [INFO ]: [com.example.jwt.JwtApplication] -- Starting JwtApplication on DESKTOP-A1D8L3V with PID 13500 (started by 14241 in F:\Java_projects\jwt\2018年10月16日\jwt_ecache)
[2018-11-14 20:16:31] -- [INFO ]: [com.example.jwt.JwtApplication] -- The following profiles are active: dev
[2018-11-14 20:16:38] -- [INFO ]: [org.apache.coyote.http11.Http11NioProtocol] -- Initializing ProtocolHandler ["http-nio-8080"]
[2018-11-14 20:16:38] -- [INFO ]: [org.apache.catalina.core.StandardService] -- Starting service [Tomcat]
[2018-11-14 20:16:38] -- [INFO ]: [org.apache.catalina.core.StandardEngine] -- Starting Servlet Engine: Apache Tomcat/8.5.34
[2018-11-14 20:16:38] -- [INFO ]: [org.apache.catalina.core.AprLifecycleListener] -- The APR based Apache Tomcat Native library which allows optimal performance in production environments was not found on the java.library.path: [F:\Java\jdk 1.8\bin;C:\Windows\Sun\Java\bin;C:\Windows\system32;C:\Windows;C:\Program Files\NVIDIA GPU Computing Toolkit\CUDA\v8.0\lib\x64;C:\Program Files\NVIDIA GPU Computing Toolkit\CUDA\v8.0;C:\Program Files\NVIDIA GPU Computing Toolkit\CUDA\v8.0\bin;C:\Program Files\NVIDIA GPU Computing Toolkit\CUDA\v8.0\libnvvp;F:\node.js\node_global;C:\Program Files\MySQL\MySQL Server 5.7\bin;F:\Java\spring-2.1.0.BUILD-SNAPSHOT\bin;%F:\Java\gradle-4.9\bin;C:\ProgramData\Oracle\Java\javapath;F:\Java\jdk 1.8\bin;F:\Java\jdk 1.8\jre\bin;F:\Java\apache-maven-3.5.4\bin;G:\Python3.5\;G:\Python3.5\Scripts;F:\Python\;F:\Python\Scripts;C:\Windows\system32;C:\Windows;C:\Windows\System32\Wbem;C:\Windows\System32\WindowsPowerShell\v1.0\;C:\Program Files\Microsoft SQL Server\110\Tools\Binn\;C:\Program Files\Microsoft SQL Server\120\Tools\Binn\;c:\Program Files (x86)\Microsoft SQL Server\100\Tools\Binn\;c:\Program Files\Microsoft SQL Server\100\Tools\Binn\;c:\Program Files\Microsoft SQL Server\100\DTS\Binn\;F:\Matlab2015b\runtime\win64;F:\Matlab2015b\bin;F:\Matlab2015b\polyspace\bin;F:\TortoiseSVN\bin;C:\Program Files (x86)\Windows Kits\8.1\Windows Performance Toolkit\;F:\mysql\bin;C:\Program Files (x86)\MySQL\MySQL Utilities 1.6\;F:\git for windows\Git\cmd;F:\node.js\;C:\Program Files\Intel\WiFi\bin\;C:\Program Files\Common Files\Intel\WirelessCommon\;C:\Program Files (x86)\NVIDIA Corporation\PhysX\Common;F:\Java_projects\redis\;G:\python3.5\Scripts\;G:\python3.5\;F:\anaconda 3.5.1;F:\anaconda 3.5.1\Library\mingw-w64\bin;F:\anaconda 3.5.1\Library\usr\bin;F:\anaconda 3.5.1\Library\bin;F:\anaconda 3.5.1\Scripts;C:\Users\14241\AppData\Local\Microsoft\WindowsApps;C:\Users\14241\AppData\Roaming\npm;C:\Program Files\Intel\WiFi\bin\;C:\Program Files\Common Files\Intel\WirelessCommon\;F:\Visual studio code\Microsoft VS Code\bin;.]
[2018-11-14 20:16:39] -- [INFO ]: [org.apache.catalina.core.ContainerBase.[Tomcat].[localhost].[/]] -- Initializing Spring embedded WebApplicationContext
[2018-11-14 20:16:40] -- [INFO ]: [com.zaxxer.hikari.HikariDataSource] -- HikariPool-1 - Starting...
[2018-11-14 20:16:40] -- [INFO ]: [com.zaxxer.hikari.HikariDataSource] -- HikariPool-1 - Start completed.
[2018-11-14 20:16:41] -- [INFO ]: [org.hibernate.jpa.internal.util.LogHelper] -- HHH000204: Processing PersistenceUnitInfo [
	name: default
	...]
[2018-11-14 20:16:41] -- [INFO ]: [org.hibernate.Version] -- HHH000412: Hibernate Core {5.2.8.Final}
[2018-11-14 20:16:41] -- [INFO ]: [org.hibernate.cfg.Environment] -- HHH000206: hibernate.properties not found
[2018-11-14 20:16:41] -- [INFO ]: [org.hibernate.annotations.common.Version] -- HCANN000001: Hibernate Commons Annotations {5.0.1.Final}
[2018-11-14 20:16:41] -- [INFO ]: [org.hibernate.dialect.Dialect] -- HHH000400: Using dialect: org.hibernate.dialect.MySQL5Dialect
[2018-11-14 20:16:41] -- [INFO ]: [org.hibernate.envers.boot.internal.EnversServiceImpl] -- Envers integration enabled? : true
[2018-11-14 20:16:48] -- [INFO ]: [springfox.documentation.spring.web.PropertySourcedRequestMappingHandlerMapping] -- Mapped URL path [/api-docs] onto method [public org.springframework.http.ResponseEntity<springfox.documentation.spring.web.json.Json> springfox.documentation.swagger2.web.Swagger2Controller.getDocumentation(java.lang.String,javax.servlet.http.HttpServletRequest)]
[2018-11-14 20:16:50] -- [INFO ]: [springfox.documentation.spring.web.plugins.DocumentationPluginsBootstrapper] -- Context refreshed
[2018-11-14 20:16:50] -- [INFO ]: [springfox.documentation.spring.web.plugins.DocumentationPluginsBootstrapper] -- Found 1 custom documentation plugin(s)
[2018-11-14 20:16:50] -- [INFO ]: [springfox.documentation.spring.web.scanners.ApiListingReferenceScanner] -- Scanning for api listing references
[2018-11-14 20:16:51] -- [INFO ]: [org.apache.coyote.http11.Http11NioProtocol] -- Starting ProtocolHandler ["http-nio-8080"]
[2018-11-14 20:16:51] -- [INFO ]: [org.apache.coyote.http11.Http11NioProtocol] -- Pausing ProtocolHandler ["http-nio-8080"]
[2018-11-14 20:16:51] -- [INFO ]: [org.apache.catalina.core.StandardService] -- Stopping service [Tomcat]
[2018-11-14 20:16:51] -- [INFO ]: [org.apache.catalina.util.LifecycleBase] -- The stop() method was called on component [StandardServer[-1]] after stop() had already been called. The second call will be ignored.
[2018-11-14 20:16:51] -- [INFO ]: [org.apache.coyote.http11.Http11NioProtocol] -- Stopping ProtocolHandler ["http-nio-8080"]
[2018-11-14 20:16:51] -- [INFO ]: [org.apache.coyote.http11.Http11NioProtocol] -- Destroying ProtocolHandler ["http-nio-8080"]
[2018-11-14 20:16:51] -- [INFO ]: [com.zaxxer.hikari.HikariDataSource] -- HikariPool-1 - Shutdown initiated...
[2018-11-14 20:16:51] -- [INFO ]: [com.zaxxer.hikari.HikariDataSource] -- HikariPool-1 - Shutdown completed.
[2018-11-14 20:17:00] -- [INFO ]: [com.example.jwt.JwtApplication] -- Starting JwtApplication on DESKTOP-A1D8L3V with PID 19140 (started by 14241 in F:\Java_projects\jwt\2018年10月16日\jwt_ecache)
[2018-11-14 20:17:00] -- [INFO ]: [com.example.jwt.JwtApplication] -- The following profiles are active: dev
[2018-11-14 20:17:06] -- [INFO ]: [org.apache.coyote.http11.Http11NioProtocol] -- Initializing ProtocolHandler ["http-nio-8080"]
[2018-11-14 20:17:06] -- [INFO ]: [org.apache.catalina.core.StandardService] -- Starting service [Tomcat]
[2018-11-14 20:17:06] -- [INFO ]: [org.apache.catalina.core.StandardEngine] -- Starting Servlet Engine: Apache Tomcat/8.5.34
[2018-11-14 20:17:06] -- [INFO ]: [org.apache.catalina.core.AprLifecycleListener] -- The APR based Apache Tomcat Native library which allows optimal performance in production environments was not found on the java.library.path: [F:\Java\jdk 1.8\bin;C:\Windows\Sun\Java\bin;C:\Windows\system32;C:\Windows;C:\Program Files\NVIDIA GPU Computing Toolkit\CUDA\v8.0\lib\x64;C:\Program Files\NVIDIA GPU Computing Toolkit\CUDA\v8.0;C:\Program Files\NVIDIA GPU Computing Toolkit\CUDA\v8.0\bin;C:\Program Files\NVIDIA GPU Computing Toolkit\CUDA\v8.0\libnvvp;F:\node.js\node_global;C:\Program Files\MySQL\MySQL Server 5.7\bin;F:\Java\spring-2.1.0.BUILD-SNAPSHOT\bin;%F:\Java\gradle-4.9\bin;C:\ProgramData\Oracle\Java\javapath;F:\Java\jdk 1.8\bin;F:\Java\jdk 1.8\jre\bin;F:\Java\apache-maven-3.5.4\bin;G:\Python3.5\;G:\Python3.5\Scripts;F:\Python\;F:\Python\Scripts;C:\Windows\system32;C:\Windows;C:\Windows\System32\Wbem;C:\Windows\System32\WindowsPowerShell\v1.0\;C:\Program Files\Microsoft SQL Server\110\Tools\Binn\;C:\Program Files\Microsoft SQL Server\120\Tools\Binn\;c:\Program Files (x86)\Microsoft SQL Server\100\Tools\Binn\;c:\Program Files\Microsoft SQL Server\100\Tools\Binn\;c:\Program Files\Microsoft SQL Server\100\DTS\Binn\;F:\Matlab2015b\runtime\win64;F:\Matlab2015b\bin;F:\Matlab2015b\polyspace\bin;F:\TortoiseSVN\bin;C:\Program Files (x86)\Windows Kits\8.1\Windows Performance Toolkit\;F:\mysql\bin;C:\Program Files (x86)\MySQL\MySQL Utilities 1.6\;F:\git for windows\Git\cmd;F:\node.js\;C:\Program Files\Intel\WiFi\bin\;C:\Program Files\Common Files\Intel\WirelessCommon\;C:\Program Files (x86)\NVIDIA Corporation\PhysX\Common;F:\Java_projects\redis\;G:\python3.5\Scripts\;G:\python3.5\;F:\anaconda 3.5.1;F:\anaconda 3.5.1\Library\mingw-w64\bin;F:\anaconda 3.5.1\Library\usr\bin;F:\anaconda 3.5.1\Library\bin;F:\anaconda 3.5.1\Scripts;C:\Users\14241\AppData\Local\Microsoft\WindowsApps;C:\Users\14241\AppData\Roaming\npm;C:\Program Files\Intel\WiFi\bin\;C:\Program Files\Common Files\Intel\WirelessCommon\;F:\Visual studio code\Microsoft VS Code\bin;.]
[2018-11-14 20:17:07] -- [INFO ]: [org.apache.catalina.core.ContainerBase.[Tomcat].[localhost].[/]] -- Initializing Spring embedded WebApplicationContext
[2018-11-14 20:17:08] -- [INFO ]: [com.zaxxer.hikari.HikariDataSource] -- HikariPool-1 - Starting...
[2018-11-14 20:17:08] -- [INFO ]: [com.zaxxer.hikari.HikariDataSource] -- HikariPool-1 - Start completed.
[2018-11-14 20:17:08] -- [INFO ]: [org.hibernate.jpa.internal.util.LogHelper] -- HHH000204: Processing PersistenceUnitInfo [
	name: default
	...]
[2018-11-14 20:17:08] -- [INFO ]: [org.hibernate.Version] -- HHH000412: Hibernate Core {5.2.8.Final}
[2018-11-14 20:17:08] -- [INFO ]: [org.hibernate.cfg.Environment] -- HHH000206: hibernate.properties not found
[2018-11-14 20:17:09] -- [INFO ]: [org.hibernate.annotations.common.Version] -- HCANN000001: Hibernate Commons Annotations {5.0.1.Final}
[2018-11-14 20:17:09] -- [INFO ]: [org.hibernate.dialect.Dialect] -- HHH000400: Using dialect: org.hibernate.dialect.MySQL5Dialect
[2018-11-14 20:17:09] -- [INFO ]: [org.hibernate.envers.boot.internal.EnversServiceImpl] -- Envers integration enabled? : true
[2018-11-14 20:17:16] -- [INFO ]: [springfox.documentation.spring.web.PropertySourcedRequestMappingHandlerMapping] -- Mapped URL path [/api-docs] onto method [public org.springframework.http.ResponseEntity<springfox.documentation.spring.web.json.Json> springfox.documentation.swagger2.web.Swagger2Controller.getDocumentation(java.lang.String,javax.servlet.http.HttpServletRequest)]
[2018-11-14 20:17:17] -- [INFO ]: [springfox.documentation.spring.web.plugins.DocumentationPluginsBootstrapper] -- Context refreshed
[2018-11-14 20:17:17] -- [INFO ]: [springfox.documentation.spring.web.plugins.DocumentationPluginsBootstrapper] -- Found 1 custom documentation plugin(s)
[2018-11-14 20:17:18] -- [INFO ]: [springfox.documentation.spring.web.scanners.ApiListingReferenceScanner] -- Scanning for api listing references
[2018-11-14 20:17:18] -- [INFO ]: [org.apache.coyote.http11.Http11NioProtocol] -- Starting ProtocolHandler ["http-nio-8080"]
[2018-11-14 20:17:18] -- [INFO ]: [com.example.jwt.JwtApplication] -- Started JwtApplication in 19.471 seconds (JVM running for 20.51)
[2018-11-14 22:26:50] -- [INFO ]: [com.example.jwt.JwtApplication] -- Starting JwtApplication on DESKTOP-A1D8L3V with PID 7756 (started by 14241 in F:\Java_projects\jwt\2018年10月16日\jwt_ecache)
[2018-11-14 22:26:50] -- [INFO ]: [com.example.jwt.JwtApplication] -- The following profiles are active: dev
[2018-11-14 22:29:39] -- [INFO ]: [com.example.jwt.JwtApplication] -- Starting JwtApplication on DESKTOP-A1D8L3V with PID 16112 (started by 14241 in F:\Java_projects\jwt\2018年10月16日\jwt_ecache)
[2018-11-14 22:29:39] -- [INFO ]: [com.example.jwt.JwtApplication] -- The following profiles are active: dev
[2018-11-14 22:30:07] -- [INFO ]: [com.example.jwt.JwtApplication] -- Starting JwtApplication on DESKTOP-A1D8L3V with PID 13592 (started by 14241 in F:\Java_projects\jwt\2018年10月16日\jwt_ecache)
[2018-11-14 22:30:07] -- [INFO ]: [com.example.jwt.JwtApplication] -- The following profiles are active: dev
[2018-11-14 22:31:04] -- [INFO ]: [com.example.jwt.JwtApplication] -- Starting JwtApplication on DESKTOP-A1D8L3V with PID 11204 (started by 14241 in F:\Java_projects\jwt\2018年10月16日\jwt_ecache)
[2018-11-14 22:31:04] -- [INFO ]: [com.example.jwt.JwtApplication] -- The following profiles are active: dev
[2018-11-14 22:38:41] -- [INFO ]: [com.example.jwt.JwtApplication] -- Starting JwtApplication on DESKTOP-A1D8L3V with PID 21972 (started by 14241 in F:\Java_projects\jwt\2018年10月16日\jwt_ecache)
[2018-11-14 22:38:41] -- [INFO ]: [com.example.jwt.JwtApplication] -- The following profiles are active: dev
[2018-11-14 22:38:47] -- [INFO ]: [org.apache.coyote.http11.Http11NioProtocol] -- Initializing ProtocolHandler ["http-nio-8080"]
[2018-11-14 22:38:47] -- [INFO ]: [org.apache.catalina.core.StandardService] -- Starting service [Tomcat]
[2018-11-14 22:38:47] -- [INFO ]: [org.apache.catalina.core.StandardEngine] -- Starting Servlet Engine: Apache Tomcat/8.5.34
[2018-11-14 22:38:47] -- [INFO ]: [org.apache.catalina.core.AprLifecycleListener] -- The APR based Apache Tomcat Native library which allows optimal performance in production environments was not found on the java.library.path: [F:\Java\jdk 1.8\bin;C:\Windows\Sun\Java\bin;C:\Windows\system32;C:\Windows;C:\Program Files\NVIDIA GPU Computing Toolkit\CUDA\v8.0\lib\x64;C:\Program Files\NVIDIA GPU Computing Toolkit\CUDA\v8.0;C:\Program Files\NVIDIA GPU Computing Toolkit\CUDA\v8.0\bin;C:\Program Files\NVIDIA GPU Computing Toolkit\CUDA\v8.0\libnvvp;F:\node.js\node_global;C:\Program Files\MySQL\MySQL Server 5.7\bin;F:\Java\spring-2.1.0.BUILD-SNAPSHOT\bin;%F:\Java\gradle-4.9\bin;C:\ProgramData\Oracle\Java\javapath;F:\Java\jdk 1.8\bin;F:\Java\jdk 1.8\jre\bin;F:\Java\apache-maven-3.5.4\bin;G:\Python3.5\;G:\Python3.5\Scripts;F:\Python\;F:\Python\Scripts;C:\Windows\system32;C:\Windows;C:\Windows\System32\Wbem;C:\Windows\System32\WindowsPowerShell\v1.0\;C:\Program Files\Microsoft SQL Server\110\Tools\Binn\;C:\Program Files\Microsoft SQL Server\120\Tools\Binn\;c:\Program Files (x86)\Microsoft SQL Server\100\Tools\Binn\;c:\Program Files\Microsoft SQL Server\100\Tools\Binn\;c:\Program Files\Microsoft SQL Server\100\DTS\Binn\;F:\Matlab2015b\runtime\win64;F:\Matlab2015b\bin;F:\Matlab2015b\polyspace\bin;F:\TortoiseSVN\bin;C:\Program Files (x86)\Windows Kits\8.1\Windows Performance Toolkit\;F:\mysql\bin;C:\Program Files (x86)\MySQL\MySQL Utilities 1.6\;F:\git for windows\Git\cmd;F:\node.js\;C:\Program Files\Intel\WiFi\bin\;C:\Program Files\Common Files\Intel\WirelessCommon\;C:\Program Files (x86)\NVIDIA Corporation\PhysX\Common;F:\Java_projects\redis\;G:\python3.5\Scripts\;G:\python3.5\;F:\anaconda 3.5.1;F:\anaconda 3.5.1\Library\mingw-w64\bin;F:\anaconda 3.5.1\Library\usr\bin;F:\anaconda 3.5.1\Library\bin;F:\anaconda 3.5.1\Scripts;C:\Users\14241\AppData\Local\Microsoft\WindowsApps;C:\Users\14241\AppData\Roaming\npm;C:\Program Files\Intel\WiFi\bin\;C:\Program Files\Common Files\Intel\WirelessCommon\;F:\Visual studio code\Microsoft VS Code\bin;.]
[2018-11-14 22:38:47] -- [INFO ]: [org.apache.catalina.core.ContainerBase.[Tomcat].[localhost].[/]] -- Initializing Spring embedded WebApplicationContext
[2018-11-14 22:38:48] -- [INFO ]: [com.zaxxer.hikari.HikariDataSource] -- HikariPool-1 - Starting...
[2018-11-14 22:38:49] -- [INFO ]: [com.zaxxer.hikari.HikariDataSource] -- HikariPool-1 - Start completed.
[2018-11-14 22:38:49] -- [INFO ]: [org.hibernate.jpa.internal.util.LogHelper] -- HHH000204: Processing PersistenceUnitInfo [
	name: default
	...]
[2018-11-14 22:38:49] -- [INFO ]: [org.hibernate.Version] -- HHH000412: Hibernate Core {5.2.8.Final}
[2018-11-14 22:38:49] -- [INFO ]: [org.hibernate.cfg.Environment] -- HHH000206: hibernate.properties not found
[2018-11-14 22:38:49] -- [INFO ]: [org.hibernate.annotations.common.Version] -- HCANN000001: Hibernate Commons Annotations {5.0.1.Final}
[2018-11-14 22:38:49] -- [INFO ]: [org.hibernate.dialect.Dialect] -- HHH000400: Using dialect: org.hibernate.dialect.MySQL5Dialect
[2018-11-14 22:38:50] -- [INFO ]: [org.hibernate.envers.boot.internal.EnversServiceImpl] -- Envers integration enabled? : true
[2018-11-14 22:38:55] -- [INFO ]: [springfox.documentation.spring.web.PropertySourcedRequestMappingHandlerMapping] -- Mapped URL path [/api-docs] onto method [public org.springframework.http.ResponseEntity<springfox.documentation.spring.web.json.Json> springfox.documentation.swagger2.web.Swagger2Controller.getDocumentation(java.lang.String,javax.servlet.http.HttpServletRequest)]
[2018-11-14 22:38:56] -- [INFO ]: [springfox.documentation.spring.web.plugins.DocumentationPluginsBootstrapper] -- Context refreshed
[2018-11-14 22:38:56] -- [INFO ]: [springfox.documentation.spring.web.plugins.DocumentationPluginsBootstrapper] -- Found 1 custom documentation plugin(s)
[2018-11-14 22:38:56] -- [INFO ]: [springfox.documentation.spring.web.scanners.ApiListingReferenceScanner] -- Scanning for api listing references
[2018-11-14 22:38:57] -- [INFO ]: [org.apache.coyote.http11.Http11NioProtocol] -- Starting ProtocolHandler ["http-nio-8080"]
[2018-11-14 22:38:57] -- [INFO ]: [com.example.jwt.JwtApplication] -- Started JwtApplication in 17.063 seconds (JVM running for 17.996)
[2018-11-14 23:00:09] -- [INFO ]: [com.example.jwt.JwtApplication] -- Starting JwtApplication on DESKTOP-A1D8L3V with PID 10780 (started by 14241 in F:\Java_projects\jwt\2018年10月16日\jwt_ecache)
[2018-11-14 23:00:09] -- [INFO ]: [com.example.jwt.JwtApplication] -- The following profiles are active: dev
[2018-11-14 23:00:15] -- [INFO ]: [org.apache.coyote.http11.Http11NioProtocol] -- Initializing ProtocolHandler ["http-nio-8080"]
[2018-11-14 23:00:15] -- [INFO ]: [org.apache.catalina.core.StandardService] -- Starting service [Tomcat]
[2018-11-14 23:00:15] -- [INFO ]: [org.apache.catalina.core.StandardEngine] -- Starting Servlet Engine: Apache Tomcat/8.5.34
[2018-11-14 23:00:15] -- [INFO ]: [org.apache.catalina.core.AprLifecycleListener] -- The APR based Apache Tomcat Native library which allows optimal performance in production environments was not found on the java.library.path: [F:\Java\jdk 1.8\bin;C:\Windows\Sun\Java\bin;C:\Windows\system32;C:\Windows;C:\Program Files\NVIDIA GPU Computing Toolkit\CUDA\v8.0\lib\x64;C:\Program Files\NVIDIA GPU Computing Toolkit\CUDA\v8.0;C:\Program Files\NVIDIA GPU Computing Toolkit\CUDA\v8.0\bin;C:\Program Files\NVIDIA GPU Computing Toolkit\CUDA\v8.0\libnvvp;F:\node.js\node_global;C:\Program Files\MySQL\MySQL Server 5.7\bin;F:\Java\spring-2.1.0.BUILD-SNAPSHOT\bin;%F:\Java\gradle-4.9\bin;C:\ProgramData\Oracle\Java\javapath;F:\Java\jdk 1.8\bin;F:\Java\jdk 1.8\jre\bin;F:\Java\apache-maven-3.5.4\bin;G:\Python3.5\;G:\Python3.5\Scripts;F:\Python\;F:\Python\Scripts;C:\Windows\system32;C:\Windows;C:\Windows\System32\Wbem;C:\Windows\System32\WindowsPowerShell\v1.0\;C:\Program Files\Microsoft SQL Server\110\Tools\Binn\;C:\Program Files\Microsoft SQL Server\120\Tools\Binn\;c:\Program Files (x86)\Microsoft SQL Server\100\Tools\Binn\;c:\Program Files\Microsoft SQL Server\100\Tools\Binn\;c:\Program Files\Microsoft SQL Server\100\DTS\Binn\;F:\Matlab2015b\runtime\win64;F:\Matlab2015b\bin;F:\Matlab2015b\polyspace\bin;F:\TortoiseSVN\bin;C:\Program Files (x86)\Windows Kits\8.1\Windows Performance Toolkit\;F:\mysql\bin;C:\Program Files (x86)\MySQL\MySQL Utilities 1.6\;F:\git for windows\Git\cmd;F:\node.js\;C:\Program Files\Intel\WiFi\bin\;C:\Program Files\Common Files\Intel\WirelessCommon\;C:\Program Files (x86)\NVIDIA Corporation\PhysX\Common;F:\Java_projects\redis\;G:\python3.5\Scripts\;G:\python3.5\;F:\anaconda 3.5.1;F:\anaconda 3.5.1\Library\mingw-w64\bin;F:\anaconda 3.5.1\Library\usr\bin;F:\anaconda 3.5.1\Library\bin;F:\anaconda 3.5.1\Scripts;C:\Users\14241\AppData\Local\Microsoft\WindowsApps;C:\Users\14241\AppData\Roaming\npm;C:\Program Files\Intel\WiFi\bin\;C:\Program Files\Common Files\Intel\WirelessCommon\;F:\Visual studio code\Microsoft VS Code\bin;.]
[2018-11-14 23:00:15] -- [INFO ]: [org.apache.catalina.core.ContainerBase.[Tomcat].[localhost].[/]] -- Initializing Spring embedded WebApplicationContext
[2018-11-14 23:00:16] -- [INFO ]: [com.zaxxer.hikari.HikariDataSource] -- HikariPool-1 - Starting...
[2018-11-14 23:00:17] -- [INFO ]: [com.zaxxer.hikari.HikariDataSource] -- HikariPool-1 - Start completed.
[2018-11-14 23:00:17] -- [INFO ]: [org.hibernate.jpa.internal.util.LogHelper] -- HHH000204: Processing PersistenceUnitInfo [
	name: default
	...]
[2018-11-14 23:00:17] -- [INFO ]: [org.hibernate.Version] -- HHH000412: Hibernate Core {5.2.8.Final}
[2018-11-14 23:00:17] -- [INFO ]: [org.hibernate.cfg.Environment] -- HHH000206: hibernate.properties not found
[2018-11-14 23:00:17] -- [INFO ]: [org.hibernate.annotations.common.Version] -- HCANN000001: Hibernate Commons Annotations {5.0.1.Final}
[2018-11-14 23:00:17] -- [INFO ]: [org.hibernate.dialect.Dialect] -- HHH000400: Using dialect: org.hibernate.dialect.MySQL5Dialect
[2018-11-14 23:00:17] -- [INFO ]: [org.hibernate.envers.boot.internal.EnversServiceImpl] -- Envers integration enabled? : true
[2018-11-14 23:00:22] -- [INFO ]: [springfox.documentation.spring.web.PropertySourcedRequestMappingHandlerMapping] -- Mapped URL path [/api-docs] onto method [public org.springframework.http.ResponseEntity<springfox.documentation.spring.web.json.Json> springfox.documentation.swagger2.web.Swagger2Controller.getDocumentation(java.lang.String,javax.servlet.http.HttpServletRequest)]
[2018-11-14 23:00:23] -- [INFO ]: [springfox.documentation.spring.web.plugins.DocumentationPluginsBootstrapper] -- Context refreshed
[2018-11-14 23:00:23] -- [INFO ]: [springfox.documentation.spring.web.plugins.DocumentationPluginsBootstrapper] -- Found 1 custom documentation plugin(s)
[2018-11-14 23:00:23] -- [INFO ]: [springfox.documentation.spring.web.scanners.ApiListingReferenceScanner] -- Scanning for api listing references
[2018-11-14 23:00:24] -- [INFO ]: [org.apache.coyote.http11.Http11NioProtocol] -- Starting ProtocolHandler ["http-nio-8080"]
[2018-11-14 23:00:24] -- [INFO ]: [com.example.jwt.JwtApplication] -- Started JwtApplication in 16.115 seconds (JVM running for 16.986)
[2018-11-14 23:01:08] -- [INFO ]: [org.apache.catalina.core.ContainerBase.[Tomcat].[localhost].[/]] -- Initializing Spring FrameworkServlet 'dispatcherServlet'
[2018-11-14 23:01:09] -- [INFO ]: [com.example.jwt.rest.system.DepartmentRestController] -- REST request to create Department : 37
[2018-11-14 23:01:21] -- [INFO ]: [com.example.jwt.rest.system.DepartmentRestController] -- REST request to create Department : 38
[2018-11-14 23:01:30] -- [INFO ]: [com.example.jwt.rest.system.DepartmentRestController] -- REST request to create Department : 39
[2018-11-14 23:15:24] -- [INFO ]: [com.example.jwt.JwtApplication] -- Starting JwtApplication on DESKTOP-A1D8L3V with PID 21192 (started by 14241 in F:\Java_projects\jwt\2018年10月16日\jwt_ecache)
[2018-11-14 23:15:24] -- [INFO ]: [com.example.jwt.JwtApplication] -- The following profiles are active: dev
[2018-11-14 23:15:30] -- [INFO ]: [org.apache.coyote.http11.Http11NioProtocol] -- Initializing ProtocolHandler ["http-nio-8080"]
[2018-11-14 23:15:30] -- [INFO ]: [org.apache.catalina.core.StandardService] -- Starting service [Tomcat]
[2018-11-14 23:15:30] -- [INFO ]: [org.apache.catalina.core.StandardEngine] -- Starting Servlet Engine: Apache Tomcat/8.5.34
[2018-11-14 23:15:30] -- [INFO ]: [org.apache.catalina.core.AprLifecycleListener] -- The APR based Apache Tomcat Native library which allows optimal performance in production environments was not found on the java.library.path: [F:\Java\jdk 1.8\bin;C:\Windows\Sun\Java\bin;C:\Windows\system32;C:\Windows;C:\Program Files\NVIDIA GPU Computing Toolkit\CUDA\v8.0\lib\x64;C:\Program Files\NVIDIA GPU Computing Toolkit\CUDA\v8.0;C:\Program Files\NVIDIA GPU Computing Toolkit\CUDA\v8.0\bin;C:\Program Files\NVIDIA GPU Computing Toolkit\CUDA\v8.0\libnvvp;F:\node.js\node_global;C:\Program Files\MySQL\MySQL Server 5.7\bin;F:\Java\spring-2.1.0.BUILD-SNAPSHOT\bin;%F:\Java\gradle-4.9\bin;C:\ProgramData\Oracle\Java\javapath;F:\Java\jdk 1.8\bin;F:\Java\jdk 1.8\jre\bin;F:\Java\apache-maven-3.5.4\bin;G:\Python3.5\;G:\Python3.5\Scripts;F:\Python\;F:\Python\Scripts;C:\Windows\system32;C:\Windows;C:\Windows\System32\Wbem;C:\Windows\System32\WindowsPowerShell\v1.0\;C:\Program Files\Microsoft SQL Server\110\Tools\Binn\;C:\Program Files\Microsoft SQL Server\120\Tools\Binn\;c:\Program Files (x86)\Microsoft SQL Server\100\Tools\Binn\;c:\Program Files\Microsoft SQL Server\100\Tools\Binn\;c:\Program Files\Microsoft SQL Server\100\DTS\Binn\;F:\Matlab2015b\runtime\win64;F:\Matlab2015b\bin;F:\Matlab2015b\polyspace\bin;F:\TortoiseSVN\bin;C:\Program Files (x86)\Windows Kits\8.1\Windows Performance Toolkit\;F:\mysql\bin;C:\Program Files (x86)\MySQL\MySQL Utilities 1.6\;F:\git for windows\Git\cmd;F:\node.js\;C:\Program Files\Intel\WiFi\bin\;C:\Program Files\Common Files\Intel\WirelessCommon\;C:\Program Files (x86)\NVIDIA Corporation\PhysX\Common;F:\Java_projects\redis\;G:\python3.5\Scripts\;G:\python3.5\;F:\anaconda 3.5.1;F:\anaconda 3.5.1\Library\mingw-w64\bin;F:\anaconda 3.5.1\Library\usr\bin;F:\anaconda 3.5.1\Library\bin;F:\anaconda 3.5.1\Scripts;C:\Users\14241\AppData\Local\Microsoft\WindowsApps;C:\Users\14241\AppData\Roaming\npm;C:\Program Files\Intel\WiFi\bin\;C:\Program Files\Common Files\Intel\WirelessCommon\;F:\Visual studio code\Microsoft VS Code\bin;.]
[2018-11-14 23:15:30] -- [INFO ]: [org.apache.catalina.core.ContainerBase.[Tomcat].[localhost].[/]] -- Initializing Spring embedded WebApplicationContext
[2018-11-14 23:15:31] -- [INFO ]: [com.zaxxer.hikari.HikariDataSource] -- HikariPool-1 - Starting...
[2018-11-14 23:15:31] -- [INFO ]: [com.zaxxer.hikari.HikariDataSource] -- HikariPool-1 - Start completed.
[2018-11-14 23:15:32] -- [INFO ]: [org.hibernate.jpa.internal.util.LogHelper] -- HHH000204: Processing PersistenceUnitInfo [
	name: default
	...]
[2018-11-14 23:15:32] -- [INFO ]: [org.hibernate.Version] -- HHH000412: Hibernate Core {5.2.8.Final}
[2018-11-14 23:15:32] -- [INFO ]: [org.hibernate.cfg.Environment] -- HHH000206: hibernate.properties not found
[2018-11-14 23:15:32] -- [INFO ]: [org.hibernate.annotations.common.Version] -- HCANN000001: Hibernate Commons Annotations {5.0.1.Final}
[2018-11-14 23:15:32] -- [INFO ]: [org.hibernate.dialect.Dialect] -- HHH000400: Using dialect: org.hibernate.dialect.MySQL5Dialect
[2018-11-14 23:15:32] -- [INFO ]: [org.hibernate.envers.boot.internal.EnversServiceImpl] -- Envers integration enabled? : true
[2018-11-14 23:15:38] -- [INFO ]: [springfox.documentation.spring.web.PropertySourcedRequestMappingHandlerMapping] -- Mapped URL path [/api-docs] onto method [public org.springframework.http.ResponseEntity<springfox.documentation.spring.web.json.Json> springfox.documentation.swagger2.web.Swagger2Controller.getDocumentation(java.lang.String,javax.servlet.http.HttpServletRequest)]
[2018-11-14 23:15:39] -- [INFO ]: [springfox.documentation.spring.web.plugins.DocumentationPluginsBootstrapper] -- Context refreshed
[2018-11-14 23:15:39] -- [INFO ]: [springfox.documentation.spring.web.plugins.DocumentationPluginsBootstrapper] -- Found 1 custom documentation plugin(s)
[2018-11-14 23:15:39] -- [INFO ]: [springfox.documentation.spring.web.scanners.ApiListingReferenceScanner] -- Scanning for api listing references
[2018-11-14 23:15:40] -- [INFO ]: [org.apache.coyote.http11.Http11NioProtocol] -- Starting ProtocolHandler ["http-nio-8080"]
[2018-11-14 23:15:40] -- [INFO ]: [com.example.jwt.JwtApplication] -- Started JwtApplication in 17.169 seconds (JVM running for 18.126)
[2018-11-14 23:15:58] -- [INFO ]: [org.apache.catalina.core.ContainerBase.[Tomcat].[localhost].[/]] -- Initializing Spring FrameworkServlet 'dispatcherServlet'
[2018-11-14 23:15:59] -- [INFO ]: [com.example.jwt.rest.system.DepartmentRestController] -- REST request to create Department : 40
[2018-11-14 23:18:10] -- [INFO ]: [com.example.jwt.rest.system.DepartmentRestController] -- REST request to create Department : 41
