[2018-11-15 17:13:51] -- [INFO ]: [com.example.jwt.JwtApplication] -- Starting JwtApplication on DESKTOP-A1D8L3V with PID 11216 (started by 14241 in F:\Java_projects\jwt\2018年10月16日\jwt_ecache)
[2018-11-15 17:13:51] -- [INFO ]: [com.example.jwt.JwtApplication] -- The following profiles are active: dev
[2018-11-15 17:13:57] -- [INFO ]: [org.apache.coyote.http11.Http11NioProtocol] -- Initializing ProtocolHandler ["http-nio-8080"]
[2018-11-15 17:13:57] -- [INFO ]: [org.apache.catalina.core.StandardService] -- Starting service [Tomcat]
[2018-11-15 17:13:57] -- [INFO ]: [org.apache.catalina.core.StandardEngine] -- Starting Servlet Engine: Apache Tomcat/8.5.34
[2018-11-15 17:13:57] -- [INFO ]: [org.apache.catalina.core.AprLifecycleListener] -- The APR based Apache Tomcat Native library which allows optimal performance in production environments was not found on the java.library.path: [F:\Java\jdk 1.8\bin;C:\Windows\Sun\Java\bin;C:\Windows\system32;C:\Windows;C:\Program Files\NVIDIA GPU Computing Toolkit\CUDA\v8.0\lib\x64;C:\Program Files\NVIDIA GPU Computing Toolkit\CUDA\v8.0;C:\Program Files\NVIDIA GPU Computing Toolkit\CUDA\v8.0\bin;C:\Program Files\NVIDIA GPU Computing Toolkit\CUDA\v8.0\libnvvp;F:\node.js\node_global;C:\Program Files\MySQL\MySQL Server 5.7\bin;F:\Java\spring-2.1.0.BUILD-SNAPSHOT\bin;%F:\Java\gradle-4.9\bin;C:\ProgramData\Oracle\Java\javapath;F:\Java\jdk 1.8\bin;F:\Java\jdk 1.8\jre\bin;F:\Java\apache-maven-3.5.4\bin;G:\Python3.5\;G:\Python3.5\Scripts;F:\Python\;F:\Python\Scripts;C:\Windows\system32;C:\Windows;C:\Windows\System32\Wbem;C:\Windows\System32\WindowsPowerShell\v1.0\;C:\Program Files\Microsoft SQL Server\110\Tools\Binn\;C:\Program Files\Microsoft SQL Server\120\Tools\Binn\;c:\Program Files (x86)\Microsoft SQL Server\100\Tools\Binn\;c:\Program Files\Microsoft SQL Server\100\Tools\Binn\;c:\Program Files\Microsoft SQL Server\100\DTS\Binn\;F:\Matlab2015b\runtime\win64;F:\Matlab2015b\bin;F:\Matlab2015b\polyspace\bin;F:\TortoiseSVN\bin;C:\Program Files (x86)\Windows Kits\8.1\Windows Performance Toolkit\;F:\mysql\bin;C:\Program Files (x86)\MySQL\MySQL Utilities 1.6\;F:\git for windows\Git\cmd;F:\node.js\;C:\Program Files\Intel\WiFi\bin\;C:\Program Files\Common Files\Intel\WirelessCommon\;C:\Program Files (x86)\NVIDIA Corporation\PhysX\Common;F:\Java_projects\redis\;G:\python3.5\Scripts\;G:\python3.5\;F:\anaconda 3.5.1;F:\anaconda 3.5.1\Library\mingw-w64\bin;F:\anaconda 3.5.1\Library\usr\bin;F:\anaconda 3.5.1\Library\bin;F:\anaconda 3.5.1\Scripts;C:\Users\14241\AppData\Local\Microsoft\WindowsApps;C:\Users\14241\AppData\Roaming\npm;C:\Program Files\Intel\WiFi\bin\;C:\Program Files\Common Files\Intel\WirelessCommon\;F:\Visual studio code\Microsoft VS Code\bin;.]
[2018-11-15 17:13:57] -- [INFO ]: [org.apache.catalina.core.ContainerBase.[Tomcat].[localhost].[/]] -- Initializing Spring embedded WebApplicationContext
[2018-11-15 17:13:58] -- [INFO ]: [com.zaxxer.hikari.HikariDataSource] -- HikariPool-1 - Starting...
[2018-11-15 17:13:58] -- [INFO ]: [com.zaxxer.hikari.HikariDataSource] -- HikariPool-1 - Start completed.
[2018-11-15 17:13:59] -- [INFO ]: [org.hibernate.jpa.internal.util.LogHelper] -- HHH000204: Processing PersistenceUnitInfo [
	name: default
	...]
[2018-11-15 17:13:59] -- [INFO ]: [org.hibernate.Version] -- HHH000412: Hibernate Core {5.2.8.Final}
[2018-11-15 17:13:59] -- [INFO ]: [org.hibernate.cfg.Environment] -- HHH000206: hibernate.properties not found
[2018-11-15 17:13:59] -- [INFO ]: [org.hibernate.annotations.common.Version] -- HCANN000001: Hibernate Commons Annotations {5.0.1.Final}
[2018-11-15 17:13:59] -- [INFO ]: [org.hibernate.dialect.Dialect] -- HHH000400: Using dialect: org.hibernate.dialect.MySQL5Dialect
[2018-11-15 17:13:59] -- [INFO ]: [org.hibernate.envers.boot.internal.EnversServiceImpl] -- Envers integration enabled? : true
[2018-11-15 17:14:05] -- [INFO ]: [springfox.documentation.spring.web.PropertySourcedRequestMappingHandlerMapping] -- Mapped URL path [/api-docs] onto method [public org.springframework.http.ResponseEntity<springfox.documentation.spring.web.json.Json> springfox.documentation.swagger2.web.Swagger2Controller.getDocumentation(java.lang.String,javax.servlet.http.HttpServletRequest)]
[2018-11-15 17:14:06] -- [INFO ]: [springfox.documentation.spring.web.plugins.DocumentationPluginsBootstrapper] -- Context refreshed
[2018-11-15 17:14:06] -- [INFO ]: [springfox.documentation.spring.web.plugins.DocumentationPluginsBootstrapper] -- Found 1 custom documentation plugin(s)
[2018-11-15 17:14:06] -- [INFO ]: [springfox.documentation.spring.web.scanners.ApiListingReferenceScanner] -- Scanning for api listing references
[2018-11-15 17:14:06] -- [INFO ]: [org.apache.coyote.http11.Http11NioProtocol] -- Starting ProtocolHandler ["http-nio-8080"]
[2018-11-15 17:14:06] -- [INFO ]: [com.example.jwt.JwtApplication] -- Started JwtApplication in 16.535 seconds (JVM running for 17.56)
[2018-11-15 17:14:39] -- [INFO ]: [com.example.jwt.JwtApplication] -- Starting JwtApplication on DESKTOP-A1D8L3V with PID 21464 (started by 14241 in F:\Java_projects\jwt\2018年10月16日\jwt_ecache)
[2018-11-15 17:14:39] -- [INFO ]: [com.example.jwt.JwtApplication] -- The following profiles are active: dev
[2018-11-15 17:14:45] -- [INFO ]: [org.apache.coyote.http11.Http11NioProtocol] -- Initializing ProtocolHandler ["http-nio-8080"]
[2018-11-15 17:14:45] -- [INFO ]: [org.apache.catalina.core.StandardService] -- Starting service [Tomcat]
[2018-11-15 17:14:45] -- [INFO ]: [org.apache.catalina.core.StandardEngine] -- Starting Servlet Engine: Apache Tomcat/8.5.34
[2018-11-15 17:14:46] -- [INFO ]: [org.apache.catalina.core.AprLifecycleListener] -- The APR based Apache Tomcat Native library which allows optimal performance in production environments was not found on the java.library.path: [F:\Java\jdk 1.8\bin;C:\Windows\Sun\Java\bin;C:\Windows\system32;C:\Windows;C:\Program Files\NVIDIA GPU Computing Toolkit\CUDA\v8.0\lib\x64;C:\Program Files\NVIDIA GPU Computing Toolkit\CUDA\v8.0;C:\Program Files\NVIDIA GPU Computing Toolkit\CUDA\v8.0\bin;C:\Program Files\NVIDIA GPU Computing Toolkit\CUDA\v8.0\libnvvp;F:\node.js\node_global;C:\Program Files\MySQL\MySQL Server 5.7\bin;F:\Java\spring-2.1.0.BUILD-SNAPSHOT\bin;%F:\Java\gradle-4.9\bin;C:\ProgramData\Oracle\Java\javapath;F:\Java\jdk 1.8\bin;F:\Java\jdk 1.8\jre\bin;F:\Java\apache-maven-3.5.4\bin;G:\Python3.5\;G:\Python3.5\Scripts;F:\Python\;F:\Python\Scripts;C:\Windows\system32;C:\Windows;C:\Windows\System32\Wbem;C:\Windows\System32\WindowsPowerShell\v1.0\;C:\Program Files\Microsoft SQL Server\110\Tools\Binn\;C:\Program Files\Microsoft SQL Server\120\Tools\Binn\;c:\Program Files (x86)\Microsoft SQL Server\100\Tools\Binn\;c:\Program Files\Microsoft SQL Server\100\Tools\Binn\;c:\Program Files\Microsoft SQL Server\100\DTS\Binn\;F:\Matlab2015b\runtime\win64;F:\Matlab2015b\bin;F:\Matlab2015b\polyspace\bin;F:\TortoiseSVN\bin;C:\Program Files (x86)\Windows Kits\8.1\Windows Performance Toolkit\;F:\mysql\bin;C:\Program Files (x86)\MySQL\MySQL Utilities 1.6\;F:\git for windows\Git\cmd;F:\node.js\;C:\Program Files\Intel\WiFi\bin\;C:\Program Files\Common Files\Intel\WirelessCommon\;C:\Program Files (x86)\NVIDIA Corporation\PhysX\Common;F:\Java_projects\redis\;G:\python3.5\Scripts\;G:\python3.5\;F:\anaconda 3.5.1;F:\anaconda 3.5.1\Library\mingw-w64\bin;F:\anaconda 3.5.1\Library\usr\bin;F:\anaconda 3.5.1\Library\bin;F:\anaconda 3.5.1\Scripts;C:\Users\14241\AppData\Local\Microsoft\WindowsApps;C:\Users\14241\AppData\Roaming\npm;C:\Program Files\Intel\WiFi\bin\;C:\Program Files\Common Files\Intel\WirelessCommon\;F:\Visual studio code\Microsoft VS Code\bin;.]
[2018-11-15 17:14:46] -- [INFO ]: [org.apache.catalina.core.ContainerBase.[Tomcat].[localhost].[/]] -- Initializing Spring embedded WebApplicationContext
[2018-11-15 17:14:47] -- [INFO ]: [com.zaxxer.hikari.HikariDataSource] -- HikariPool-1 - Starting...
[2018-11-15 17:14:47] -- [INFO ]: [com.zaxxer.hikari.HikariDataSource] -- HikariPool-1 - Start completed.
[2018-11-15 17:14:47] -- [INFO ]: [org.hibernate.jpa.internal.util.LogHelper] -- HHH000204: Processing PersistenceUnitInfo [
	name: default
	...]
[2018-11-15 17:14:47] -- [INFO ]: [org.hibernate.Version] -- HHH000412: Hibernate Core {5.2.8.Final}
[2018-11-15 17:14:47] -- [INFO ]: [org.hibernate.cfg.Environment] -- HHH000206: hibernate.properties not found
[2018-11-15 17:14:47] -- [INFO ]: [org.hibernate.annotations.common.Version] -- HCANN000001: Hibernate Commons Annotations {5.0.1.Final}
[2018-11-15 17:14:48] -- [INFO ]: [org.hibernate.dialect.Dialect] -- HHH000400: Using dialect: org.hibernate.dialect.MySQL5Dialect
[2018-11-15 17:14:48] -- [INFO ]: [org.hibernate.envers.boot.internal.EnversServiceImpl] -- Envers integration enabled? : true
[2018-11-15 17:14:53] -- [INFO ]: [springfox.documentation.spring.web.PropertySourcedRequestMappingHandlerMapping] -- Mapped URL path [/api-docs] onto method [public org.springframework.http.ResponseEntity<springfox.documentation.spring.web.json.Json> springfox.documentation.swagger2.web.Swagger2Controller.getDocumentation(java.lang.String,javax.servlet.http.HttpServletRequest)]
[2018-11-15 17:14:55] -- [INFO ]: [springfox.documentation.spring.web.plugins.DocumentationPluginsBootstrapper] -- Context refreshed
[2018-11-15 17:14:55] -- [INFO ]: [springfox.documentation.spring.web.plugins.DocumentationPluginsBootstrapper] -- Found 1 custom documentation plugin(s)
[2018-11-15 17:14:55] -- [INFO ]: [springfox.documentation.spring.web.scanners.ApiListingReferenceScanner] -- Scanning for api listing references
[2018-11-15 17:14:56] -- [INFO ]: [org.apache.coyote.http11.Http11NioProtocol] -- Starting ProtocolHandler ["http-nio-8080"]
[2018-11-15 17:14:56] -- [INFO ]: [com.example.jwt.JwtApplication] -- Started JwtApplication in 17.886 seconds (JVM running for 18.886)
[2018-11-15 17:16:04] -- [INFO ]: [org.apache.catalina.core.ContainerBase.[Tomcat].[localhost].[/]] -- Initializing Spring FrameworkServlet 'dispatcherServlet'
[2018-11-15 17:16:04] -- [INFO ]: [com.example.jwt.rest.system.DepartmentRestController] -- REST request to get single Department : 60
[2018-11-15 17:16:11] -- [INFO ]: [com.example.jwt.rest.system.DepartmentRestController] -- REST request to create Department : 62
[2018-11-15 17:16:13] -- [INFO ]: [com.example.jwt.rest.system.DepartmentRestController] -- REST request to create Department : 63
[2018-11-15 17:18:29] -- [INFO ]: [com.example.jwt.rest.system.DepartmentRestController] -- REST request to create Department : 64
[2018-11-15 17:18:29] -- [INFO ]: [com.example.jwt.rest.system.DepartmentRestController] -- REST request to create Department : 65
[2018-11-15 17:19:39] -- [INFO ]: [com.example.jwt.JwtApplication] -- Starting JwtApplication on DESKTOP-A1D8L3V with PID 9504 (started by 14241 in F:\Java_projects\jwt\2018年10月16日\jwt_ecache)
[2018-11-15 17:19:39] -- [INFO ]: [com.example.jwt.JwtApplication] -- The following profiles are active: dev
[2018-11-15 17:19:45] -- [INFO ]: [org.apache.coyote.http11.Http11NioProtocol] -- Initializing ProtocolHandler ["http-nio-8080"]
[2018-11-15 17:19:45] -- [INFO ]: [org.apache.catalina.core.StandardService] -- Starting service [Tomcat]
[2018-11-15 17:19:45] -- [INFO ]: [org.apache.catalina.core.StandardEngine] -- Starting Servlet Engine: Apache Tomcat/8.5.34
[2018-11-15 17:19:45] -- [INFO ]: [org.apache.catalina.core.AprLifecycleListener] -- The APR based Apache Tomcat Native library which allows optimal performance in production environments was not found on the java.library.path: [F:\Java\jdk 1.8\bin;C:\Windows\Sun\Java\bin;C:\Windows\system32;C:\Windows;C:\Program Files\NVIDIA GPU Computing Toolkit\CUDA\v8.0\lib\x64;C:\Program Files\NVIDIA GPU Computing Toolkit\CUDA\v8.0;C:\Program Files\NVIDIA GPU Computing Toolkit\CUDA\v8.0\bin;C:\Program Files\NVIDIA GPU Computing Toolkit\CUDA\v8.0\libnvvp;F:\node.js\node_global;C:\Program Files\MySQL\MySQL Server 5.7\bin;F:\Java\spring-2.1.0.BUILD-SNAPSHOT\bin;%F:\Java\gradle-4.9\bin;C:\ProgramData\Oracle\Java\javapath;F:\Java\jdk 1.8\bin;F:\Java\jdk 1.8\jre\bin;F:\Java\apache-maven-3.5.4\bin;G:\Python3.5\;G:\Python3.5\Scripts;F:\Python\;F:\Python\Scripts;C:\Windows\system32;C:\Windows;C:\Windows\System32\Wbem;C:\Windows\System32\WindowsPowerShell\v1.0\;C:\Program Files\Microsoft SQL Server\110\Tools\Binn\;C:\Program Files\Microsoft SQL Server\120\Tools\Binn\;c:\Program Files (x86)\Microsoft SQL Server\100\Tools\Binn\;c:\Program Files\Microsoft SQL Server\100\Tools\Binn\;c:\Program Files\Microsoft SQL Server\100\DTS\Binn\;F:\Matlab2015b\runtime\win64;F:\Matlab2015b\bin;F:\Matlab2015b\polyspace\bin;F:\TortoiseSVN\bin;C:\Program Files (x86)\Windows Kits\8.1\Windows Performance Toolkit\;F:\mysql\bin;C:\Program Files (x86)\MySQL\MySQL Utilities 1.6\;F:\git for windows\Git\cmd;F:\node.js\;C:\Program Files\Intel\WiFi\bin\;C:\Program Files\Common Files\Intel\WirelessCommon\;C:\Program Files (x86)\NVIDIA Corporation\PhysX\Common;F:\Java_projects\redis\;G:\python3.5\Scripts\;G:\python3.5\;F:\anaconda 3.5.1;F:\anaconda 3.5.1\Library\mingw-w64\bin;F:\anaconda 3.5.1\Library\usr\bin;F:\anaconda 3.5.1\Library\bin;F:\anaconda 3.5.1\Scripts;C:\Users\14241\AppData\Local\Microsoft\WindowsApps;C:\Users\14241\AppData\Roaming\npm;C:\Program Files\Intel\WiFi\bin\;C:\Program Files\Common Files\Intel\WirelessCommon\;F:\Visual studio code\Microsoft VS Code\bin;.]
[2018-11-15 17:19:45] -- [INFO ]: [org.apache.catalina.core.ContainerBase.[Tomcat].[localhost].[/]] -- Initializing Spring embedded WebApplicationContext
[2018-11-15 17:19:46] -- [INFO ]: [com.zaxxer.hikari.HikariDataSource] -- HikariPool-1 - Starting...
[2018-11-15 17:19:47] -- [INFO ]: [com.zaxxer.hikari.HikariDataSource] -- HikariPool-1 - Start completed.
[2018-11-15 17:19:47] -- [INFO ]: [org.hibernate.jpa.internal.util.LogHelper] -- HHH000204: Processing PersistenceUnitInfo [
	name: default
	...]
[2018-11-15 17:19:47] -- [INFO ]: [org.hibernate.Version] -- HHH000412: Hibernate Core {5.2.8.Final}
[2018-11-15 17:19:47] -- [INFO ]: [org.hibernate.cfg.Environment] -- HHH000206: hibernate.properties not found
[2018-11-15 17:19:47] -- [INFO ]: [org.hibernate.annotations.common.Version] -- HCANN000001: Hibernate Commons Annotations {5.0.1.Final}
[2018-11-15 17:19:47] -- [INFO ]: [org.hibernate.dialect.Dialect] -- HHH000400: Using dialect: org.hibernate.dialect.MySQL5Dialect
[2018-11-15 17:19:48] -- [INFO ]: [org.hibernate.envers.boot.internal.EnversServiceImpl] -- Envers integration enabled? : true
[2018-11-15 17:19:54] -- [INFO ]: [springfox.documentation.spring.web.PropertySourcedRequestMappingHandlerMapping] -- Mapped URL path [/api-docs] onto method [public org.springframework.http.ResponseEntity<springfox.documentation.spring.web.json.Json> springfox.documentation.swagger2.web.Swagger2Controller.getDocumentation(java.lang.String,javax.servlet.http.HttpServletRequest)]
[2018-11-15 17:19:55] -- [INFO ]: [springfox.documentation.spring.web.plugins.DocumentationPluginsBootstrapper] -- Context refreshed
[2018-11-15 17:19:55] -- [INFO ]: [springfox.documentation.spring.web.plugins.DocumentationPluginsBootstrapper] -- Found 1 custom documentation plugin(s)
[2018-11-15 17:19:55] -- [INFO ]: [springfox.documentation.spring.web.scanners.ApiListingReferenceScanner] -- Scanning for api listing references
[2018-11-15 17:19:56] -- [INFO ]: [org.apache.coyote.http11.Http11NioProtocol] -- Starting ProtocolHandler ["http-nio-8080"]
[2018-11-15 17:19:56] -- [INFO ]: [com.example.jwt.JwtApplication] -- Started JwtApplication in 18.206 seconds (JVM running for 19.188)
[2018-11-15 17:40:35] -- [INFO ]: [com.example.jwt.JwtApplication] -- Starting JwtApplication on DESKTOP-A1D8L3V with PID 10200 (started by 14241 in F:\Java_projects\jwt\2018年10月16日\jwt_ecache)
[2018-11-15 17:40:35] -- [INFO ]: [com.example.jwt.JwtApplication] -- The following profiles are active: dev
[2018-11-15 17:40:42] -- [INFO ]: [org.apache.coyote.http11.Http11NioProtocol] -- Initializing ProtocolHandler ["http-nio-8080"]
[2018-11-15 17:40:42] -- [INFO ]: [org.apache.catalina.core.StandardService] -- Starting service [Tomcat]
[2018-11-15 17:40:42] -- [INFO ]: [org.apache.catalina.core.StandardEngine] -- Starting Servlet Engine: Apache Tomcat/8.5.34
[2018-11-15 17:40:43] -- [INFO ]: [org.apache.catalina.core.AprLifecycleListener] -- The APR based Apache Tomcat Native library which allows optimal performance in production environments was not found on the java.library.path: [F:\Java\jdk 1.8\bin;C:\Windows\Sun\Java\bin;C:\Windows\system32;C:\Windows;C:\Program Files\NVIDIA GPU Computing Toolkit\CUDA\v8.0\lib\x64;C:\Program Files\NVIDIA GPU Computing Toolkit\CUDA\v8.0;C:\Program Files\NVIDIA GPU Computing Toolkit\CUDA\v8.0\bin;C:\Program Files\NVIDIA GPU Computing Toolkit\CUDA\v8.0\libnvvp;F:\node.js\node_global;C:\Program Files\MySQL\MySQL Server 5.7\bin;F:\Java\spring-2.1.0.BUILD-SNAPSHOT\bin;%F:\Java\gradle-4.9\bin;C:\ProgramData\Oracle\Java\javapath;F:\Java\jdk 1.8\bin;F:\Java\jdk 1.8\jre\bin;F:\Java\apache-maven-3.5.4\bin;G:\Python3.5\;G:\Python3.5\Scripts;F:\Python\;F:\Python\Scripts;C:\Windows\system32;C:\Windows;C:\Windows\System32\Wbem;C:\Windows\System32\WindowsPowerShell\v1.0\;C:\Program Files\Microsoft SQL Server\110\Tools\Binn\;C:\Program Files\Microsoft SQL Server\120\Tools\Binn\;c:\Program Files (x86)\Microsoft SQL Server\100\Tools\Binn\;c:\Program Files\Microsoft SQL Server\100\Tools\Binn\;c:\Program Files\Microsoft SQL Server\100\DTS\Binn\;F:\Matlab2015b\runtime\win64;F:\Matlab2015b\bin;F:\Matlab2015b\polyspace\bin;F:\TortoiseSVN\bin;C:\Program Files (x86)\Windows Kits\8.1\Windows Performance Toolkit\;F:\mysql\bin;C:\Program Files (x86)\MySQL\MySQL Utilities 1.6\;F:\git for windows\Git\cmd;F:\node.js\;C:\Program Files\Intel\WiFi\bin\;C:\Program Files\Common Files\Intel\WirelessCommon\;C:\Program Files (x86)\NVIDIA Corporation\PhysX\Common;F:\Java_projects\redis\;G:\python3.5\Scripts\;G:\python3.5\;F:\anaconda 3.5.1;F:\anaconda 3.5.1\Library\mingw-w64\bin;F:\anaconda 3.5.1\Library\usr\bin;F:\anaconda 3.5.1\Library\bin;F:\anaconda 3.5.1\Scripts;C:\Users\14241\AppData\Local\Microsoft\WindowsApps;C:\Users\14241\AppData\Roaming\npm;C:\Program Files\Intel\WiFi\bin\;C:\Program Files\Common Files\Intel\WirelessCommon\;F:\Visual studio code\Microsoft VS Code\bin;.]
[2018-11-15 17:40:43] -- [INFO ]: [org.apache.catalina.core.ContainerBase.[Tomcat].[localhost].[/]] -- Initializing Spring embedded WebApplicationContext
[2018-11-15 17:40:44] -- [INFO ]: [com.zaxxer.hikari.HikariDataSource] -- HikariPool-1 - Starting...
[2018-11-15 17:40:44] -- [INFO ]: [com.zaxxer.hikari.HikariDataSource] -- HikariPool-1 - Start completed.
[2018-11-15 17:40:44] -- [INFO ]: [org.hibernate.jpa.internal.util.LogHelper] -- HHH000204: Processing PersistenceUnitInfo [
	name: default
	...]
[2018-11-15 17:40:45] -- [INFO ]: [org.hibernate.Version] -- HHH000412: Hibernate Core {5.2.8.Final}
[2018-11-15 17:40:45] -- [INFO ]: [org.hibernate.cfg.Environment] -- HHH000206: hibernate.properties not found
[2018-11-15 17:40:45] -- [INFO ]: [org.hibernate.annotations.common.Version] -- HCANN000001: Hibernate Commons Annotations {5.0.1.Final}
[2018-11-15 17:40:45] -- [INFO ]: [org.hibernate.dialect.Dialect] -- HHH000400: Using dialect: org.hibernate.dialect.MySQL5Dialect
[2018-11-15 17:40:45] -- [INFO ]: [org.hibernate.envers.boot.internal.EnversServiceImpl] -- Envers integration enabled? : true
[2018-11-15 17:40:53] -- [INFO ]: [springfox.documentation.spring.web.PropertySourcedRequestMappingHandlerMapping] -- Mapped URL path [/api-docs] onto method [public org.springframework.http.ResponseEntity<springfox.documentation.spring.web.json.Json> springfox.documentation.swagger2.web.Swagger2Controller.getDocumentation(java.lang.String,javax.servlet.http.HttpServletRequest)]
[2018-11-15 17:40:54] -- [INFO ]: [springfox.documentation.spring.web.plugins.DocumentationPluginsBootstrapper] -- Context refreshed
[2018-11-15 17:40:55] -- [INFO ]: [springfox.documentation.spring.web.plugins.DocumentationPluginsBootstrapper] -- Found 1 custom documentation plugin(s)
[2018-11-15 17:40:55] -- [INFO ]: [springfox.documentation.spring.web.scanners.ApiListingReferenceScanner] -- Scanning for api listing references
[2018-11-15 17:40:55] -- [INFO ]: [org.apache.coyote.http11.Http11NioProtocol] -- Starting ProtocolHandler ["http-nio-8080"]
[2018-11-15 17:40:55] -- [INFO ]: [com.example.jwt.JwtApplication] -- Started JwtApplication in 21.262 seconds (JVM running for 22.4)
[2018-11-15 17:41:03] -- [INFO ]: [org.apache.catalina.core.ContainerBase.[Tomcat].[localhost].[/]] -- Initializing Spring FrameworkServlet 'dispatcherServlet'
[2018-11-15 17:41:15] -- [INFO ]: [org.hibernate.engine.jdbc.batch.internal.AbstractBatchImpl] -- HHH000010: On release of batch it still contained JDBC statements
[2018-11-15 18:23:03] -- [INFO ]: [com.example.jwt.JwtApplication] -- Starting JwtApplication on DESKTOP-A1D8L3V with PID 18896 (started by 14241 in F:\Java_projects\jwt\2018年10月16日\jwt_ecache)
[2018-11-15 18:23:03] -- [INFO ]: [com.example.jwt.JwtApplication] -- The following profiles are active: dev
[2018-11-15 18:23:12] -- [INFO ]: [org.apache.coyote.http11.Http11NioProtocol] -- Initializing ProtocolHandler ["http-nio-8080"]
[2018-11-15 18:23:12] -- [INFO ]: [org.apache.catalina.core.StandardService] -- Starting service [Tomcat]
[2018-11-15 18:23:12] -- [INFO ]: [org.apache.catalina.core.StandardEngine] -- Starting Servlet Engine: Apache Tomcat/8.5.34
[2018-11-15 18:23:12] -- [INFO ]: [org.apache.catalina.core.AprLifecycleListener] -- The APR based Apache Tomcat Native library which allows optimal performance in production environments was not found on the java.library.path: [F:\Java\jdk 1.8\bin;C:\Windows\Sun\Java\bin;C:\Windows\system32;C:\Windows;C:\Program Files\NVIDIA GPU Computing Toolkit\CUDA\v8.0\lib\x64;C:\Program Files\NVIDIA GPU Computing Toolkit\CUDA\v8.0;C:\Program Files\NVIDIA GPU Computing Toolkit\CUDA\v8.0\bin;C:\Program Files\NVIDIA GPU Computing Toolkit\CUDA\v8.0\libnvvp;F:\node.js\node_global;C:\Program Files\MySQL\MySQL Server 5.7\bin;F:\Java\spring-2.1.0.BUILD-SNAPSHOT\bin;%F:\Java\gradle-4.9\bin;C:\ProgramData\Oracle\Java\javapath;F:\Java\jdk 1.8\bin;F:\Java\jdk 1.8\jre\bin;F:\Java\apache-maven-3.5.4\bin;G:\Python3.5\;G:\Python3.5\Scripts;F:\Python\;F:\Python\Scripts;C:\Windows\system32;C:\Windows;C:\Windows\System32\Wbem;C:\Windows\System32\WindowsPowerShell\v1.0\;C:\Program Files\Microsoft SQL Server\110\Tools\Binn\;C:\Program Files\Microsoft SQL Server\120\Tools\Binn\;c:\Program Files (x86)\Microsoft SQL Server\100\Tools\Binn\;c:\Program Files\Microsoft SQL Server\100\Tools\Binn\;c:\Program Files\Microsoft SQL Server\100\DTS\Binn\;F:\Matlab2015b\runtime\win64;F:\Matlab2015b\bin;F:\Matlab2015b\polyspace\bin;F:\TortoiseSVN\bin;C:\Program Files (x86)\Windows Kits\8.1\Windows Performance Toolkit\;F:\mysql\bin;C:\Program Files (x86)\MySQL\MySQL Utilities 1.6\;F:\git for windows\Git\cmd;F:\node.js\;C:\Program Files\Intel\WiFi\bin\;C:\Program Files\Common Files\Intel\WirelessCommon\;C:\Program Files (x86)\NVIDIA Corporation\PhysX\Common;F:\Java_projects\redis\;G:\python3.5\Scripts\;G:\python3.5\;F:\anaconda 3.5.1;F:\anaconda 3.5.1\Library\mingw-w64\bin;F:\anaconda 3.5.1\Library\usr\bin;F:\anaconda 3.5.1\Library\bin;F:\anaconda 3.5.1\Scripts;C:\Users\14241\AppData\Local\Microsoft\WindowsApps;C:\Users\14241\AppData\Roaming\npm;C:\Program Files\Intel\WiFi\bin\;C:\Program Files\Common Files\Intel\WirelessCommon\;F:\Visual studio code\Microsoft VS Code\bin;.]
[2018-11-15 18:23:12] -- [INFO ]: [org.apache.catalina.core.ContainerBase.[Tomcat].[localhost].[/]] -- Initializing Spring embedded WebApplicationContext
[2018-11-15 18:23:15] -- [INFO ]: [com.zaxxer.hikari.HikariDataSource] -- HikariPool-1 - Starting...
[2018-11-15 18:23:15] -- [INFO ]: [com.zaxxer.hikari.HikariDataSource] -- HikariPool-1 - Start completed.
[2018-11-15 18:23:16] -- [INFO ]: [org.hibernate.jpa.internal.util.LogHelper] -- HHH000204: Processing PersistenceUnitInfo [
	name: default
	...]
[2018-11-15 18:23:16] -- [INFO ]: [org.hibernate.Version] -- HHH000412: Hibernate Core {5.2.8.Final}
[2018-11-15 18:23:16] -- [INFO ]: [org.hibernate.cfg.Environment] -- HHH000206: hibernate.properties not found
[2018-11-15 18:23:16] -- [INFO ]: [org.hibernate.annotations.common.Version] -- HCANN000001: Hibernate Commons Annotations {5.0.1.Final}
[2018-11-15 18:23:16] -- [INFO ]: [org.hibernate.dialect.Dialect] -- HHH000400: Using dialect: org.hibernate.dialect.MySQL5Dialect
[2018-11-15 18:23:16] -- [INFO ]: [org.hibernate.envers.boot.internal.EnversServiceImpl] -- Envers integration enabled? : true
[2018-11-15 18:23:23] -- [INFO ]: [springfox.documentation.spring.web.PropertySourcedRequestMappingHandlerMapping] -- Mapped URL path [/api-docs] onto method [public org.springframework.http.ResponseEntity<springfox.documentation.spring.web.json.Json> springfox.documentation.swagger2.web.Swagger2Controller.getDocumentation(java.lang.String,javax.servlet.http.HttpServletRequest)]
[2018-11-15 18:23:25] -- [INFO ]: [springfox.documentation.spring.web.plugins.DocumentationPluginsBootstrapper] -- Context refreshed
[2018-11-15 18:23:25] -- [INFO ]: [springfox.documentation.spring.web.plugins.DocumentationPluginsBootstrapper] -- Found 1 custom documentation plugin(s)
[2018-11-15 18:23:25] -- [INFO ]: [springfox.documentation.spring.web.scanners.ApiListingReferenceScanner] -- Scanning for api listing references
[2018-11-15 18:23:26] -- [INFO ]: [org.apache.coyote.http11.Http11NioProtocol] -- Starting ProtocolHandler ["http-nio-8080"]
[2018-11-15 18:23:26] -- [INFO ]: [com.example.jwt.JwtApplication] -- Started JwtApplication in 24.846 seconds (JVM running for 26.285)
[2018-11-15 18:24:07] -- [INFO ]: [org.apache.catalina.core.ContainerBase.[Tomcat].[localhost].[/]] -- Initializing Spring FrameworkServlet 'dispatcherServlet'
[2018-11-15 18:24:41] -- [INFO ]: [org.hibernate.engine.jdbc.batch.internal.AbstractBatchImpl] -- HHH000010: On release of batch it still contained JDBC statements
[2018-11-15 18:26:17] -- [INFO ]: [com.example.jwt.JwtApplication] -- Starting JwtApplication on DESKTOP-A1D8L3V with PID 9080 (started by 14241 in F:\Java_projects\jwt\2018年10月16日\jwt_ecache)
[2018-11-15 18:26:17] -- [INFO ]: [com.example.jwt.JwtApplication] -- The following profiles are active: dev
[2018-11-15 18:26:24] -- [INFO ]: [org.apache.coyote.http11.Http11NioProtocol] -- Initializing ProtocolHandler ["http-nio-8080"]
[2018-11-15 18:26:24] -- [INFO ]: [org.apache.catalina.core.StandardService] -- Starting service [Tomcat]
[2018-11-15 18:26:24] -- [INFO ]: [org.apache.catalina.core.StandardEngine] -- Starting Servlet Engine: Apache Tomcat/8.5.34
[2018-11-15 18:26:24] -- [INFO ]: [org.apache.catalina.core.AprLifecycleListener] -- The APR based Apache Tomcat Native library which allows optimal performance in production environments was not found on the java.library.path: [F:\Java\jdk 1.8\bin;C:\Windows\Sun\Java\bin;C:\Windows\system32;C:\Windows;C:\Program Files\NVIDIA GPU Computing Toolkit\CUDA\v8.0\lib\x64;C:\Program Files\NVIDIA GPU Computing Toolkit\CUDA\v8.0;C:\Program Files\NVIDIA GPU Computing Toolkit\CUDA\v8.0\bin;C:\Program Files\NVIDIA GPU Computing Toolkit\CUDA\v8.0\libnvvp;F:\node.js\node_global;C:\Program Files\MySQL\MySQL Server 5.7\bin;F:\Java\spring-2.1.0.BUILD-SNAPSHOT\bin;%F:\Java\gradle-4.9\bin;C:\ProgramData\Oracle\Java\javapath;F:\Java\jdk 1.8\bin;F:\Java\jdk 1.8\jre\bin;F:\Java\apache-maven-3.5.4\bin;G:\Python3.5\;G:\Python3.5\Scripts;F:\Python\;F:\Python\Scripts;C:\Windows\system32;C:\Windows;C:\Windows\System32\Wbem;C:\Windows\System32\WindowsPowerShell\v1.0\;C:\Program Files\Microsoft SQL Server\110\Tools\Binn\;C:\Program Files\Microsoft SQL Server\120\Tools\Binn\;c:\Program Files (x86)\Microsoft SQL Server\100\Tools\Binn\;c:\Program Files\Microsoft SQL Server\100\Tools\Binn\;c:\Program Files\Microsoft SQL Server\100\DTS\Binn\;F:\Matlab2015b\runtime\win64;F:\Matlab2015b\bin;F:\Matlab2015b\polyspace\bin;F:\TortoiseSVN\bin;C:\Program Files (x86)\Windows Kits\8.1\Windows Performance Toolkit\;F:\mysql\bin;C:\Program Files (x86)\MySQL\MySQL Utilities 1.6\;F:\git for windows\Git\cmd;F:\node.js\;C:\Program Files\Intel\WiFi\bin\;C:\Program Files\Common Files\Intel\WirelessCommon\;C:\Program Files (x86)\NVIDIA Corporation\PhysX\Common;F:\Java_projects\redis\;G:\python3.5\Scripts\;G:\python3.5\;F:\anaconda 3.5.1;F:\anaconda 3.5.1\Library\mingw-w64\bin;F:\anaconda 3.5.1\Library\usr\bin;F:\anaconda 3.5.1\Library\bin;F:\anaconda 3.5.1\Scripts;C:\Users\14241\AppData\Local\Microsoft\WindowsApps;C:\Users\14241\AppData\Roaming\npm;C:\Program Files\Intel\WiFi\bin\;C:\Program Files\Common Files\Intel\WirelessCommon\;F:\Visual studio code\Microsoft VS Code\bin;.]
[2018-11-15 18:26:24] -- [INFO ]: [org.apache.catalina.core.ContainerBase.[Tomcat].[localhost].[/]] -- Initializing Spring embedded WebApplicationContext
[2018-11-15 18:26:25] -- [INFO ]: [com.zaxxer.hikari.HikariDataSource] -- HikariPool-1 - Starting...
[2018-11-15 18:26:26] -- [INFO ]: [com.zaxxer.hikari.HikariDataSource] -- HikariPool-1 - Start completed.
[2018-11-15 18:26:26] -- [INFO ]: [org.hibernate.jpa.internal.util.LogHelper] -- HHH000204: Processing PersistenceUnitInfo [
	name: default
	...]
[2018-11-15 18:26:26] -- [INFO ]: [org.hibernate.Version] -- HHH000412: Hibernate Core {5.2.8.Final}
[2018-11-15 18:26:26] -- [INFO ]: [org.hibernate.cfg.Environment] -- HHH000206: hibernate.properties not found
[2018-11-15 18:26:26] -- [INFO ]: [org.hibernate.annotations.common.Version] -- HCANN000001: Hibernate Commons Annotations {5.0.1.Final}
[2018-11-15 18:26:27] -- [INFO ]: [org.hibernate.dialect.Dialect] -- HHH000400: Using dialect: org.hibernate.dialect.MySQL5Dialect
[2018-11-15 18:26:27] -- [INFO ]: [org.hibernate.envers.boot.internal.EnversServiceImpl] -- Envers integration enabled? : true
[2018-11-15 18:26:35] -- [INFO ]: [springfox.documentation.spring.web.PropertySourcedRequestMappingHandlerMapping] -- Mapped URL path [/api-docs] onto method [public org.springframework.http.ResponseEntity<springfox.documentation.spring.web.json.Json> springfox.documentation.swagger2.web.Swagger2Controller.getDocumentation(java.lang.String,javax.servlet.http.HttpServletRequest)]
[2018-11-15 18:26:36] -- [INFO ]: [springfox.documentation.spring.web.plugins.DocumentationPluginsBootstrapper] -- Context refreshed
[2018-11-15 18:26:36] -- [INFO ]: [springfox.documentation.spring.web.plugins.DocumentationPluginsBootstrapper] -- Found 1 custom documentation plugin(s)
[2018-11-15 18:26:37] -- [INFO ]: [springfox.documentation.spring.web.scanners.ApiListingReferenceScanner] -- Scanning for api listing references
[2018-11-15 18:26:37] -- [INFO ]: [org.apache.coyote.http11.Http11NioProtocol] -- Starting ProtocolHandler ["http-nio-8080"]
[2018-11-15 18:26:37] -- [INFO ]: [com.example.jwt.JwtApplication] -- Started JwtApplication in 21.981 seconds (JVM running for 23.209)
[2018-11-15 18:26:44] -- [INFO ]: [com.example.jwt.JwtApplication] -- Starting JwtApplication on DESKTOP-A1D8L3V with PID 220 (started by 14241 in F:\Java_projects\jwt\2018年10月16日\jwt_ecache)
[2018-11-15 18:26:44] -- [INFO ]: [com.example.jwt.JwtApplication] -- The following profiles are active: dev
[2018-11-15 18:26:52] -- [INFO ]: [org.apache.coyote.http11.Http11NioProtocol] -- Initializing ProtocolHandler ["http-nio-8080"]
[2018-11-15 18:26:52] -- [INFO ]: [org.apache.catalina.core.StandardService] -- Starting service [Tomcat]
[2018-11-15 18:26:52] -- [INFO ]: [org.apache.catalina.core.StandardEngine] -- Starting Servlet Engine: Apache Tomcat/8.5.34
[2018-11-15 18:26:52] -- [INFO ]: [org.apache.catalina.core.AprLifecycleListener] -- The APR based Apache Tomcat Native library which allows optimal performance in production environments was not found on the java.library.path: [F:\Java\jdk 1.8\bin;C:\Windows\Sun\Java\bin;C:\Windows\system32;C:\Windows;C:\Program Files\NVIDIA GPU Computing Toolkit\CUDA\v8.0\lib\x64;C:\Program Files\NVIDIA GPU Computing Toolkit\CUDA\v8.0;C:\Program Files\NVIDIA GPU Computing Toolkit\CUDA\v8.0\bin;C:\Program Files\NVIDIA GPU Computing Toolkit\CUDA\v8.0\libnvvp;F:\node.js\node_global;C:\Program Files\MySQL\MySQL Server 5.7\bin;F:\Java\spring-2.1.0.BUILD-SNAPSHOT\bin;%F:\Java\gradle-4.9\bin;C:\ProgramData\Oracle\Java\javapath;F:\Java\jdk 1.8\bin;F:\Java\jdk 1.8\jre\bin;F:\Java\apache-maven-3.5.4\bin;G:\Python3.5\;G:\Python3.5\Scripts;F:\Python\;F:\Python\Scripts;C:\Windows\system32;C:\Windows;C:\Windows\System32\Wbem;C:\Windows\System32\WindowsPowerShell\v1.0\;C:\Program Files\Microsoft SQL Server\110\Tools\Binn\;C:\Program Files\Microsoft SQL Server\120\Tools\Binn\;c:\Program Files (x86)\Microsoft SQL Server\100\Tools\Binn\;c:\Program Files\Microsoft SQL Server\100\Tools\Binn\;c:\Program Files\Microsoft SQL Server\100\DTS\Binn\;F:\Matlab2015b\runtime\win64;F:\Matlab2015b\bin;F:\Matlab2015b\polyspace\bin;F:\TortoiseSVN\bin;C:\Program Files (x86)\Windows Kits\8.1\Windows Performance Toolkit\;F:\mysql\bin;C:\Program Files (x86)\MySQL\MySQL Utilities 1.6\;F:\git for windows\Git\cmd;F:\node.js\;C:\Program Files\Intel\WiFi\bin\;C:\Program Files\Common Files\Intel\WirelessCommon\;C:\Program Files (x86)\NVIDIA Corporation\PhysX\Common;F:\Java_projects\redis\;G:\python3.5\Scripts\;G:\python3.5\;F:\anaconda 3.5.1;F:\anaconda 3.5.1\Library\mingw-w64\bin;F:\anaconda 3.5.1\Library\usr\bin;F:\anaconda 3.5.1\Library\bin;F:\anaconda 3.5.1\Scripts;C:\Users\14241\AppData\Local\Microsoft\WindowsApps;C:\Users\14241\AppData\Roaming\npm;C:\Program Files\Intel\WiFi\bin\;C:\Program Files\Common Files\Intel\WirelessCommon\;F:\Visual studio code\Microsoft VS Code\bin;.]
[2018-11-15 18:26:52] -- [INFO ]: [org.apache.catalina.core.ContainerBase.[Tomcat].[localhost].[/]] -- Initializing Spring embedded WebApplicationContext
[2018-11-15 18:26:53] -- [INFO ]: [com.zaxxer.hikari.HikariDataSource] -- HikariPool-1 - Starting...
[2018-11-15 18:26:54] -- [INFO ]: [com.zaxxer.hikari.HikariDataSource] -- HikariPool-1 - Start completed.
[2018-11-15 18:26:54] -- [INFO ]: [org.hibernate.jpa.internal.util.LogHelper] -- HHH000204: Processing PersistenceUnitInfo [
	name: default
	...]
[2018-11-15 18:26:55] -- [INFO ]: [org.hibernate.Version] -- HHH000412: Hibernate Core {5.2.8.Final}
[2018-11-15 18:26:55] -- [INFO ]: [org.hibernate.cfg.Environment] -- HHH000206: hibernate.properties not found
[2018-11-15 18:26:55] -- [INFO ]: [org.hibernate.annotations.common.Version] -- HCANN000001: Hibernate Commons Annotations {5.0.1.Final}
[2018-11-15 18:26:55] -- [INFO ]: [org.hibernate.dialect.Dialect] -- HHH000400: Using dialect: org.hibernate.dialect.MySQL5Dialect
[2018-11-15 18:26:55] -- [INFO ]: [org.hibernate.envers.boot.internal.EnversServiceImpl] -- Envers integration enabled? : true
[2018-11-15 18:27:04] -- [INFO ]: [springfox.documentation.spring.web.PropertySourcedRequestMappingHandlerMapping] -- Mapped URL path [/api-docs] onto method [public org.springframework.http.ResponseEntity<springfox.documentation.spring.web.json.Json> springfox.documentation.swagger2.web.Swagger2Controller.getDocumentation(java.lang.String,javax.servlet.http.HttpServletRequest)]
[2018-11-15 18:27:06] -- [INFO ]: [springfox.documentation.spring.web.plugins.DocumentationPluginsBootstrapper] -- Context refreshed
[2018-11-15 18:27:06] -- [INFO ]: [springfox.documentation.spring.web.plugins.DocumentationPluginsBootstrapper] -- Found 1 custom documentation plugin(s)
[2018-11-15 18:27:06] -- [INFO ]: [springfox.documentation.spring.web.scanners.ApiListingReferenceScanner] -- Scanning for api listing references
[2018-11-15 18:27:07] -- [INFO ]: [org.apache.coyote.http11.Http11NioProtocol] -- Starting ProtocolHandler ["http-nio-8080"]
[2018-11-15 18:27:07] -- [INFO ]: [org.apache.coyote.http11.Http11NioProtocol] -- Pausing ProtocolHandler ["http-nio-8080"]
[2018-11-15 18:27:07] -- [INFO ]: [org.apache.catalina.core.StandardService] -- Stopping service [Tomcat]
[2018-11-15 18:27:07] -- [INFO ]: [org.apache.catalina.util.LifecycleBase] -- The stop() method was called on component [StandardServer[-1]] after stop() had already been called. The second call will be ignored.
[2018-11-15 18:27:07] -- [INFO ]: [org.apache.coyote.http11.Http11NioProtocol] -- Stopping ProtocolHandler ["http-nio-8080"]
[2018-11-15 18:27:07] -- [INFO ]: [org.apache.coyote.http11.Http11NioProtocol] -- Destroying ProtocolHandler ["http-nio-8080"]
[2018-11-15 18:27:07] -- [INFO ]: [com.zaxxer.hikari.HikariDataSource] -- HikariPool-1 - Shutdown initiated...
[2018-11-15 18:27:07] -- [INFO ]: [com.zaxxer.hikari.HikariDataSource] -- HikariPool-1 - Shutdown completed.
[2018-11-15 18:27:20] -- [INFO ]: [com.example.jwt.JwtApplication] -- Starting JwtApplication on DESKTOP-A1D8L3V with PID 1076 (started by 14241 in F:\Java_projects\jwt\2018年10月16日\jwt_ecache)
[2018-11-15 18:27:20] -- [INFO ]: [com.example.jwt.JwtApplication] -- The following profiles are active: dev
[2018-11-15 18:27:27] -- [INFO ]: [org.apache.coyote.http11.Http11NioProtocol] -- Initializing ProtocolHandler ["http-nio-8080"]
[2018-11-15 18:27:27] -- [INFO ]: [org.apache.catalina.core.StandardService] -- Starting service [Tomcat]
[2018-11-15 18:27:27] -- [INFO ]: [org.apache.catalina.core.StandardEngine] -- Starting Servlet Engine: Apache Tomcat/8.5.34
[2018-11-15 18:27:27] -- [INFO ]: [org.apache.catalina.core.AprLifecycleListener] -- The APR based Apache Tomcat Native library which allows optimal performance in production environments was not found on the java.library.path: [F:\Java\jdk 1.8\bin;C:\Windows\Sun\Java\bin;C:\Windows\system32;C:\Windows;C:\Program Files\NVIDIA GPU Computing Toolkit\CUDA\v8.0\lib\x64;C:\Program Files\NVIDIA GPU Computing Toolkit\CUDA\v8.0;C:\Program Files\NVIDIA GPU Computing Toolkit\CUDA\v8.0\bin;C:\Program Files\NVIDIA GPU Computing Toolkit\CUDA\v8.0\libnvvp;F:\node.js\node_global;C:\Program Files\MySQL\MySQL Server 5.7\bin;F:\Java\spring-2.1.0.BUILD-SNAPSHOT\bin;%F:\Java\gradle-4.9\bin;C:\ProgramData\Oracle\Java\javapath;F:\Java\jdk 1.8\bin;F:\Java\jdk 1.8\jre\bin;F:\Java\apache-maven-3.5.4\bin;G:\Python3.5\;G:\Python3.5\Scripts;F:\Python\;F:\Python\Scripts;C:\Windows\system32;C:\Windows;C:\Windows\System32\Wbem;C:\Windows\System32\WindowsPowerShell\v1.0\;C:\Program Files\Microsoft SQL Server\110\Tools\Binn\;C:\Program Files\Microsoft SQL Server\120\Tools\Binn\;c:\Program Files (x86)\Microsoft SQL Server\100\Tools\Binn\;c:\Program Files\Microsoft SQL Server\100\Tools\Binn\;c:\Program Files\Microsoft SQL Server\100\DTS\Binn\;F:\Matlab2015b\runtime\win64;F:\Matlab2015b\bin;F:\Matlab2015b\polyspace\bin;F:\TortoiseSVN\bin;C:\Program Files (x86)\Windows Kits\8.1\Windows Performance Toolkit\;F:\mysql\bin;C:\Program Files (x86)\MySQL\MySQL Utilities 1.6\;F:\git for windows\Git\cmd;F:\node.js\;C:\Program Files\Intel\WiFi\bin\;C:\Program Files\Common Files\Intel\WirelessCommon\;C:\Program Files (x86)\NVIDIA Corporation\PhysX\Common;F:\Java_projects\redis\;G:\python3.5\Scripts\;G:\python3.5\;F:\anaconda 3.5.1;F:\anaconda 3.5.1\Library\mingw-w64\bin;F:\anaconda 3.5.1\Library\usr\bin;F:\anaconda 3.5.1\Library\bin;F:\anaconda 3.5.1\Scripts;C:\Users\14241\AppData\Local\Microsoft\WindowsApps;C:\Users\14241\AppData\Roaming\npm;C:\Program Files\Intel\WiFi\bin\;C:\Program Files\Common Files\Intel\WirelessCommon\;F:\Visual studio code\Microsoft VS Code\bin;.]
[2018-11-15 18:27:28] -- [INFO ]: [org.apache.catalina.core.ContainerBase.[Tomcat].[localhost].[/]] -- Initializing Spring embedded WebApplicationContext
[2018-11-15 18:27:29] -- [INFO ]: [com.zaxxer.hikari.HikariDataSource] -- HikariPool-1 - Starting...
[2018-11-15 18:27:29] -- [INFO ]: [com.zaxxer.hikari.HikariDataSource] -- HikariPool-1 - Start completed.
[2018-11-15 18:27:29] -- [INFO ]: [org.hibernate.jpa.internal.util.LogHelper] -- HHH000204: Processing PersistenceUnitInfo [
	name: default
	...]
[2018-11-15 18:27:30] -- [INFO ]: [org.hibernate.Version] -- HHH000412: Hibernate Core {5.2.8.Final}
[2018-11-15 18:27:30] -- [INFO ]: [org.hibernate.cfg.Environment] -- HHH000206: hibernate.properties not found
[2018-11-15 18:27:30] -- [INFO ]: [org.hibernate.annotations.common.Version] -- HCANN000001: Hibernate Commons Annotations {5.0.1.Final}
[2018-11-15 18:27:30] -- [INFO ]: [org.hibernate.dialect.Dialect] -- HHH000400: Using dialect: org.hibernate.dialect.MySQL5Dialect
[2018-11-15 18:27:30] -- [INFO ]: [org.hibernate.envers.boot.internal.EnversServiceImpl] -- Envers integration enabled? : true
[2018-11-15 18:27:37] -- [INFO ]: [springfox.documentation.spring.web.PropertySourcedRequestMappingHandlerMapping] -- Mapped URL path [/api-docs] onto method [public org.springframework.http.ResponseEntity<springfox.documentation.spring.web.json.Json> springfox.documentation.swagger2.web.Swagger2Controller.getDocumentation(java.lang.String,javax.servlet.http.HttpServletRequest)]
[2018-11-15 18:27:39] -- [INFO ]: [springfox.documentation.spring.web.plugins.DocumentationPluginsBootstrapper] -- Context refreshed
[2018-11-15 18:27:39] -- [INFO ]: [springfox.documentation.spring.web.plugins.DocumentationPluginsBootstrapper] -- Found 1 custom documentation plugin(s)
[2018-11-15 18:27:39] -- [INFO ]: [springfox.documentation.spring.web.scanners.ApiListingReferenceScanner] -- Scanning for api listing references
[2018-11-15 18:27:40] -- [INFO ]: [org.apache.coyote.http11.Http11NioProtocol] -- Starting ProtocolHandler ["http-nio-8080"]
[2018-11-15 18:27:40] -- [INFO ]: [com.example.jwt.JwtApplication] -- Started JwtApplication in 20.936 seconds (JVM running for 22.144)
[2018-11-15 18:34:02] -- [INFO ]: [org.apache.catalina.core.ContainerBase.[Tomcat].[localhost].[/]] -- Initializing Spring FrameworkServlet 'dispatcherServlet'
