[2018-11-16 09:42:07] -- [INFO ]: [com.example.jwt.JwtApplication] -- Starting JwtApplication on DESKTOP-A1D8L3V with PID 6364 (started by 14241 in F:\Java_projects\jwt\2018年10月16日\jwt_ecache)
[2018-11-16 09:42:07] -- [INFO ]: [com.example.jwt.JwtApplication] -- The following profiles are active: dev
[2018-11-16 09:42:30] -- [INFO ]: [com.example.jwt.JwtApplication] -- Starting JwtApplication on DESKTOP-A1D8L3V with PID 5648 (started by 14241 in F:\Java_projects\jwt\2018年10月16日\jwt_ecache)
[2018-11-16 09:42:30] -- [INFO ]: [com.example.jwt.JwtApplication] -- The following profiles are active: dev
[2018-11-16 09:43:32] -- [INFO ]: [com.example.jwt.JwtApplication] -- Starting JwtApplication on DESKTOP-A1D8L3V with PID 18184 (started by 14241 in F:\Java_projects\jwt\2018年10月16日\jwt_ecache)
[2018-11-16 09:43:32] -- [INFO ]: [com.example.jwt.JwtApplication] -- The following profiles are active: dev
[2018-11-16 09:43:38] -- [INFO ]: [org.apache.coyote.http11.Http11NioProtocol] -- Initializing ProtocolHandler ["http-nio-8080"]
[2018-11-16 09:43:38] -- [INFO ]: [org.apache.catalina.core.StandardService] -- Starting service [Tomcat]
[2018-11-16 09:43:38] -- [INFO ]: [org.apache.catalina.core.StandardEngine] -- Starting Servlet Engine: Apache Tomcat/8.5.34
[2018-11-16 09:43:38] -- [INFO ]: [org.apache.catalina.core.AprLifecycleListener] -- The APR based Apache Tomcat Native library which allows optimal performance in production environments was not found on the java.library.path: [F:\Java\jdk 1.8\bin;C:\Windows\Sun\Java\bin;C:\Windows\system32;C:\Windows;C:\Program Files\NVIDIA GPU Computing Toolkit\CUDA\v8.0\lib\x64;C:\Program Files\NVIDIA GPU Computing Toolkit\CUDA\v8.0;C:\Program Files\NVIDIA GPU Computing Toolkit\CUDA\v8.0\bin;C:\Program Files\NVIDIA GPU Computing Toolkit\CUDA\v8.0\libnvvp;F:\node.js\node_global;C:\Program Files\MySQL\MySQL Server 5.7\bin;F:\Java\spring-2.1.0.BUILD-SNAPSHOT\bin;%F:\Java\gradle-4.9\bin;C:\ProgramData\Oracle\Java\javapath;F:\Java\jdk 1.8\bin;F:\Java\jdk 1.8\jre\bin;F:\Java\apache-maven-3.5.4\bin;G:\Python3.5\;G:\Python3.5\Scripts;F:\Python\;F:\Python\Scripts;C:\Windows\system32;C:\Windows;C:\Windows\System32\Wbem;C:\Windows\System32\WindowsPowerShell\v1.0\;C:\Program Files\Microsoft SQL Server\110\Tools\Binn\;C:\Program Files\Microsoft SQL Server\120\Tools\Binn\;c:\Program Files (x86)\Microsoft SQL Server\100\Tools\Binn\;c:\Program Files\Microsoft SQL Server\100\Tools\Binn\;c:\Program Files\Microsoft SQL Server\100\DTS\Binn\;F:\Matlab2015b\runtime\win64;F:\Matlab2015b\bin;F:\Matlab2015b\polyspace\bin;F:\TortoiseSVN\bin;C:\Program Files (x86)\Windows Kits\8.1\Windows Performance Toolkit\;F:\mysql\bin;C:\Program Files (x86)\MySQL\MySQL Utilities 1.6\;F:\git for windows\Git\cmd;F:\node.js\;C:\Program Files\Intel\WiFi\bin\;C:\Program Files\Common Files\Intel\WirelessCommon\;C:\Program Files (x86)\NVIDIA Corporation\PhysX\Common;F:\Java_projects\redis\;G:\python3.5\Scripts\;G:\python3.5\;F:\anaconda 3.5.1;F:\anaconda 3.5.1\Library\mingw-w64\bin;F:\anaconda 3.5.1\Library\usr\bin;F:\anaconda 3.5.1\Library\bin;F:\anaconda 3.5.1\Scripts;C:\Users\14241\AppData\Local\Microsoft\WindowsApps;C:\Users\14241\AppData\Roaming\npm;C:\Program Files\Intel\WiFi\bin\;C:\Program Files\Common Files\Intel\WirelessCommon\;F:\Visual studio code\Microsoft VS Code\bin;.]
[2018-11-16 09:43:38] -- [INFO ]: [org.apache.catalina.core.ContainerBase.[Tomcat].[localhost].[/]] -- Initializing Spring embedded WebApplicationContext
[2018-11-16 09:43:39] -- [INFO ]: [com.zaxxer.hikari.HikariDataSource] -- HikariPool-1 - Starting...
[2018-11-16 09:43:39] -- [INFO ]: [com.zaxxer.hikari.HikariDataSource] -- HikariPool-1 - Start completed.
[2018-11-16 09:43:39] -- [INFO ]: [org.hibernate.jpa.internal.util.LogHelper] -- HHH000204: Processing PersistenceUnitInfo [
	name: default
	...]
[2018-11-16 09:43:40] -- [INFO ]: [org.hibernate.Version] -- HHH000412: Hibernate Core {5.2.8.Final}
[2018-11-16 09:43:40] -- [INFO ]: [org.hibernate.cfg.Environment] -- HHH000206: hibernate.properties not found
[2018-11-16 09:43:40] -- [INFO ]: [org.hibernate.annotations.common.Version] -- HCANN000001: Hibernate Commons Annotations {5.0.1.Final}
[2018-11-16 09:43:40] -- [INFO ]: [org.hibernate.dialect.Dialect] -- HHH000400: Using dialect: org.hibernate.dialect.MySQL5Dialect
[2018-11-16 09:43:40] -- [INFO ]: [org.hibernate.envers.boot.internal.EnversServiceImpl] -- Envers integration enabled? : true
[2018-11-16 09:43:45] -- [INFO ]: [springfox.documentation.spring.web.PropertySourcedRequestMappingHandlerMapping] -- Mapped URL path [/api-docs] onto method [public org.springframework.http.ResponseEntity<springfox.documentation.spring.web.json.Json> springfox.documentation.swagger2.web.Swagger2Controller.getDocumentation(java.lang.String,javax.servlet.http.HttpServletRequest)]
[2018-11-16 09:43:47] -- [INFO ]: [springfox.documentation.spring.web.plugins.DocumentationPluginsBootstrapper] -- Context refreshed
[2018-11-16 09:43:47] -- [INFO ]: [springfox.documentation.spring.web.plugins.DocumentationPluginsBootstrapper] -- Found 1 custom documentation plugin(s)
[2018-11-16 09:43:47] -- [INFO ]: [springfox.documentation.spring.web.scanners.ApiListingReferenceScanner] -- Scanning for api listing references
[2018-11-16 09:43:47] -- [INFO ]: [org.apache.coyote.http11.Http11NioProtocol] -- Starting ProtocolHandler ["http-nio-8080"]
[2018-11-16 09:43:47] -- [INFO ]: [com.example.jwt.JwtApplication] -- Started JwtApplication in 15.979 seconds (JVM running for 16.836)
[2018-11-16 09:44:09] -- [INFO ]: [org.apache.catalina.core.ContainerBase.[Tomcat].[localhost].[/]] -- Initializing Spring FrameworkServlet 'dispatcherServlet'
[2018-11-16 09:44:10] -- [INFO ]: [org.hibernate.engine.jdbc.batch.internal.AbstractBatchImpl] -- HHH000010: On release of batch it still contained JDBC statements
[2018-11-16 09:44:21] -- [INFO ]: [org.hibernate.engine.jdbc.batch.internal.AbstractBatchImpl] -- HHH000010: On release of batch it still contained JDBC statements
[2018-11-16 09:44:25] -- [INFO ]: [com.example.jwt.rest.system.DepartmentRestController] -- REST request to get All Department : {}
[2018-11-16 09:44:25] -- [INFO ]: [org.hibernate.hql.internal.QueryTranslatorFactoryInitiator] -- HHH000397: Using ASTQueryTranslatorFactory
[2018-11-16 09:44:59] -- [INFO ]: [com.example.jwt.rest.system.DepartmentRestController] -- REST request to get All Department : {}
[2018-11-16 09:45:27] -- [INFO ]: [com.example.jwt.rest.system.DepartmentRestController] -- REST request to create Department : 5
[2018-11-16 09:48:34] -- [INFO ]: [com.example.jwt.rest.system.DepartmentRestController] -- REST request to create Department : 6
[2018-11-16 09:48:45] -- [INFO ]: [com.example.jwt.rest.system.DepartmentRestController] -- REST request to create Department : 7
[2018-11-16 09:50:44] -- [INFO ]: [com.example.jwt.JwtApplication] -- Starting JwtApplication on DESKTOP-A1D8L3V with PID 20340 (started by 14241 in F:\Java_projects\jwt\2018年10月16日\jwt_ecache)
[2018-11-16 09:50:44] -- [INFO ]: [com.example.jwt.JwtApplication] -- The following profiles are active: dev
[2018-11-16 09:50:50] -- [INFO ]: [org.apache.coyote.http11.Http11NioProtocol] -- Initializing ProtocolHandler ["http-nio-8080"]
[2018-11-16 09:50:50] -- [INFO ]: [org.apache.catalina.core.StandardService] -- Starting service [Tomcat]
[2018-11-16 09:50:50] -- [INFO ]: [org.apache.catalina.core.StandardEngine] -- Starting Servlet Engine: Apache Tomcat/8.5.34
[2018-11-16 09:50:50] -- [INFO ]: [org.apache.catalina.core.AprLifecycleListener] -- The APR based Apache Tomcat Native library which allows optimal performance in production environments was not found on the java.library.path: [F:\Java\jdk 1.8\bin;C:\Windows\Sun\Java\bin;C:\Windows\system32;C:\Windows;C:\Program Files\NVIDIA GPU Computing Toolkit\CUDA\v8.0\lib\x64;C:\Program Files\NVIDIA GPU Computing Toolkit\CUDA\v8.0;C:\Program Files\NVIDIA GPU Computing Toolkit\CUDA\v8.0\bin;C:\Program Files\NVIDIA GPU Computing Toolkit\CUDA\v8.0\libnvvp;F:\node.js\node_global;C:\Program Files\MySQL\MySQL Server 5.7\bin;F:\Java\spring-2.1.0.BUILD-SNAPSHOT\bin;%F:\Java\gradle-4.9\bin;C:\ProgramData\Oracle\Java\javapath;F:\Java\jdk 1.8\bin;F:\Java\jdk 1.8\jre\bin;F:\Java\apache-maven-3.5.4\bin;G:\Python3.5\;G:\Python3.5\Scripts;F:\Python\;F:\Python\Scripts;C:\Windows\system32;C:\Windows;C:\Windows\System32\Wbem;C:\Windows\System32\WindowsPowerShell\v1.0\;C:\Program Files\Microsoft SQL Server\110\Tools\Binn\;C:\Program Files\Microsoft SQL Server\120\Tools\Binn\;c:\Program Files (x86)\Microsoft SQL Server\100\Tools\Binn\;c:\Program Files\Microsoft SQL Server\100\Tools\Binn\;c:\Program Files\Microsoft SQL Server\100\DTS\Binn\;F:\Matlab2015b\runtime\win64;F:\Matlab2015b\bin;F:\Matlab2015b\polyspace\bin;F:\TortoiseSVN\bin;C:\Program Files (x86)\Windows Kits\8.1\Windows Performance Toolkit\;F:\mysql\bin;C:\Program Files (x86)\MySQL\MySQL Utilities 1.6\;F:\git for windows\Git\cmd;F:\node.js\;C:\Program Files\Intel\WiFi\bin\;C:\Program Files\Common Files\Intel\WirelessCommon\;C:\Program Files (x86)\NVIDIA Corporation\PhysX\Common;F:\Java_projects\redis\;G:\python3.5\Scripts\;G:\python3.5\;F:\anaconda 3.5.1;F:\anaconda 3.5.1\Library\mingw-w64\bin;F:\anaconda 3.5.1\Library\usr\bin;F:\anaconda 3.5.1\Library\bin;F:\anaconda 3.5.1\Scripts;C:\Users\14241\AppData\Local\Microsoft\WindowsApps;C:\Users\14241\AppData\Roaming\npm;C:\Program Files\Intel\WiFi\bin\;C:\Program Files\Common Files\Intel\WirelessCommon\;F:\Visual studio code\Microsoft VS Code\bin;.]
[2018-11-16 09:50:50] -- [INFO ]: [org.apache.catalina.core.ContainerBase.[Tomcat].[localhost].[/]] -- Initializing Spring embedded WebApplicationContext
[2018-11-16 09:50:51] -- [INFO ]: [com.zaxxer.hikari.HikariDataSource] -- HikariPool-1 - Starting...
[2018-11-16 09:50:52] -- [INFO ]: [com.zaxxer.hikari.HikariDataSource] -- HikariPool-1 - Start completed.
[2018-11-16 09:50:52] -- [INFO ]: [org.hibernate.jpa.internal.util.LogHelper] -- HHH000204: Processing PersistenceUnitInfo [
	name: default
	...]
[2018-11-16 09:50:52] -- [INFO ]: [org.hibernate.Version] -- HHH000412: Hibernate Core {5.2.8.Final}
[2018-11-16 09:50:52] -- [INFO ]: [org.hibernate.cfg.Environment] -- HHH000206: hibernate.properties not found
[2018-11-16 09:50:52] -- [INFO ]: [org.hibernate.annotations.common.Version] -- HCANN000001: Hibernate Commons Annotations {5.0.1.Final}
[2018-11-16 09:50:53] -- [INFO ]: [org.hibernate.dialect.Dialect] -- HHH000400: Using dialect: org.hibernate.dialect.MySQL5Dialect
[2018-11-16 09:50:53] -- [INFO ]: [org.hibernate.envers.boot.internal.EnversServiceImpl] -- Envers integration enabled? : true
[2018-11-16 09:50:59] -- [INFO ]: [springfox.documentation.spring.web.PropertySourcedRequestMappingHandlerMapping] -- Mapped URL path [/api-docs] onto method [public org.springframework.http.ResponseEntity<springfox.documentation.spring.web.json.Json> springfox.documentation.swagger2.web.Swagger2Controller.getDocumentation(java.lang.String,javax.servlet.http.HttpServletRequest)]
[2018-11-16 09:51:00] -- [INFO ]: [springfox.documentation.spring.web.plugins.DocumentationPluginsBootstrapper] -- Context refreshed
[2018-11-16 09:51:00] -- [INFO ]: [springfox.documentation.spring.web.plugins.DocumentationPluginsBootstrapper] -- Found 1 custom documentation plugin(s)
[2018-11-16 09:51:00] -- [INFO ]: [springfox.documentation.spring.web.scanners.ApiListingReferenceScanner] -- Scanning for api listing references
[2018-11-16 09:51:01] -- [INFO ]: [org.apache.coyote.http11.Http11NioProtocol] -- Starting ProtocolHandler ["http-nio-8080"]
[2018-11-16 09:51:01] -- [INFO ]: [com.example.jwt.JwtApplication] -- Started JwtApplication in 18.714 seconds (JVM running for 19.919)
[2018-11-16 09:52:35] -- [INFO ]: [com.example.jwt.JwtApplication] -- Starting JwtApplication on DESKTOP-A1D8L3V with PID 8556 (started by 14241 in F:\Java_projects\jwt\2018年10月16日\jwt_ecache)
[2018-11-16 09:52:35] -- [INFO ]: [com.example.jwt.JwtApplication] -- The following profiles are active: dev
[2018-11-16 09:52:42] -- [INFO ]: [org.apache.coyote.http11.Http11NioProtocol] -- Initializing ProtocolHandler ["http-nio-8080"]
[2018-11-16 09:52:42] -- [INFO ]: [org.apache.catalina.core.StandardService] -- Starting service [Tomcat]
[2018-11-16 09:52:42] -- [INFO ]: [org.apache.catalina.core.StandardEngine] -- Starting Servlet Engine: Apache Tomcat/8.5.34
[2018-11-16 09:52:42] -- [INFO ]: [org.apache.catalina.core.AprLifecycleListener] -- The APR based Apache Tomcat Native library which allows optimal performance in production environments was not found on the java.library.path: [F:\Java\jdk 1.8\bin;C:\Windows\Sun\Java\bin;C:\Windows\system32;C:\Windows;C:\Program Files\NVIDIA GPU Computing Toolkit\CUDA\v8.0\lib\x64;C:\Program Files\NVIDIA GPU Computing Toolkit\CUDA\v8.0;C:\Program Files\NVIDIA GPU Computing Toolkit\CUDA\v8.0\bin;C:\Program Files\NVIDIA GPU Computing Toolkit\CUDA\v8.0\libnvvp;F:\node.js\node_global;C:\Program Files\MySQL\MySQL Server 5.7\bin;F:\Java\spring-2.1.0.BUILD-SNAPSHOT\bin;%F:\Java\gradle-4.9\bin;C:\ProgramData\Oracle\Java\javapath;F:\Java\jdk 1.8\bin;F:\Java\jdk 1.8\jre\bin;F:\Java\apache-maven-3.5.4\bin;G:\Python3.5\;G:\Python3.5\Scripts;F:\Python\;F:\Python\Scripts;C:\Windows\system32;C:\Windows;C:\Windows\System32\Wbem;C:\Windows\System32\WindowsPowerShell\v1.0\;C:\Program Files\Microsoft SQL Server\110\Tools\Binn\;C:\Program Files\Microsoft SQL Server\120\Tools\Binn\;c:\Program Files (x86)\Microsoft SQL Server\100\Tools\Binn\;c:\Program Files\Microsoft SQL Server\100\Tools\Binn\;c:\Program Files\Microsoft SQL Server\100\DTS\Binn\;F:\Matlab2015b\runtime\win64;F:\Matlab2015b\bin;F:\Matlab2015b\polyspace\bin;F:\TortoiseSVN\bin;C:\Program Files (x86)\Windows Kits\8.1\Windows Performance Toolkit\;F:\mysql\bin;C:\Program Files (x86)\MySQL\MySQL Utilities 1.6\;F:\git for windows\Git\cmd;F:\node.js\;C:\Program Files\Intel\WiFi\bin\;C:\Program Files\Common Files\Intel\WirelessCommon\;C:\Program Files (x86)\NVIDIA Corporation\PhysX\Common;F:\Java_projects\redis\;G:\python3.5\Scripts\;G:\python3.5\;F:\anaconda 3.5.1;F:\anaconda 3.5.1\Library\mingw-w64\bin;F:\anaconda 3.5.1\Library\usr\bin;F:\anaconda 3.5.1\Library\bin;F:\anaconda 3.5.1\Scripts;C:\Users\14241\AppData\Local\Microsoft\WindowsApps;C:\Users\14241\AppData\Roaming\npm;C:\Program Files\Intel\WiFi\bin\;C:\Program Files\Common Files\Intel\WirelessCommon\;F:\Visual studio code\Microsoft VS Code\bin;.]
[2018-11-16 09:52:42] -- [INFO ]: [org.apache.catalina.core.ContainerBase.[Tomcat].[localhost].[/]] -- Initializing Spring embedded WebApplicationContext
[2018-11-16 09:52:43] -- [INFO ]: [com.zaxxer.hikari.HikariDataSource] -- HikariPool-1 - Starting...
[2018-11-16 09:52:44] -- [INFO ]: [com.zaxxer.hikari.HikariDataSource] -- HikariPool-1 - Start completed.
[2018-11-16 09:52:44] -- [INFO ]: [org.hibernate.jpa.internal.util.LogHelper] -- HHH000204: Processing PersistenceUnitInfo [
	name: default
	...]
[2018-11-16 09:52:44] -- [INFO ]: [org.hibernate.Version] -- HHH000412: Hibernate Core {5.2.8.Final}
[2018-11-16 09:52:44] -- [INFO ]: [org.hibernate.cfg.Environment] -- HHH000206: hibernate.properties not found
[2018-11-16 09:52:44] -- [INFO ]: [org.hibernate.annotations.common.Version] -- HCANN000001: Hibernate Commons Annotations {5.0.1.Final}
[2018-11-16 09:52:44] -- [INFO ]: [org.hibernate.dialect.Dialect] -- HHH000400: Using dialect: org.hibernate.dialect.MySQL5Dialect
[2018-11-16 09:52:44] -- [INFO ]: [org.hibernate.envers.boot.internal.EnversServiceImpl] -- Envers integration enabled? : true
[2018-11-16 09:52:51] -- [INFO ]: [springfox.documentation.spring.web.PropertySourcedRequestMappingHandlerMapping] -- Mapped URL path [/api-docs] onto method [public org.springframework.http.ResponseEntity<springfox.documentation.spring.web.json.Json> springfox.documentation.swagger2.web.Swagger2Controller.getDocumentation(java.lang.String,javax.servlet.http.HttpServletRequest)]
[2018-11-16 09:52:53] -- [INFO ]: [springfox.documentation.spring.web.plugins.DocumentationPluginsBootstrapper] -- Context refreshed
[2018-11-16 09:52:53] -- [INFO ]: [springfox.documentation.spring.web.plugins.DocumentationPluginsBootstrapper] -- Found 1 custom documentation plugin(s)
[2018-11-16 09:52:54] -- [INFO ]: [springfox.documentation.spring.web.scanners.ApiListingReferenceScanner] -- Scanning for api listing references
[2018-11-16 09:52:55] -- [INFO ]: [org.apache.coyote.http11.Http11NioProtocol] -- Starting ProtocolHandler ["http-nio-8080"]
[2018-11-16 09:52:55] -- [INFO ]: [com.example.jwt.JwtApplication] -- Started JwtApplication in 21.129 seconds (JVM running for 22.348)
[2018-11-16 09:54:52] -- [INFO ]: [org.apache.catalina.core.ContainerBase.[Tomcat].[localhost].[/]] -- Initializing Spring FrameworkServlet 'dispatcherServlet'
[2018-11-16 09:55:30] -- [INFO ]: [com.example.jwt.rest.system.DepartmentRestController] -- REST request to create Department : 8
[2018-11-16 10:13:42] -- [INFO ]: [com.example.jwt.JwtApplication] -- Starting JwtApplication on DESKTOP-A1D8L3V with PID 13404 (started by 14241 in F:\Java_projects\jwt\2018年10月16日\jwt_ecache_aop_logback)
[2018-11-16 10:13:42] -- [INFO ]: [com.example.jwt.JwtApplication] -- The following profiles are active: dev
[2018-11-16 10:13:49] -- [INFO ]: [org.apache.coyote.http11.Http11NioProtocol] -- Initializing ProtocolHandler ["http-nio-8080"]
[2018-11-16 10:13:49] -- [INFO ]: [org.apache.catalina.core.StandardService] -- Starting service [Tomcat]
[2018-11-16 10:13:49] -- [INFO ]: [org.apache.catalina.core.StandardEngine] -- Starting Servlet Engine: Apache Tomcat/8.5.34
[2018-11-16 10:13:49] -- [INFO ]: [org.apache.catalina.core.AprLifecycleListener] -- The APR based Apache Tomcat Native library which allows optimal performance in production environments was not found on the java.library.path: [F:\Java\jdk 1.8\bin;C:\Windows\Sun\Java\bin;C:\Windows\system32;C:\Windows;C:\Program Files\NVIDIA GPU Computing Toolkit\CUDA\v8.0\lib\x64;C:\Program Files\NVIDIA GPU Computing Toolkit\CUDA\v8.0;C:\Program Files\NVIDIA GPU Computing Toolkit\CUDA\v8.0\bin;C:\Program Files\NVIDIA GPU Computing Toolkit\CUDA\v8.0\libnvvp;F:\node.js\node_global;C:\Program Files\MySQL\MySQL Server 5.7\bin;F:\Java\spring-2.1.0.BUILD-SNAPSHOT\bin;%F:\Java\gradle-4.9\bin;C:\ProgramData\Oracle\Java\javapath;F:\Java\jdk 1.8\bin;F:\Java\jdk 1.8\jre\bin;F:\Java\apache-maven-3.5.4\bin;G:\Python3.5\;G:\Python3.5\Scripts;F:\Python\;F:\Python\Scripts;C:\Windows\system32;C:\Windows;C:\Windows\System32\Wbem;C:\Windows\System32\WindowsPowerShell\v1.0\;C:\Program Files\Microsoft SQL Server\110\Tools\Binn\;C:\Program Files\Microsoft SQL Server\120\Tools\Binn\;c:\Program Files (x86)\Microsoft SQL Server\100\Tools\Binn\;c:\Program Files\Microsoft SQL Server\100\Tools\Binn\;c:\Program Files\Microsoft SQL Server\100\DTS\Binn\;F:\Matlab2015b\runtime\win64;F:\Matlab2015b\bin;F:\Matlab2015b\polyspace\bin;F:\TortoiseSVN\bin;C:\Program Files (x86)\Windows Kits\8.1\Windows Performance Toolkit\;F:\mysql\bin;C:\Program Files (x86)\MySQL\MySQL Utilities 1.6\;F:\git for windows\Git\cmd;F:\node.js\;C:\Program Files\Intel\WiFi\bin\;C:\Program Files\Common Files\Intel\WirelessCommon\;C:\Program Files (x86)\NVIDIA Corporation\PhysX\Common;F:\Java_projects\redis\;G:\python3.5\Scripts\;G:\python3.5\;F:\anaconda 3.5.1;F:\anaconda 3.5.1\Library\mingw-w64\bin;F:\anaconda 3.5.1\Library\usr\bin;F:\anaconda 3.5.1\Library\bin;F:\anaconda 3.5.1\Scripts;C:\Users\14241\AppData\Local\Microsoft\WindowsApps;C:\Users\14241\AppData\Roaming\npm;C:\Program Files\Intel\WiFi\bin\;C:\Program Files\Common Files\Intel\WirelessCommon\;F:\Visual studio code\Microsoft VS Code\bin;.]
[2018-11-16 10:13:49] -- [INFO ]: [org.apache.catalina.core.ContainerBase.[Tomcat].[localhost].[/]] -- Initializing Spring embedded WebApplicationContext
[2018-11-16 10:13:50] -- [INFO ]: [com.zaxxer.hikari.HikariDataSource] -- HikariPool-1 - Starting...
[2018-11-16 10:13:50] -- [INFO ]: [com.zaxxer.hikari.HikariDataSource] -- HikariPool-1 - Start completed.
[2018-11-16 10:13:51] -- [INFO ]: [org.hibernate.jpa.internal.util.LogHelper] -- HHH000204: Processing PersistenceUnitInfo [
	name: default
	...]
[2018-11-16 10:13:51] -- [INFO ]: [org.hibernate.Version] -- HHH000412: Hibernate Core {5.2.8.Final}
[2018-11-16 10:13:51] -- [INFO ]: [org.hibernate.cfg.Environment] -- HHH000206: hibernate.properties not found
[2018-11-16 10:13:51] -- [INFO ]: [org.hibernate.annotations.common.Version] -- HCANN000001: Hibernate Commons Annotations {5.0.1.Final}
[2018-11-16 10:13:51] -- [INFO ]: [org.hibernate.dialect.Dialect] -- HHH000400: Using dialect: org.hibernate.dialect.MySQL5Dialect
[2018-11-16 10:13:51] -- [INFO ]: [org.hibernate.envers.boot.internal.EnversServiceImpl] -- Envers integration enabled? : true
[2018-11-16 10:13:58] -- [INFO ]: [springfox.documentation.spring.web.PropertySourcedRequestMappingHandlerMapping] -- Mapped URL path [/api-docs] onto method [public org.springframework.http.ResponseEntity<springfox.documentation.spring.web.json.Json> springfox.documentation.swagger2.web.Swagger2Controller.getDocumentation(java.lang.String,javax.servlet.http.HttpServletRequest)]
[2018-11-16 10:13:59] -- [INFO ]: [springfox.documentation.spring.web.plugins.DocumentationPluginsBootstrapper] -- Context refreshed
[2018-11-16 10:13:59] -- [INFO ]: [springfox.documentation.spring.web.plugins.DocumentationPluginsBootstrapper] -- Found 1 custom documentation plugin(s)
[2018-11-16 10:13:59] -- [INFO ]: [springfox.documentation.spring.web.scanners.ApiListingReferenceScanner] -- Scanning for api listing references
[2018-11-16 10:14:00] -- [INFO ]: [org.apache.coyote.http11.Http11NioProtocol] -- Starting ProtocolHandler ["http-nio-8080"]
[2018-11-16 10:14:00] -- [INFO ]: [com.example.jwt.JwtApplication] -- Started JwtApplication in 18.62 seconds (JVM running for 19.819)
