[2018-11-13 16:24:58] -- [INFO ]: [com.example.jwt.JwtApplication] -- Starting JwtApplication on DESKTOP-A1D8L3V with PID 18140 (started by 14241 in F:\Java_projects\jwt\2018年10月16日\jwt_ecache)
[2018-11-13 16:24:58] -- [INFO ]: [com.example.jwt.JwtApplication] -- The following profiles are active: dev
[2018-11-13 16:25:04] -- [INFO ]: [org.apache.coyote.http11.Http11NioProtocol] -- Initializing ProtocolHandler ["http-nio-8080"]
[2018-11-13 16:25:04] -- [INFO ]: [org.apache.catalina.core.StandardService] -- Starting service [Tomcat]
[2018-11-13 16:25:04] -- [INFO ]: [org.apache.catalina.core.StandardEngine] -- Starting Servlet Engine: Apache Tomcat/8.5.34
[2018-11-13 16:25:04] -- [INFO ]: [org.apache.catalina.core.AprLifecycleListener] -- The APR based Apache Tomcat Native library which allows optimal performance in production environments was not found on the java.library.path: [F:\Java\jdk 1.8\bin;C:\Windows\Sun\Java\bin;C:\Windows\system32;C:\Windows;C:\Program Files\NVIDIA GPU Computing Toolkit\CUDA\v8.0\lib\x64;C:\Program Files\NVIDIA GPU Computing Toolkit\CUDA\v8.0;C:\Program Files\NVIDIA GPU Computing Toolkit\CUDA\v8.0\bin;C:\Program Files\NVIDIA GPU Computing Toolkit\CUDA\v8.0\libnvvp;F:\node.js\node_global;C:\Program Files\MySQL\MySQL Server 5.7\bin;F:\Java\spring-2.1.0.BUILD-SNAPSHOT\bin;%F:\Java\gradle-4.9\bin;C:\ProgramData\Oracle\Java\javapath;F:\Java\jdk 1.8\bin;F:\Java\jdk 1.8\jre\bin;F:\Java\apache-maven-3.5.4\bin;G:\Python3.5\;G:\Python3.5\Scripts;F:\Python\;F:\Python\Scripts;C:\Windows\system32;C:\Windows;C:\Windows\System32\Wbem;C:\Windows\System32\WindowsPowerShell\v1.0\;C:\Program Files\Microsoft SQL Server\110\Tools\Binn\;C:\Program Files\Microsoft SQL Server\120\Tools\Binn\;c:\Program Files (x86)\Microsoft SQL Server\100\Tools\Binn\;c:\Program Files\Microsoft SQL Server\100\Tools\Binn\;c:\Program Files\Microsoft SQL Server\100\DTS\Binn\;F:\Matlab2015b\runtime\win64;F:\Matlab2015b\bin;F:\Matlab2015b\polyspace\bin;F:\TortoiseSVN\bin;C:\Program Files (x86)\Windows Kits\8.1\Windows Performance Toolkit\;F:\mysql\bin;C:\Program Files (x86)\MySQL\MySQL Utilities 1.6\;F:\git for windows\Git\cmd;F:\node.js\;C:\Program Files\Intel\WiFi\bin\;C:\Program Files\Common Files\Intel\WirelessCommon\;C:\Program Files (x86)\NVIDIA Corporation\PhysX\Common;F:\Java_projects\redis\;G:\python3.5\Scripts\;G:\python3.5\;F:\anaconda 3.5.1;F:\anaconda 3.5.1\Library\mingw-w64\bin;F:\anaconda 3.5.1\Library\usr\bin;F:\anaconda 3.5.1\Library\bin;F:\anaconda 3.5.1\Scripts;C:\Users\14241\AppData\Local\Microsoft\WindowsApps;C:\Users\14241\AppData\Roaming\npm;C:\Program Files\Intel\WiFi\bin\;C:\Program Files\Common Files\Intel\WirelessCommon\;F:\Visual studio code\Microsoft VS Code\bin;.]
[2018-11-13 16:25:05] -- [INFO ]: [org.apache.catalina.core.ContainerBase.[Tomcat].[localhost].[/]] -- Initializing Spring embedded WebApplicationContext
[2018-11-13 16:25:05] -- [INFO ]: [com.zaxxer.hikari.HikariDataSource] -- HikariPool-1 - Starting...
[2018-11-13 16:25:06] -- [INFO ]: [com.zaxxer.hikari.HikariDataSource] -- HikariPool-1 - Start completed.
[2018-11-13 16:25:06] -- [INFO ]: [org.hibernate.jpa.internal.util.LogHelper] -- HHH000204: Processing PersistenceUnitInfo [
	name: default
	...]
[2018-11-13 16:25:06] -- [INFO ]: [org.hibernate.Version] -- HHH000412: Hibernate Core {5.2.8.Final}
[2018-11-13 16:25:06] -- [INFO ]: [org.hibernate.cfg.Environment] -- HHH000206: hibernate.properties not found
[2018-11-13 16:25:06] -- [INFO ]: [org.hibernate.annotations.common.Version] -- HCANN000001: Hibernate Commons Annotations {5.0.1.Final}
[2018-11-13 16:25:06] -- [INFO ]: [org.hibernate.dialect.Dialect] -- HHH000400: Using dialect: org.hibernate.dialect.MySQL5Dialect
[2018-11-13 16:25:06] -- [INFO ]: [org.hibernate.envers.boot.internal.EnversServiceImpl] -- Envers integration enabled? : true
[2018-11-13 16:25:12] -- [INFO ]: [springfox.documentation.spring.web.PropertySourcedRequestMappingHandlerMapping] -- Mapped URL path [/api-docs] onto method [public org.springframework.http.ResponseEntity<springfox.documentation.spring.web.json.Json> springfox.documentation.swagger2.web.Swagger2Controller.getDocumentation(java.lang.String,javax.servlet.http.HttpServletRequest)]
[2018-11-13 16:25:13] -- [INFO ]: [springfox.documentation.spring.web.plugins.DocumentationPluginsBootstrapper] -- Context refreshed
[2018-11-13 16:25:13] -- [INFO ]: [springfox.documentation.spring.web.plugins.DocumentationPluginsBootstrapper] -- Found 1 custom documentation plugin(s)
[2018-11-13 16:25:13] -- [INFO ]: [springfox.documentation.spring.web.scanners.ApiListingReferenceScanner] -- Scanning for api listing references
[2018-11-13 16:25:13] -- [INFO ]: [org.apache.coyote.http11.Http11NioProtocol] -- Starting ProtocolHandler ["http-nio-8080"]
[2018-11-13 16:25:14] -- [INFO ]: [com.example.jwt.JwtApplication] -- Started JwtApplication in 16.051 seconds (JVM running for 16.863)
[2018-11-13 16:28:01] -- [INFO ]: [com.example.jwt.JwtApplication] -- Starting JwtApplication on DESKTOP-A1D8L3V with PID 13068 (started by 14241 in F:\Java_projects\jwt\2018年10月16日\jwt_ecache)
[2018-11-13 16:28:01] -- [INFO ]: [com.example.jwt.JwtApplication] -- The following profiles are active: dev
[2018-11-13 16:28:07] -- [INFO ]: [org.apache.coyote.http11.Http11NioProtocol] -- Initializing ProtocolHandler ["http-nio-8080"]
[2018-11-13 16:28:07] -- [INFO ]: [org.apache.catalina.core.StandardService] -- Starting service [Tomcat]
[2018-11-13 16:28:07] -- [INFO ]: [org.apache.catalina.core.StandardEngine] -- Starting Servlet Engine: Apache Tomcat/8.5.34
[2018-11-13 16:28:07] -- [INFO ]: [org.apache.catalina.core.AprLifecycleListener] -- The APR based Apache Tomcat Native library which allows optimal performance in production environments was not found on the java.library.path: [F:\Java\jdk 1.8\bin;C:\Windows\Sun\Java\bin;C:\Windows\system32;C:\Windows;C:\Program Files\NVIDIA GPU Computing Toolkit\CUDA\v8.0\lib\x64;C:\Program Files\NVIDIA GPU Computing Toolkit\CUDA\v8.0;C:\Program Files\NVIDIA GPU Computing Toolkit\CUDA\v8.0\bin;C:\Program Files\NVIDIA GPU Computing Toolkit\CUDA\v8.0\libnvvp;F:\node.js\node_global;C:\Program Files\MySQL\MySQL Server 5.7\bin;F:\Java\spring-2.1.0.BUILD-SNAPSHOT\bin;%F:\Java\gradle-4.9\bin;C:\ProgramData\Oracle\Java\javapath;F:\Java\jdk 1.8\bin;F:\Java\jdk 1.8\jre\bin;F:\Java\apache-maven-3.5.4\bin;G:\Python3.5\;G:\Python3.5\Scripts;F:\Python\;F:\Python\Scripts;C:\Windows\system32;C:\Windows;C:\Windows\System32\Wbem;C:\Windows\System32\WindowsPowerShell\v1.0\;C:\Program Files\Microsoft SQL Server\110\Tools\Binn\;C:\Program Files\Microsoft SQL Server\120\Tools\Binn\;c:\Program Files (x86)\Microsoft SQL Server\100\Tools\Binn\;c:\Program Files\Microsoft SQL Server\100\Tools\Binn\;c:\Program Files\Microsoft SQL Server\100\DTS\Binn\;F:\Matlab2015b\runtime\win64;F:\Matlab2015b\bin;F:\Matlab2015b\polyspace\bin;F:\TortoiseSVN\bin;C:\Program Files (x86)\Windows Kits\8.1\Windows Performance Toolkit\;F:\mysql\bin;C:\Program Files (x86)\MySQL\MySQL Utilities 1.6\;F:\git for windows\Git\cmd;F:\node.js\;C:\Program Files\Intel\WiFi\bin\;C:\Program Files\Common Files\Intel\WirelessCommon\;C:\Program Files (x86)\NVIDIA Corporation\PhysX\Common;F:\Java_projects\redis\;G:\python3.5\Scripts\;G:\python3.5\;F:\anaconda 3.5.1;F:\anaconda 3.5.1\Library\mingw-w64\bin;F:\anaconda 3.5.1\Library\usr\bin;F:\anaconda 3.5.1\Library\bin;F:\anaconda 3.5.1\Scripts;C:\Users\14241\AppData\Local\Microsoft\WindowsApps;C:\Users\14241\AppData\Roaming\npm;C:\Program Files\Intel\WiFi\bin\;C:\Program Files\Common Files\Intel\WirelessCommon\;F:\Visual studio code\Microsoft VS Code\bin;.]
[2018-11-13 16:28:07] -- [INFO ]: [org.apache.catalina.core.ContainerBase.[Tomcat].[localhost].[/]] -- Initializing Spring embedded WebApplicationContext
[2018-11-13 16:28:08] -- [INFO ]: [com.zaxxer.hikari.HikariDataSource] -- HikariPool-1 - Starting...
[2018-11-13 16:28:09] -- [INFO ]: [com.zaxxer.hikari.HikariDataSource] -- HikariPool-1 - Start completed.
[2018-11-13 16:28:09] -- [INFO ]: [org.hibernate.jpa.internal.util.LogHelper] -- HHH000204: Processing PersistenceUnitInfo [
	name: default
	...]
[2018-11-13 16:28:09] -- [INFO ]: [org.hibernate.Version] -- HHH000412: Hibernate Core {5.2.8.Final}
[2018-11-13 16:28:09] -- [INFO ]: [org.hibernate.cfg.Environment] -- HHH000206: hibernate.properties not found
[2018-11-13 16:28:09] -- [INFO ]: [org.hibernate.annotations.common.Version] -- HCANN000001: Hibernate Commons Annotations {5.0.1.Final}
[2018-11-13 16:28:09] -- [INFO ]: [org.hibernate.dialect.Dialect] -- HHH000400: Using dialect: org.hibernate.dialect.MySQL5Dialect
[2018-11-13 16:28:09] -- [INFO ]: [org.hibernate.envers.boot.internal.EnversServiceImpl] -- Envers integration enabled? : true
[2018-11-13 16:28:14] -- [INFO ]: [springfox.documentation.spring.web.PropertySourcedRequestMappingHandlerMapping] -- Mapped URL path [/api-docs] onto method [public org.springframework.http.ResponseEntity<springfox.documentation.spring.web.json.Json> springfox.documentation.swagger2.web.Swagger2Controller.getDocumentation(java.lang.String,javax.servlet.http.HttpServletRequest)]
[2018-11-13 16:28:15] -- [INFO ]: [springfox.documentation.spring.web.plugins.DocumentationPluginsBootstrapper] -- Context refreshed
[2018-11-13 16:28:15] -- [INFO ]: [springfox.documentation.spring.web.plugins.DocumentationPluginsBootstrapper] -- Found 1 custom documentation plugin(s)
[2018-11-13 16:28:15] -- [INFO ]: [springfox.documentation.spring.web.scanners.ApiListingReferenceScanner] -- Scanning for api listing references
[2018-11-13 16:28:16] -- [INFO ]: [org.apache.coyote.http11.Http11NioProtocol] -- Starting ProtocolHandler ["http-nio-8080"]
[2018-11-13 16:28:16] -- [INFO ]: [com.example.jwt.JwtApplication] -- Started JwtApplication in 15.437 seconds (JVM running for 16.354)
[2018-11-13 16:28:45] -- [INFO ]: [com.example.jwt.JwtApplication] -- Starting JwtApplication on DESKTOP-A1D8L3V with PID 13668 (started by 14241 in F:\Java_projects\jwt\2018年10月16日\jwt_ecache)
[2018-11-13 16:28:45] -- [INFO ]: [com.example.jwt.JwtApplication] -- The following profiles are active: dev
[2018-11-13 16:28:51] -- [INFO ]: [org.apache.coyote.http11.Http11NioProtocol] -- Initializing ProtocolHandler ["http-nio-8080"]
[2018-11-13 16:28:51] -- [INFO ]: [org.apache.catalina.core.StandardService] -- Starting service [Tomcat]
[2018-11-13 16:28:51] -- [INFO ]: [org.apache.catalina.core.StandardEngine] -- Starting Servlet Engine: Apache Tomcat/8.5.34
[2018-11-13 16:28:51] -- [INFO ]: [org.apache.catalina.core.AprLifecycleListener] -- The APR based Apache Tomcat Native library which allows optimal performance in production environments was not found on the java.library.path: [F:\Java\jdk 1.8\bin;C:\Windows\Sun\Java\bin;C:\Windows\system32;C:\Windows;C:\Program Files\NVIDIA GPU Computing Toolkit\CUDA\v8.0\lib\x64;C:\Program Files\NVIDIA GPU Computing Toolkit\CUDA\v8.0;C:\Program Files\NVIDIA GPU Computing Toolkit\CUDA\v8.0\bin;C:\Program Files\NVIDIA GPU Computing Toolkit\CUDA\v8.0\libnvvp;F:\node.js\node_global;C:\Program Files\MySQL\MySQL Server 5.7\bin;F:\Java\spring-2.1.0.BUILD-SNAPSHOT\bin;%F:\Java\gradle-4.9\bin;C:\ProgramData\Oracle\Java\javapath;F:\Java\jdk 1.8\bin;F:\Java\jdk 1.8\jre\bin;F:\Java\apache-maven-3.5.4\bin;G:\Python3.5\;G:\Python3.5\Scripts;F:\Python\;F:\Python\Scripts;C:\Windows\system32;C:\Windows;C:\Windows\System32\Wbem;C:\Windows\System32\WindowsPowerShell\v1.0\;C:\Program Files\Microsoft SQL Server\110\Tools\Binn\;C:\Program Files\Microsoft SQL Server\120\Tools\Binn\;c:\Program Files (x86)\Microsoft SQL Server\100\Tools\Binn\;c:\Program Files\Microsoft SQL Server\100\Tools\Binn\;c:\Program Files\Microsoft SQL Server\100\DTS\Binn\;F:\Matlab2015b\runtime\win64;F:\Matlab2015b\bin;F:\Matlab2015b\polyspace\bin;F:\TortoiseSVN\bin;C:\Program Files (x86)\Windows Kits\8.1\Windows Performance Toolkit\;F:\mysql\bin;C:\Program Files (x86)\MySQL\MySQL Utilities 1.6\;F:\git for windows\Git\cmd;F:\node.js\;C:\Program Files\Intel\WiFi\bin\;C:\Program Files\Common Files\Intel\WirelessCommon\;C:\Program Files (x86)\NVIDIA Corporation\PhysX\Common;F:\Java_projects\redis\;G:\python3.5\Scripts\;G:\python3.5\;F:\anaconda 3.5.1;F:\anaconda 3.5.1\Library\mingw-w64\bin;F:\anaconda 3.5.1\Library\usr\bin;F:\anaconda 3.5.1\Library\bin;F:\anaconda 3.5.1\Scripts;C:\Users\14241\AppData\Local\Microsoft\WindowsApps;C:\Users\14241\AppData\Roaming\npm;C:\Program Files\Intel\WiFi\bin\;C:\Program Files\Common Files\Intel\WirelessCommon\;F:\Visual studio code\Microsoft VS Code\bin;.]
[2018-11-13 16:28:51] -- [INFO ]: [org.apache.catalina.core.ContainerBase.[Tomcat].[localhost].[/]] -- Initializing Spring embedded WebApplicationContext
[2018-11-13 16:28:52] -- [INFO ]: [com.zaxxer.hikari.HikariDataSource] -- HikariPool-1 - Starting...
[2018-11-13 16:28:52] -- [INFO ]: [com.zaxxer.hikari.HikariDataSource] -- HikariPool-1 - Start completed.
[2018-11-13 16:28:52] -- [INFO ]: [org.hibernate.jpa.internal.util.LogHelper] -- HHH000204: Processing PersistenceUnitInfo [
	name: default
	...]
[2018-11-13 16:28:52] -- [INFO ]: [org.hibernate.Version] -- HHH000412: Hibernate Core {5.2.8.Final}
[2018-11-13 16:28:52] -- [INFO ]: [org.hibernate.cfg.Environment] -- HHH000206: hibernate.properties not found
[2018-11-13 16:28:52] -- [INFO ]: [org.hibernate.annotations.common.Version] -- HCANN000001: Hibernate Commons Annotations {5.0.1.Final}
[2018-11-13 16:28:53] -- [INFO ]: [org.hibernate.dialect.Dialect] -- HHH000400: Using dialect: org.hibernate.dialect.MySQL5Dialect
[2018-11-13 16:28:53] -- [INFO ]: [org.hibernate.envers.boot.internal.EnversServiceImpl] -- Envers integration enabled? : true
[2018-11-13 16:28:57] -- [INFO ]: [springfox.documentation.spring.web.PropertySourcedRequestMappingHandlerMapping] -- Mapped URL path [/api-docs] onto method [public org.springframework.http.ResponseEntity<springfox.documentation.spring.web.json.Json> springfox.documentation.swagger2.web.Swagger2Controller.getDocumentation(java.lang.String,javax.servlet.http.HttpServletRequest)]
[2018-11-13 16:28:58] -- [INFO ]: [springfox.documentation.spring.web.plugins.DocumentationPluginsBootstrapper] -- Context refreshed
[2018-11-13 16:28:58] -- [INFO ]: [springfox.documentation.spring.web.plugins.DocumentationPluginsBootstrapper] -- Found 1 custom documentation plugin(s)
[2018-11-13 16:28:59] -- [INFO ]: [springfox.documentation.spring.web.scanners.ApiListingReferenceScanner] -- Scanning for api listing references
[2018-11-13 16:28:59] -- [INFO ]: [org.apache.coyote.http11.Http11NioProtocol] -- Starting ProtocolHandler ["http-nio-8080"]
[2018-11-13 16:28:59] -- [INFO ]: [com.example.jwt.JwtApplication] -- Started JwtApplication in 14.58 seconds (JVM running for 15.445)
[2018-11-13 16:32:48] -- [INFO ]: [com.example.jwt.JwtApplication] -- Starting JwtApplication on DESKTOP-A1D8L3V with PID 20308 (started by 14241 in F:\Java_projects\jwt\2018年10月16日\jwt_ecache)
[2018-11-13 16:32:48] -- [INFO ]: [com.example.jwt.JwtApplication] -- The following profiles are active: dev
[2018-11-13 16:32:54] -- [INFO ]: [org.apache.coyote.http11.Http11NioProtocol] -- Initializing ProtocolHandler ["http-nio-8080"]
[2018-11-13 16:32:54] -- [INFO ]: [org.apache.catalina.core.StandardService] -- Starting service [Tomcat]
[2018-11-13 16:32:54] -- [INFO ]: [org.apache.catalina.core.StandardEngine] -- Starting Servlet Engine: Apache Tomcat/8.5.34
[2018-11-13 16:32:54] -- [INFO ]: [org.apache.catalina.core.AprLifecycleListener] -- The APR based Apache Tomcat Native library which allows optimal performance in production environments was not found on the java.library.path: [F:\Java\jdk 1.8\bin;C:\Windows\Sun\Java\bin;C:\Windows\system32;C:\Windows;C:\Program Files\NVIDIA GPU Computing Toolkit\CUDA\v8.0\lib\x64;C:\Program Files\NVIDIA GPU Computing Toolkit\CUDA\v8.0;C:\Program Files\NVIDIA GPU Computing Toolkit\CUDA\v8.0\bin;C:\Program Files\NVIDIA GPU Computing Toolkit\CUDA\v8.0\libnvvp;F:\node.js\node_global;C:\Program Files\MySQL\MySQL Server 5.7\bin;F:\Java\spring-2.1.0.BUILD-SNAPSHOT\bin;%F:\Java\gradle-4.9\bin;C:\ProgramData\Oracle\Java\javapath;F:\Java\jdk 1.8\bin;F:\Java\jdk 1.8\jre\bin;F:\Java\apache-maven-3.5.4\bin;G:\Python3.5\;G:\Python3.5\Scripts;F:\Python\;F:\Python\Scripts;C:\Windows\system32;C:\Windows;C:\Windows\System32\Wbem;C:\Windows\System32\WindowsPowerShell\v1.0\;C:\Program Files\Microsoft SQL Server\110\Tools\Binn\;C:\Program Files\Microsoft SQL Server\120\Tools\Binn\;c:\Program Files (x86)\Microsoft SQL Server\100\Tools\Binn\;c:\Program Files\Microsoft SQL Server\100\Tools\Binn\;c:\Program Files\Microsoft SQL Server\100\DTS\Binn\;F:\Matlab2015b\runtime\win64;F:\Matlab2015b\bin;F:\Matlab2015b\polyspace\bin;F:\TortoiseSVN\bin;C:\Program Files (x86)\Windows Kits\8.1\Windows Performance Toolkit\;F:\mysql\bin;C:\Program Files (x86)\MySQL\MySQL Utilities 1.6\;F:\git for windows\Git\cmd;F:\node.js\;C:\Program Files\Intel\WiFi\bin\;C:\Program Files\Common Files\Intel\WirelessCommon\;C:\Program Files (x86)\NVIDIA Corporation\PhysX\Common;F:\Java_projects\redis\;G:\python3.5\Scripts\;G:\python3.5\;F:\anaconda 3.5.1;F:\anaconda 3.5.1\Library\mingw-w64\bin;F:\anaconda 3.5.1\Library\usr\bin;F:\anaconda 3.5.1\Library\bin;F:\anaconda 3.5.1\Scripts;C:\Users\14241\AppData\Local\Microsoft\WindowsApps;C:\Users\14241\AppData\Roaming\npm;C:\Program Files\Intel\WiFi\bin\;C:\Program Files\Common Files\Intel\WirelessCommon\;F:\Visual studio code\Microsoft VS Code\bin;.]
[2018-11-13 16:32:54] -- [INFO ]: [org.apache.catalina.core.ContainerBase.[Tomcat].[localhost].[/]] -- Initializing Spring embedded WebApplicationContext
[2018-11-13 16:32:55] -- [INFO ]: [com.zaxxer.hikari.HikariDataSource] -- HikariPool-1 - Starting...
[2018-11-13 16:32:55] -- [INFO ]: [com.zaxxer.hikari.HikariDataSource] -- HikariPool-1 - Start completed.
[2018-11-13 16:32:55] -- [INFO ]: [org.hibernate.jpa.internal.util.LogHelper] -- HHH000204: Processing PersistenceUnitInfo [
	name: default
	...]
[2018-11-13 16:32:55] -- [INFO ]: [org.hibernate.Version] -- HHH000412: Hibernate Core {5.2.8.Final}
[2018-11-13 16:32:55] -- [INFO ]: [org.hibernate.cfg.Environment] -- HHH000206: hibernate.properties not found
[2018-11-13 16:32:55] -- [INFO ]: [org.hibernate.annotations.common.Version] -- HCANN000001: Hibernate Commons Annotations {5.0.1.Final}
[2018-11-13 16:32:56] -- [INFO ]: [org.hibernate.dialect.Dialect] -- HHH000400: Using dialect: org.hibernate.dialect.MySQL5Dialect
[2018-11-13 16:32:56] -- [INFO ]: [org.hibernate.envers.boot.internal.EnversServiceImpl] -- Envers integration enabled? : true
[2018-11-13 16:33:00] -- [INFO ]: [springfox.documentation.spring.web.PropertySourcedRequestMappingHandlerMapping] -- Mapped URL path [/api-docs] onto method [public org.springframework.http.ResponseEntity<springfox.documentation.spring.web.json.Json> springfox.documentation.swagger2.web.Swagger2Controller.getDocumentation(java.lang.String,javax.servlet.http.HttpServletRequest)]
[2018-11-13 16:33:01] -- [INFO ]: [springfox.documentation.spring.web.plugins.DocumentationPluginsBootstrapper] -- Context refreshed
[2018-11-13 16:33:01] -- [INFO ]: [springfox.documentation.spring.web.plugins.DocumentationPluginsBootstrapper] -- Found 1 custom documentation plugin(s)
[2018-11-13 16:33:01] -- [INFO ]: [springfox.documentation.spring.web.scanners.ApiListingReferenceScanner] -- Scanning for api listing references
[2018-11-13 16:33:01] -- [INFO ]: [org.apache.coyote.http11.Http11NioProtocol] -- Starting ProtocolHandler ["http-nio-8080"]
[2018-11-13 16:33:01] -- [INFO ]: [com.example.jwt.JwtApplication] -- Started JwtApplication in 14.134 seconds (JVM running for 14.993)
[2018-11-13 16:34:04] -- [INFO ]: [org.apache.catalina.core.ContainerBase.[Tomcat].[localhost].[/]] -- Initializing Spring FrameworkServlet 'dispatcherServlet'
[2018-11-13 16:34:04] -- [INFO ]: [com.example.jwt.rest.system.DepartmentRestController] -- REST request to get single Department : 100
[2018-11-13 16:34:05] -- [INFO ]: [com.example.jwt.rest.system.DepartmentRestController] -- REST request to get single Department : 100
[2018-11-13 16:34:27] -- [INFO ]: [com.example.jwt.rest.system.DepartmentRestController] -- REST request to get single Department : 100
[2018-11-13 16:34:33] -- [INFO ]: [com.example.jwt.rest.system.DepartmentRestController] -- REST request to get single Department : 100
[2018-11-13 16:37:17] -- [INFO ]: [com.example.jwt.JwtApplication] -- Starting JwtApplication on DESKTOP-A1D8L3V with PID 3596 (started by 14241 in F:\Java_projects\jwt\2018年10月16日\jwt_ecache)
[2018-11-13 16:37:17] -- [INFO ]: [com.example.jwt.JwtApplication] -- The following profiles are active: dev
[2018-11-13 16:37:23] -- [INFO ]: [org.apache.coyote.http11.Http11NioProtocol] -- Initializing ProtocolHandler ["http-nio-8080"]
[2018-11-13 16:37:23] -- [INFO ]: [org.apache.catalina.core.StandardService] -- Starting service [Tomcat]
[2018-11-13 16:37:23] -- [INFO ]: [org.apache.catalina.core.StandardEngine] -- Starting Servlet Engine: Apache Tomcat/8.5.34
[2018-11-13 16:37:23] -- [INFO ]: [org.apache.catalina.core.AprLifecycleListener] -- The APR based Apache Tomcat Native library which allows optimal performance in production environments was not found on the java.library.path: [F:\Java\jdk 1.8\bin;C:\Windows\Sun\Java\bin;C:\Windows\system32;C:\Windows;C:\Program Files\NVIDIA GPU Computing Toolkit\CUDA\v8.0\lib\x64;C:\Program Files\NVIDIA GPU Computing Toolkit\CUDA\v8.0;C:\Program Files\NVIDIA GPU Computing Toolkit\CUDA\v8.0\bin;C:\Program Files\NVIDIA GPU Computing Toolkit\CUDA\v8.0\libnvvp;F:\node.js\node_global;C:\Program Files\MySQL\MySQL Server 5.7\bin;F:\Java\spring-2.1.0.BUILD-SNAPSHOT\bin;%F:\Java\gradle-4.9\bin;C:\ProgramData\Oracle\Java\javapath;F:\Java\jdk 1.8\bin;F:\Java\jdk 1.8\jre\bin;F:\Java\apache-maven-3.5.4\bin;G:\Python3.5\;G:\Python3.5\Scripts;F:\Python\;F:\Python\Scripts;C:\Windows\system32;C:\Windows;C:\Windows\System32\Wbem;C:\Windows\System32\WindowsPowerShell\v1.0\;C:\Program Files\Microsoft SQL Server\110\Tools\Binn\;C:\Program Files\Microsoft SQL Server\120\Tools\Binn\;c:\Program Files (x86)\Microsoft SQL Server\100\Tools\Binn\;c:\Program Files\Microsoft SQL Server\100\Tools\Binn\;c:\Program Files\Microsoft SQL Server\100\DTS\Binn\;F:\Matlab2015b\runtime\win64;F:\Matlab2015b\bin;F:\Matlab2015b\polyspace\bin;F:\TortoiseSVN\bin;C:\Program Files (x86)\Windows Kits\8.1\Windows Performance Toolkit\;F:\mysql\bin;C:\Program Files (x86)\MySQL\MySQL Utilities 1.6\;F:\git for windows\Git\cmd;F:\node.js\;C:\Program Files\Intel\WiFi\bin\;C:\Program Files\Common Files\Intel\WirelessCommon\;C:\Program Files (x86)\NVIDIA Corporation\PhysX\Common;F:\Java_projects\redis\;G:\python3.5\Scripts\;G:\python3.5\;F:\anaconda 3.5.1;F:\anaconda 3.5.1\Library\mingw-w64\bin;F:\anaconda 3.5.1\Library\usr\bin;F:\anaconda 3.5.1\Library\bin;F:\anaconda 3.5.1\Scripts;C:\Users\14241\AppData\Local\Microsoft\WindowsApps;C:\Users\14241\AppData\Roaming\npm;C:\Program Files\Intel\WiFi\bin\;C:\Program Files\Common Files\Intel\WirelessCommon\;F:\Visual studio code\Microsoft VS Code\bin;.]
[2018-11-13 16:37:23] -- [INFO ]: [org.apache.catalina.core.ContainerBase.[Tomcat].[localhost].[/]] -- Initializing Spring embedded WebApplicationContext
[2018-11-13 16:37:24] -- [INFO ]: [com.zaxxer.hikari.HikariDataSource] -- HikariPool-1 - Starting...
[2018-11-13 16:37:24] -- [INFO ]: [com.zaxxer.hikari.HikariDataSource] -- HikariPool-1 - Start completed.
[2018-11-13 16:37:25] -- [INFO ]: [org.hibernate.jpa.internal.util.LogHelper] -- HHH000204: Processing PersistenceUnitInfo [
	name: default
	...]
[2018-11-13 16:37:25] -- [INFO ]: [org.hibernate.Version] -- HHH000412: Hibernate Core {5.2.8.Final}
[2018-11-13 16:37:25] -- [INFO ]: [org.hibernate.cfg.Environment] -- HHH000206: hibernate.properties not found
[2018-11-13 16:37:25] -- [INFO ]: [org.hibernate.annotations.common.Version] -- HCANN000001: Hibernate Commons Annotations {5.0.1.Final}
[2018-11-13 16:37:25] -- [INFO ]: [org.hibernate.dialect.Dialect] -- HHH000400: Using dialect: org.hibernate.dialect.MySQL5Dialect
[2018-11-13 16:37:25] -- [INFO ]: [org.hibernate.envers.boot.internal.EnversServiceImpl] -- Envers integration enabled? : true
[2018-11-13 16:37:30] -- [INFO ]: [springfox.documentation.spring.web.PropertySourcedRequestMappingHandlerMapping] -- Mapped URL path [/api-docs] onto method [public org.springframework.http.ResponseEntity<springfox.documentation.spring.web.json.Json> springfox.documentation.swagger2.web.Swagger2Controller.getDocumentation(java.lang.String,javax.servlet.http.HttpServletRequest)]
[2018-11-13 16:37:31] -- [INFO ]: [springfox.documentation.spring.web.plugins.DocumentationPluginsBootstrapper] -- Context refreshed
[2018-11-13 16:37:31] -- [INFO ]: [springfox.documentation.spring.web.plugins.DocumentationPluginsBootstrapper] -- Found 1 custom documentation plugin(s)
[2018-11-13 16:37:31] -- [INFO ]: [springfox.documentation.spring.web.scanners.ApiListingReferenceScanner] -- Scanning for api listing references
[2018-11-13 16:37:32] -- [INFO ]: [org.apache.coyote.http11.Http11NioProtocol] -- Starting ProtocolHandler ["http-nio-8080"]
[2018-11-13 16:37:32] -- [INFO ]: [com.example.jwt.JwtApplication] -- Started JwtApplication in 15.219 seconds (JVM running for 16.126)
[2018-11-13 22:28:09] -- [INFO ]: [com.example.jwt.JwtApplication] -- Starting JwtApplication on DESKTOP-A1D8L3V with PID 5984 (started by 14241 in F:\Java_projects\jwt\2018年10月16日\jwt_ecache)
[2018-11-13 22:28:09] -- [INFO ]: [com.example.jwt.JwtApplication] -- The following profiles are active: dev
[2018-11-13 22:28:15] -- [INFO ]: [org.apache.coyote.http11.Http11NioProtocol] -- Initializing ProtocolHandler ["http-nio-8080"]
[2018-11-13 22:28:15] -- [INFO ]: [org.apache.catalina.core.StandardService] -- Starting service [Tomcat]
[2018-11-13 22:28:15] -- [INFO ]: [org.apache.catalina.core.StandardEngine] -- Starting Servlet Engine: Apache Tomcat/8.5.34
[2018-11-13 22:28:15] -- [INFO ]: [org.apache.catalina.core.AprLifecycleListener] -- The APR based Apache Tomcat Native library which allows optimal performance in production environments was not found on the java.library.path: [F:\Java\jdk 1.8\bin;C:\Windows\Sun\Java\bin;C:\Windows\system32;C:\Windows;C:\Program Files\NVIDIA GPU Computing Toolkit\CUDA\v8.0\lib\x64;C:\Program Files\NVIDIA GPU Computing Toolkit\CUDA\v8.0;C:\Program Files\NVIDIA GPU Computing Toolkit\CUDA\v8.0\bin;C:\Program Files\NVIDIA GPU Computing Toolkit\CUDA\v8.0\libnvvp;F:\node.js\node_global;C:\Program Files\MySQL\MySQL Server 5.7\bin;F:\Java\spring-2.1.0.BUILD-SNAPSHOT\bin;%F:\Java\gradle-4.9\bin;C:\ProgramData\Oracle\Java\javapath;F:\Java\jdk 1.8\bin;F:\Java\jdk 1.8\jre\bin;F:\Java\apache-maven-3.5.4\bin;G:\Python3.5\;G:\Python3.5\Scripts;F:\Python\;F:\Python\Scripts;C:\Windows\system32;C:\Windows;C:\Windows\System32\Wbem;C:\Windows\System32\WindowsPowerShell\v1.0\;C:\Program Files\Microsoft SQL Server\110\Tools\Binn\;C:\Program Files\Microsoft SQL Server\120\Tools\Binn\;c:\Program Files (x86)\Microsoft SQL Server\100\Tools\Binn\;c:\Program Files\Microsoft SQL Server\100\Tools\Binn\;c:\Program Files\Microsoft SQL Server\100\DTS\Binn\;F:\Matlab2015b\runtime\win64;F:\Matlab2015b\bin;F:\Matlab2015b\polyspace\bin;F:\TortoiseSVN\bin;C:\Program Files (x86)\Windows Kits\8.1\Windows Performance Toolkit\;F:\mysql\bin;C:\Program Files (x86)\MySQL\MySQL Utilities 1.6\;F:\git for windows\Git\cmd;F:\node.js\;C:\Program Files\Intel\WiFi\bin\;C:\Program Files\Common Files\Intel\WirelessCommon\;C:\Program Files (x86)\NVIDIA Corporation\PhysX\Common;F:\Java_projects\redis\;G:\python3.5\Scripts\;G:\python3.5\;F:\anaconda 3.5.1;F:\anaconda 3.5.1\Library\mingw-w64\bin;F:\anaconda 3.5.1\Library\usr\bin;F:\anaconda 3.5.1\Library\bin;F:\anaconda 3.5.1\Scripts;C:\Users\14241\AppData\Local\Microsoft\WindowsApps;C:\Users\14241\AppData\Roaming\npm;C:\Program Files\Intel\WiFi\bin\;C:\Program Files\Common Files\Intel\WirelessCommon\;F:\Visual studio code\Microsoft VS Code\bin;.]
[2018-11-13 22:28:15] -- [INFO ]: [org.apache.catalina.core.ContainerBase.[Tomcat].[localhost].[/]] -- Initializing Spring embedded WebApplicationContext
[2018-11-13 22:28:16] -- [INFO ]: [com.zaxxer.hikari.HikariDataSource] -- HikariPool-1 - Starting...
[2018-11-13 22:28:16] -- [INFO ]: [com.zaxxer.hikari.HikariDataSource] -- HikariPool-1 - Start completed.
[2018-11-13 22:28:16] -- [INFO ]: [org.hibernate.jpa.internal.util.LogHelper] -- HHH000204: Processing PersistenceUnitInfo [
	name: default
	...]
[2018-11-13 22:28:17] -- [INFO ]: [org.hibernate.Version] -- HHH000412: Hibernate Core {5.2.8.Final}
[2018-11-13 22:28:17] -- [INFO ]: [org.hibernate.cfg.Environment] -- HHH000206: hibernate.properties not found
[2018-11-13 22:28:17] -- [INFO ]: [org.hibernate.annotations.common.Version] -- HCANN000001: Hibernate Commons Annotations {5.0.1.Final}
[2018-11-13 22:28:17] -- [INFO ]: [org.hibernate.dialect.Dialect] -- HHH000400: Using dialect: org.hibernate.dialect.MySQL5Dialect
[2018-11-13 22:28:17] -- [INFO ]: [org.hibernate.envers.boot.internal.EnversServiceImpl] -- Envers integration enabled? : true
[2018-11-13 22:28:22] -- [INFO ]: [springfox.documentation.spring.web.PropertySourcedRequestMappingHandlerMapping] -- Mapped URL path [/api-docs] onto method [public org.springframework.http.ResponseEntity<springfox.documentation.spring.web.json.Json> springfox.documentation.swagger2.web.Swagger2Controller.getDocumentation(java.lang.String,javax.servlet.http.HttpServletRequest)]
[2018-11-13 22:28:23] -- [INFO ]: [springfox.documentation.spring.web.plugins.DocumentationPluginsBootstrapper] -- Context refreshed
[2018-11-13 22:28:23] -- [INFO ]: [springfox.documentation.spring.web.plugins.DocumentationPluginsBootstrapper] -- Found 1 custom documentation plugin(s)
[2018-11-13 22:28:23] -- [INFO ]: [springfox.documentation.spring.web.scanners.ApiListingReferenceScanner] -- Scanning for api listing references
[2018-11-13 22:28:23] -- [INFO ]: [org.apache.coyote.http11.Http11NioProtocol] -- Starting ProtocolHandler ["http-nio-8080"]
[2018-11-13 22:28:24] -- [INFO ]: [com.example.jwt.JwtApplication] -- Started JwtApplication in 15.835 seconds (JVM running for 16.734)
